<?xml version="1.0" encoding="UTF-8"?>
<coverage generated="1519597052624" clover="3.2.0">
  <project timestamp="1519597052625" name="All files">
    <metrics statements="157" coveredstatements="52" conditionals="186" coveredconditionals="46" methods="59" coveredmethods="8" elements="402" coveredelements="106" complexity="0" loc="157" ncloc="157" packages="10" files="27" classes="27">
      <package name="assets">
        <metrics statements="3" coveredstatements="3" conditionals="0" coveredconditionals="0" methods="0" coveredmethods="0"/>
        <file name="bg.png" path="/Users/martincerny/sites/monyl/assets/bg.png">
          <metrics statements="1" coveredstatements="1" conditionals="0" coveredconditionals="0" methods="0" coveredmethods="0"/>
          <line num="1" count="1" type="stmt"/>
        </file>
        <file name="header-logo.png" path="/Users/martincerny/sites/monyl/assets/header-logo.png">
          <metrics statements="1" coveredstatements="1" conditionals="0" coveredconditionals="0" methods="0" coveredmethods="0"/>
          <line num="1" count="1" type="stmt"/>
        </file>
        <file name="logo.png" path="/Users/martincerny/sites/monyl/assets/logo.png">
          <metrics statements="1" coveredstatements="1" conditionals="0" coveredconditionals="0" methods="0" coveredmethods="0"/>
          <line num="1" count="1" type="stmt"/>
        </file>
      </package>
      <package name="assets.NewsIcons">
        <metrics statements="10" coveredstatements="10" conditionals="0" coveredconditionals="0" methods="0" coveredmethods="0"/>
        <file name="1.jpg" path="/Users/martincerny/sites/monyl/assets/NewsIcons/1.jpg">
          <metrics statements="1" coveredstatements="1" conditionals="0" coveredconditionals="0" methods="0" coveredmethods="0"/>
          <line num="1" count="1" type="stmt"/>
        </file>
        <file name="10.jpg" path="/Users/martincerny/sites/monyl/assets/NewsIcons/10.jpg">
          <metrics statements="1" coveredstatements="1" conditionals="0" coveredconditionals="0" methods="0" coveredmethods="0"/>
          <line num="1" count="1" type="stmt"/>
        </file>
        <file name="11.jpg" path="/Users/martincerny/sites/monyl/assets/NewsIcons/11.jpg">
          <metrics statements="1" coveredstatements="1" conditionals="0" coveredconditionals="0" methods="0" coveredmethods="0"/>
          <line num="1" count="1" type="stmt"/>
        </file>
        <file name="12.jpg" path="/Users/martincerny/sites/monyl/assets/NewsIcons/12.jpg">
          <metrics statements="1" coveredstatements="1" conditionals="0" coveredconditionals="0" methods="0" coveredmethods="0"/>
          <line num="1" count="1" type="stmt"/>
        </file>
        <file name="13.jpg" path="/Users/martincerny/sites/monyl/assets/NewsIcons/13.jpg">
          <metrics statements="1" coveredstatements="1" conditionals="0" coveredconditionals="0" methods="0" coveredmethods="0"/>
          <line num="1" count="1" type="stmt"/>
        </file>
        <file name="2.jpg" path="/Users/martincerny/sites/monyl/assets/NewsIcons/2.jpg">
          <metrics statements="1" coveredstatements="1" conditionals="0" coveredconditionals="0" methods="0" coveredmethods="0"/>
          <line num="1" count="1" type="stmt"/>
        </file>
        <file name="6.jpg" path="/Users/martincerny/sites/monyl/assets/NewsIcons/6.jpg">
          <metrics statements="1" coveredstatements="1" conditionals="0" coveredconditionals="0" methods="0" coveredmethods="0"/>
          <line num="1" count="1" type="stmt"/>
        </file>
        <file name="7.jpg" path="/Users/martincerny/sites/monyl/assets/NewsIcons/7.jpg">
          <metrics statements="1" coveredstatements="1" conditionals="0" coveredconditionals="0" methods="0" coveredmethods="0"/>
          <line num="1" count="1" type="stmt"/>
        </file>
        <file name="8.jpg" path="/Users/martincerny/sites/monyl/assets/NewsIcons/8.jpg">
          <metrics statements="1" coveredstatements="1" conditionals="0" coveredconditionals="0" methods="0" coveredmethods="0"/>
          <line num="1" count="1" type="stmt"/>
        </file>
        <file name="9.jpg" path="/Users/martincerny/sites/monyl/assets/NewsIcons/9.jpg">
          <metrics statements="1" coveredstatements="1" conditionals="0" coveredconditionals="0" methods="0" coveredmethods="0"/>
          <line num="1" count="1" type="stmt"/>
        </file>
      </package>
      <package name="jest">
        <metrics statements="1" coveredstatements="1" conditionals="0" coveredconditionals="0" methods="0" coveredmethods="0"/>
        <file name="setup.js" path="/Users/martincerny/sites/monyl/jest/setup.js">
          <metrics statements="1" coveredstatements="1" conditionals="0" coveredconditionals="0" methods="0" coveredmethods="0"/>
          <line num="4" count="2" type="stmt"/>
        </file>
      </package>
      <package name="src.components.ActionSheetPicker">
        <metrics statements="9" coveredstatements="1" conditionals="2" coveredconditionals="0" methods="3" coveredmethods="0"/>
        <file name="index.ios.js" path="/Users/martincerny/sites/monyl/src/components/ActionSheetPicker/index.ios.js">
          <metrics statements="9" coveredstatements="1" conditionals="2" coveredconditionals="0" methods="3" coveredmethods="0"/>
          <line num="15" count="0" type="stmt"/>
          <line num="16" count="0" type="stmt"/>
          <line num="17" count="0" type="stmt"/>
          <line num="21" count="0" type="stmt"/>
          <line num="23" count="0" type="stmt"/>
          <line num="29" count="0" type="cond" truecount="0" falsecount="2"/>
          <line num="30" count="0" type="stmt"/>
          <line num="37" count="0" type="stmt"/>
          <line num="47" count="1" type="stmt"/>
        </file>
      </package>
      <package name="src.components.form.InputField">
        <metrics statements="7" coveredstatements="4" conditionals="18" coveredconditionals="2" methods="2" coveredmethods="0"/>
        <file name="index.js" path="/Users/martincerny/sites/monyl/src/components/form/InputField/index.js">
          <metrics statements="4" coveredstatements="1" conditionals="14" coveredconditionals="0" methods="2" coveredmethods="0"/>
          <line num="11" count="1" type="stmt"/>
          <line num="12" count="0" type="stmt"/>
          <line num="13" count="0" type="stmt"/>
          <line num="28" count="0" type="stmt"/>
        </file>
        <file name="styles.js" path="/Users/martincerny/sites/monyl/src/components/form/InputField/styles.js">
          <metrics statements="3" coveredstatements="3" conditionals="4" coveredconditionals="2" methods="0" coveredmethods="0"/>
          <line num="1" count="1" type="stmt"/>
          <line num="3" count="1" type="stmt"/>
          <line num="4" count="1" type="stmt"/>
        </file>
      </package>
      <package name="src.reducers">
        <metrics statements="9" coveredstatements="4" conditionals="5" coveredconditionals="0" methods="2" coveredmethods="1"/>
        <file name="localesReducer.js" path="/Users/martincerny/sites/monyl/src/reducers/localesReducer.js">
          <metrics statements="9" coveredstatements="4" conditionals="5" coveredconditionals="0" methods="2" coveredmethods="1"/>
          <line num="4" count="1" type="stmt"/>
          <line num="6" count="1" type="stmt"/>
          <line num="13" count="1" type="stmt"/>
          <line num="20" count="1" type="stmt"/>
          <line num="28" count="0" type="cond" truecount="0" falsecount="2"/>
          <line num="30" count="0" type="cond" truecount="0" falsecount="2"/>
          <line num="32" count="0" type="stmt"/>
          <line num="38" count="0" type="stmt"/>
          <line num="44" count="0" type="stmt"/>
        </file>
      </package>
      <package name="src.screens.Channels">
        <metrics statements="48" coveredstatements="13" conditionals="62" coveredconditionals="11" methods="35" coveredmethods="2"/>
        <file name="index.js" path="/Users/martincerny/sites/monyl/src/screens/Channels/index.js">
          <metrics statements="4" coveredstatements="3" conditionals="0" coveredconditionals="0" methods="2" coveredmethods="1"/>
          <line num="24" count="1" type="stmt"/>
          <line num="30" count="1" type="stmt"/>
          <line num="31" count="1" type="stmt"/>
          <line num="34" count="0" type="stmt"/>
        </file>
        <file name="styles.js" path="/Users/martincerny/sites/monyl/src/screens/Channels/styles.js">
          <metrics statements="5" coveredstatements="5" conditionals="2" coveredconditionals="1" methods="0" coveredmethods="0"/>
          <line num="1" count="1" type="stmt"/>
          <line num="3" count="1" type="stmt"/>
          <line num="5" count="1" type="stmt"/>
          <line num="7" count="1" type="stmt"/>
          <line num="8" count="1" type="stmt"/>
        </file>
        <file name="tabOne.js" path="/Users/martincerny/sites/monyl/src/screens/Channels/tabOne.js">
          <metrics statements="13" coveredstatements="3" conditionals="20" coveredconditionals="10" methods="11" coveredmethods="1"/>
          <line num="14" count="1" type="stmt"/>
          <line num="15" count="1" type="stmt"/>
          <line num="16" count="1" type="stmt"/>
          <line num="22" count="0" type="stmt"/>
          <line num="38" count="0" type="stmt"/>
          <line num="56" count="0" type="stmt"/>
          <line num="72" count="0" type="stmt"/>
          <line num="90" count="0" type="stmt"/>
          <line num="106" count="0" type="stmt"/>
          <line num="124" count="0" type="stmt"/>
          <line num="140" count="0" type="stmt"/>
          <line num="158" count="0" type="stmt"/>
          <line num="174" count="0" type="stmt"/>
        </file>
        <file name="tabThree.js" path="/Users/martincerny/sites/monyl/src/screens/Channels/tabThree.js">
          <metrics statements="13" coveredstatements="1" conditionals="20" coveredconditionals="0" methods="11" coveredmethods="0"/>
          <line num="14" count="1" type="stmt"/>
          <line num="15" count="0" type="stmt"/>
          <line num="16" count="0" type="stmt"/>
          <line num="22" count="0" type="stmt"/>
          <line num="38" count="0" type="stmt"/>
          <line num="56" count="0" type="stmt"/>
          <line num="72" count="0" type="stmt"/>
          <line num="90" count="0" type="stmt"/>
          <line num="106" count="0" type="stmt"/>
          <line num="124" count="0" type="stmt"/>
          <line num="140" count="0" type="stmt"/>
          <line num="158" count="0" type="stmt"/>
          <line num="174" count="0" type="stmt"/>
        </file>
        <file name="tabTwo.js" path="/Users/martincerny/sites/monyl/src/screens/Channels/tabTwo.js">
          <metrics statements="13" coveredstatements="1" conditionals="20" coveredconditionals="0" methods="11" coveredmethods="0"/>
          <line num="13" count="1" type="stmt"/>
          <line num="14" count="0" type="stmt"/>
          <line num="15" count="0" type="stmt"/>
          <line num="21" count="0" type="stmt"/>
          <line num="37" count="0" type="stmt"/>
          <line num="55" count="0" type="stmt"/>
          <line num="71" count="0" type="stmt"/>
          <line num="89" count="0" type="stmt"/>
          <line num="105" count="0" type="stmt"/>
          <line num="123" count="0" type="stmt"/>
          <line num="139" count="0" type="stmt"/>
          <line num="157" count="0" type="stmt"/>
          <line num="173" count="0" type="stmt"/>
        </file>
      </package>
      <package name="src.screens.Login">
        <metrics statements="12" coveredstatements="9" conditionals="8" coveredconditionals="3" methods="6" coveredmethods="5"/>
        <file name="Login.js" path="/Users/martincerny/sites/monyl/src/screens/Login/Login.js">
          <metrics statements="11" coveredstatements="8" conditionals="4" coveredconditionals="1" methods="6" coveredmethods="5"/>
          <line num="16" count="1" type="stmt"/>
          <line num="17" count="1" type="stmt"/>
          <line num="27" count="0" type="cond" truecount="0" falsecount="2"/>
          <line num="28" count="0" type="stmt"/>
          <line num="30" count="0" type="stmt"/>
          <line num="40" count="1" type="stmt"/>
          <line num="44" count="1" type="stmt"/>
          <line num="48" count="1" type="stmt"/>
          <line num="52" count="1" type="stmt"/>
          <line num="56" count="5" type="stmt"/>
          <line num="57" count="5" type="stmt"/>
        </file>
        <file name="styles.js" path="/Users/martincerny/sites/monyl/src/screens/Login/styles.js">
          <metrics statements="1" coveredstatements="1" conditionals="4" coveredconditionals="2" methods="0" coveredmethods="0"/>
          <line num="3" count="1" type="stmt"/>
        </file>
      </package>
      <package name="src.theme.variables">
        <metrics statements="32" coveredstatements="6" conditionals="62" coveredconditionals="30" methods="0" coveredmethods="0"/>
        <file name="commonColor.js" path="/Users/martincerny/sites/monyl/src/theme/variables/commonColor.js">
          <metrics statements="32" coveredstatements="6" conditionals="62" coveredconditionals="30" methods="0" coveredmethods="0"/>
          <line num="5" count="2" type="stmt"/>
          <line num="7" count="2" type="stmt"/>
          <line num="8" count="2" type="stmt"/>
          <line num="9" count="2" type="stmt"/>
          <line num="10" count="2" type="stmt"/>
          <line num="11" count="2" type="stmt"/>
          <line num="45" count="0" type="stmt"/>
          <line num="49" count="0" type="stmt"/>
          <line num="52" count="0" type="stmt"/>
          <line num="55" count="0" type="stmt"/>
          <line num="58" count="0" type="stmt"/>
          <line num="61" count="0" type="stmt"/>
          <line num="64" count="0" type="stmt"/>
          <line num="67" count="0" type="stmt"/>
          <line num="70" count="0" type="stmt"/>
          <line num="73" count="0" type="stmt"/>
          <line num="76" count="0" type="stmt"/>
          <line num="79" count="0" type="cond" truecount="0" falsecount="2"/>
          <line num="82" count="0" type="stmt"/>
          <line num="85" count="0" type="stmt"/>
          <line num="88" count="0" type="stmt"/>
          <line num="94" count="0" type="stmt"/>
          <line num="97" count="0" type="stmt"/>
          <line num="117" count="0" type="stmt"/>
          <line num="120" count="0" type="stmt"/>
          <line num="123" count="0" type="stmt"/>
          <line num="159" count="0" type="stmt"/>
          <line num="175" count="0" type="stmt"/>
          <line num="178" count="0" type="stmt"/>
          <line num="186" count="0" type="stmt"/>
          <line num="226" count="0" type="stmt"/>
          <line num="258" count="0" type="stmt"/>
        </file>
      </package>
      <package name="src.utils.validator">
        <metrics statements="26" coveredstatements="1" conditionals="29" coveredconditionals="0" methods="11" coveredmethods="0"/>
        <file name="index.js" path="/Users/martincerny/sites/monyl/src/utils/validator/index.js">
          <metrics statements="26" coveredstatements="1" conditionals="29" coveredconditionals="0" methods="11" coveredmethods="0"/>
          <line num="4" count="1" type="cond" truecount="0" falsecount="3"/>
          <line num="9" count="0" type="cond" truecount="0" falsecount="2"/>
          <line num="10" count="0" type="stmt"/>
          <line num="12" count="0" type="stmt"/>
          <line num="16" count="0" type="cond" truecount="0" falsecount="2"/>
          <line num="20" count="0" type="stmt"/>
          <line num="22" count="0" type="stmt"/>
          <line num="41" count="0" type="cond" truecount="0" falsecount="2"/>
          <line num="42" count="0" type="stmt"/>
          <line num="46" count="0" type="stmt"/>
          <line num="47" count="0" type="cond" truecount="0" falsecount="2"/>
          <line num="59" count="0" type="stmt"/>
          <line num="60" count="0" type="cond" truecount="0" falsecount="4"/>
          <line num="61" count="0" type="stmt"/>
          <line num="63" count="0" type="stmt"/>
          <line num="68" count="0" type="stmt"/>
          <line num="69" count="0" type="cond" truecount="0" falsecount="4"/>
          <line num="70" count="0" type="stmt"/>
          <line num="72" count="0" type="stmt"/>
          <line num="77" count="0" type="stmt"/>
          <line num="78" count="0" type="cond" truecount="0" falsecount="2"/>
          <line num="79" count="0" type="cond" truecount="0" falsecount="2"/>
          <line num="81" count="0" type="stmt"/>
          <line num="93" count="0" type="cond" truecount="0" falsecount="4"/>
          <line num="94" count="0" type="stmt"/>
          <line num="96" count="0" type="stmt"/>
        </file>
      </package>
    </metrics>
  </project>
</coverage>
