{"/Volumes/sites/monyl/src/RootComponent.js": {"path":"/Volumes/sites/monyl/src/RootComponent.js","statementMap":{"0":{"start":{"line":1,"column":13},"end":{"line":1,"column":75}},"1":{"start":{"line":1,"column":75},"end":{"line":1,"column":100}},"2":{"start":{"line":3,"column":13},"end":{"line":3,"column":65}},"3":{"start":{"line":4,"column":18},"end":{"line":4,"column":40}},"4":{"start":{"line":6,"column":17},"end":{"line":6,"column":83}},"5":{"start":{"line":6,"column":103},"end":{"line":6,"column":146}},"6":{"start":{"line":8,"column":0},"end":{"line":10,"column":114}},"7":{"start":{"line":8,"column":21},"end":{"line":10,"column":113}},"8":{"start":{"line":10,"column":115},"end":{"line":10,"column":142}}},"fnMap":{"0":{"name":"_default","decl":{"start":{"line":8,"column":9},"end":{"line":8,"column":17}},"loc":{"start":{"line":8,"column":20},"end":{"line":10,"column":114}},"line":8}},"branchMap":{},"s":{"0":0,"1":0,"2":0,"3":0,"4":0,"5":0,"6":0,"7":0,"8":0},"f":{"0":0},"b":{}}
,"/Volumes/sites/monyl/src/types.js": {"path":"/Volumes/sites/monyl/src/types.js","statementMap":{},"fnMap":{},"branchMap":{},"s":{},"f":{},"b":{}}
,"/Volumes/sites/monyl/src/boot/configureStore.js": {"path":"/Volumes/sites/monyl/src/boot/configureStore.js","statementMap":{"0":{"start":{"line":1,"column":13},"end":{"line":1,"column":75}},"1":{"start":{"line":1,"column":75},"end":{"line":1,"column":108}},"2":{"start":{"line":3,"column":19},"end":{"line":3,"column":42}},"3":{"start":{"line":4,"column":27},"end":{"line":4,"column":95}},"4":{"start":{"line":5,"column":13},"end":{"line":5,"column":29}},"5":{"start":{"line":6,"column":20},"end":{"line":6,"column":44}},"6":{"start":{"line":7,"column":18},"end":{"line":7,"column":76}},"7":{"start":{"line":9,"column":16},"end":{"line":9,"column":74}},"8":{"start":{"line":11,"column":20},"end":{"line":13,"column":38}},"9":{"start":{"line":16,"column":23},"end":{"line":16,"column":98}},"10":{"start":{"line":19,"column":23},"end":{"line":19,"column":25}},"11":{"start":{"line":20,"column":17},"end":{"line":24,"column":22}},"12":{"start":{"line":30,"column":14},"end":{"line":30,"column":81}},"13":{"start":{"line":31,"column":18},"end":{"line":31,"column":56}},"14":{"start":{"line":34,"column":2},"end":{"line":34,"column":48}}},"fnMap":{"0":{"name":"configureStore","decl":{"start":{"line":18,"column":9},"end":{"line":18,"column":23}},"loc":{"start":{"line":18,"column":26},"end":{"line":35,"column":1}},"line":18}},"branchMap":{},"s":{"0":0,"1":0,"2":0,"3":0,"4":0,"5":0,"6":0,"7":0,"8":0,"9":0,"10":0,"11":0,"12":0,"13":0,"14":0},"f":{"0":0},"b":{}}
,"/Volumes/sites/monyl/src/components/ActionSheetPicker/index.android.js": {"path":"/Volumes/sites/monyl/src/components/ActionSheetPicker/index.android.js","statementMap":{"0":{"start":{"line":1,"column":13},"end":{"line":1,"column":75}},"1":{"start":{"line":1,"column":75},"end":{"line":1,"column":100}},"2":{"start":{"line":3,"column":13},"end":{"line":3,"column":65}},"3":{"start":{"line":4,"column":19},"end":{"line":4,"column":42}},"4":{"start":{"line":4,"column":62},"end":{"line":4,"column":134}},"5":{"start":{"line":12,"column":0},"end":{"line":20,"column":174}},"6":{"start":{"line":12,"column":26},"end":{"line":20,"column":173}},"7":{"start":{"line":16,"column":56},"end":{"line":16,"column":89}},"8":{"start":{"line":19,"column":54},"end":{"line":20,"column":167}},"9":{"start":{"line":20,"column":175},"end":{"line":20,"column":202}},"10":{"start":{"line":26,"column":12},"end":{"line":30,"column":18}}},"fnMap":{"0":{"name":"_default","decl":{"start":{"line":12,"column":9},"end":{"line":12,"column":17}},"loc":{"start":{"line":12,"column":25},"end":{"line":20,"column":174}},"line":12},"1":{"name":"onValueChange","decl":{"start":{"line":16,"column":30},"end":{"line":16,"column":43}},"loc":{"start":{"line":16,"column":55},"end":{"line":16,"column":90}},"line":16},"2":{"name":"(anonymous_2)","decl":{"start":{"line":19,"column":35},"end":{"line":19,"column":36}},"loc":{"start":{"line":19,"column":53},"end":{"line":20,"column":168}},"line":19}},"branchMap":{},"s":{"0":0,"1":0,"2":0,"3":0,"4":0,"5":0,"6":0,"7":0,"8":0,"9":0,"10":0},"f":{"0":0,"1":0,"2":0},"b":{}}
,"/Volumes/sites/monyl/src/components/ActionSheetPicker/index.ios.js": {"path":"/Volumes/sites/monyl/src/components/ActionSheetPicker/index.ios.js","statementMap":{"0":{"start":{"line":1,"column":13},"end":{"line":1,"column":75}},"1":{"start":{"line":1,"column":75},"end":{"line":1,"column":100}},"2":{"start":{"line":3,"column":13},"end":{"line":3,"column":66}},"3":{"start":{"line":4,"column":19},"end":{"line":4,"column":42}},"4":{"start":{"line":9,"column":12},"end":{"line":9,"column":75}},"5":{"start":{"line":9,"column":95},"end":{"line":9,"column":163}},"6":{"start":{"line":17,"column":14},"end":{"line":46,"column":48}},"7":{"start":{"line":17,"column":37},"end":{"line":17,"column":84}},"8":{"start":{"line":17,"column":144},"end":{"line":17,"column":191}},"9":{"start":{"line":17,"column":191},"end":{"line":17,"column":311}},"10":{"start":{"line":17,"column":281},"end":{"line":17,"column":310}},"11":{"start":{"line":17,"column":311},"end":{"line":17,"column":487}},"12":{"start":{"line":17,"column":487},"end":{"line":36,"column":6}},"13":{"start":{"line":19,"column":16},"end":{"line":19,"column":35}},"14":{"start":{"line":21,"column":19},"end":{"line":21,"column":41}},"15":{"start":{"line":22,"column":6},"end":{"line":22,"column":53}},"16":{"start":{"line":23,"column":17},"end":{"line":23,"column":37}},"17":{"start":{"line":25,"column":6},"end":{"line":34,"column":9}},"18":{"start":{"line":31,"column":8},"end":{"line":33,"column":9}},"19":{"start":{"line":32,"column":10},"end":{"line":32,"column":50}},"20":{"start":{"line":36,"column":6},"end":{"line":36,"column":19}},"21":{"start":{"line":36,"column":20},"end":{"line":46,"column":10}},"22":{"start":{"line":39,"column":6},"end":{"line":42,"column":36}},"23":{"start":{"line":46,"column":10},"end":{"line":46,"column":29}},"24":{"start":{"line":49,"column":12},"end":{"line":52,"column":22}},"25":{"start":{"line":56,"column":0},"end":{"line":56,"column":11}},"26":{"start":{"line":56,"column":12},"end":{"line":56,"column":39}}},"fnMap":{"0":{"name":"(anonymous_0)","decl":{"start":{"line":17,"column":14},"end":{"line":17,"column":15}},"loc":{"start":{"line":17,"column":36},"end":{"line":46,"column":30}},"line":17},"1":{"name":"ActionSheet","decl":{"start":{"line":17,"column":93},"end":{"line":17,"column":104}},"loc":{"start":{"line":17,"column":107},"end":{"line":36,"column":20}},"line":17},"2":{"name":"(anonymous_2)","decl":{"start":{"line":18,"column":22},"end":{"line":18,"column":23}},"loc":{"start":{"line":18,"column":34},"end":{"line":36,"column":5}},"line":18},"3":{"name":"(anonymous_3)","decl":{"start":{"line":30,"column":6},"end":{"line":30,"column":7}},"loc":{"start":{"line":30,"column":29},"end":{"line":34,"column":7}},"line":30},"4":{"name":"render","decl":{"start":{"line":36,"column":92},"end":{"line":36,"column":98}},"loc":{"start":{"line":38,"column":4},"end":{"line":46,"column":5}},"line":38}},"branchMap":{"0":{"loc":{"start":{"line":31,"column":8},"end":{"line":33,"column":9}},"type":"if","locations":[{"start":{"line":31,"column":8},"end":{"line":33,"column":9}},{"start":{"line":31,"column":8},"end":{"line":33,"column":9}}],"line":31}},"s":{"0":1,"1":1,"2":1,"3":1,"4":1,"5":1,"6":1,"7":1,"8":0,"9":0,"10":0,"11":0,"12":0,"13":0,"14":0,"15":0,"16":0,"17":0,"18":0,"19":0,"20":0,"21":1,"22":0,"23":1,"24":1,"25":1,"26":1},"f":{"0":1,"1":0,"2":0,"3":0,"4":0},"b":{"0":[0,0]},"_coverageSchema":"332fd63041d2c1bcb487cc26dd0d5f7d97098a6c","hash":"79fb37d99afb4f4efaa42d211a42d0726b171099"}
,"/Volumes/sites/monyl/src/components/form/InputField/InputField.js": {"path":"/Volumes/sites/monyl/src/components/form/InputField/InputField.js","statementMap":{"0":{"start":{"line":1,"column":13},"end":{"line":1,"column":75}},"1":{"start":{"line":1,"column":75},"end":{"line":1,"column":100}},"2":{"start":{"line":3,"column":13},"end":{"line":3,"column":65}},"3":{"start":{"line":4,"column":18},"end":{"line":4,"column":40}},"4":{"start":{"line":8,"column":14},"end":{"line":8,"column":69}},"5":{"start":{"line":8,"column":89},"end":{"line":8,"column":156}},"6":{"start":{"line":18,"column":17},"end":{"line":44,"column":1}},"7":{"start":{"line":21,"column":2},"end":{"line":21,"column":13}},"8":{"start":{"line":21,"column":21},"end":{"line":21,"column":31}},"9":{"start":{"line":21,"column":39},"end":{"line":21,"column":49}},"10":{"start":{"line":21,"column":68},"end":{"line":21,"column":89}},"11":{"start":{"line":21,"column":98},"end":{"line":21,"column":109}},"12":{"start":{"line":23,"column":16},"end":{"line":23,"column":43}},"13":{"start":{"line":24,"column":14},"end":{"line":24,"column":39}},"14":{"start":{"line":26,"column":2},"end":{"line":38,"column":39}},"15":{"start":{"line":46,"column":0},"end":{"line":46,"column":10}},"16":{"start":{"line":46,"column":11},"end":{"line":46,"column":38}}},"fnMap":{"0":{"name":"InputField","decl":{"start":{"line":18,"column":26},"end":{"line":18,"column":36}},"loc":{"start":{"line":18,"column":44},"end":{"line":44,"column":1}},"line":18}},"branchMap":{"0":{"loc":{"start":{"line":23,"column":16},"end":{"line":23,"column":43}},"type":"cond-expr","locations":[{"start":{"line":23,"column":23},"end":{"line":23,"column":35}},{"start":{"line":23,"column":38},"end":{"line":23,"column":43}}],"line":23},"1":{"loc":{"start":{"line":24,"column":14},"end":{"line":24,"column":39}},"type":"cond-expr","locations":[{"start":{"line":24,"column":21},"end":{"line":24,"column":31}},{"start":{"line":24,"column":34},"end":{"line":24,"column":39}}],"line":24},"2":{"loc":{"start":{"line":28,"column":60},"end":{"line":28,"column":76}},"type":"binary-expr","locations":[{"start":{"line":28,"column":60},"end":{"line":28,"column":65}},{"start":{"line":28,"column":69},"end":{"line":28,"column":76}}],"line":28},"3":{"loc":{"start":{"line":29,"column":4},"end":{"line":29,"column":142}},"type":"binary-expr","locations":[{"start":{"line":29,"column":4},"end":{"line":29,"column":8}},{"start":{"line":29,"column":12},"end":{"line":29,"column":142}}],"line":29},"4":{"loc":{"start":{"line":38,"column":4},"end":{"line":38,"column":33}},"type":"cond-expr","locations":[{"start":{"line":38,"column":23},"end":{"line":38,"column":28}},{"start":{"line":38,"column":31},"end":{"line":38,"column":33}}],"line":38},"5":{"loc":{"start":{"line":38,"column":4},"end":{"line":38,"column":20}},"type":"binary-expr","locations":[{"start":{"line":38,"column":4},"end":{"line":38,"column":11}},{"start":{"line":38,"column":15},"end":{"line":38,"column":20}}],"line":38}},"s":{"0":4,"1":4,"2":4,"3":4,"4":4,"5":4,"6":4,"7":5,"8":5,"9":5,"10":5,"11":5,"12":5,"13":5,"14":5,"15":4,"16":4},"f":{"0":5},"b":{"0":[5,0],"1":[5,0],"2":[5,3],"3":[5,1],"4":[1,4],"5":[5,3]},"_coverageSchema":"332fd63041d2c1bcb487cc26dd0d5f7d97098a6c","hash":"63a654347c2803cb13323b89adb631c92819570c"}
,"/Volumes/sites/monyl/src/components/form/InputField/index.js": {"path":"/Volumes/sites/monyl/src/components/form/InputField/index.js","statementMap":{"0":{"start":{"line":1,"column":13},"end":{"line":1,"column":75}},"1":{"start":{"line":1,"column":75},"end":{"line":1,"column":190}},"2":{"start":{"line":1,"column":158},"end":{"line":1,"column":185}},"3":{"start":{"line":3,"column":18},"end":{"line":3,"column":77}}},"fnMap":{"0":{"name":"get","decl":{"start":{"line":1,"column":151},"end":{"line":1,"column":154}},"loc":{"start":{"line":1,"column":157},"end":{"line":1,"column":186}},"line":1}},"branchMap":{},"s":{"0":3,"1":3,"2":25,"3":3},"f":{"0":25},"b":{},"_coverageSchema":"332fd63041d2c1bcb487cc26dd0d5f7d97098a6c","hash":"6521411295df6e5e85fd39f70543b93d798c9412"}
,"/Volumes/sites/monyl/src/components/form/InputField/styles.js": {"path":"/Volumes/sites/monyl/src/components/form/InputField/styles.js","statementMap":{"0":{"start":{"line":1,"column":13},"end":{"line":1,"column":75}},"1":{"start":{"line":1,"column":75},"end":{"line":1,"column":100}},"2":{"start":{"line":3,"column":19},"end":{"line":3,"column":42}},"3":{"start":{"line":5,"column":19},"end":{"line":5,"column":102}},"4":{"start":{"line":7,"column":0},"end":{"line":23,"column":27}},"5":{"start":{"line":23,"column":28},"end":{"line":23,"column":55}}},"fnMap":{},"branchMap":{},"s":{"0":4,"1":4,"2":4,"3":4,"4":4,"5":4},"f":{},"b":{},"_coverageSchema":"332fd63041d2c1bcb487cc26dd0d5f7d97098a6c","hash":"3972f13c4c6b0316588704fb198cb437a377bb56"}
,"/Volumes/sites/monyl/src/components/header/CustomHeader/CustomHeader.js": {"path":"/Volumes/sites/monyl/src/components/header/CustomHeader/CustomHeader.js","statementMap":{"0":{"start":{"line":1,"column":13},"end":{"line":1,"column":75}},"1":{"start":{"line":1,"column":75},"end":{"line":1,"column":100}},"2":{"start":{"line":3,"column":13},"end":{"line":3,"column":65}},"3":{"start":{"line":4,"column":19},"end":{"line":4,"column":42}},"4":{"start":{"line":5,"column":18},"end":{"line":5,"column":40}},"5":{"start":{"line":10,"column":14},"end":{"line":10,"column":69}},"6":{"start":{"line":10,"column":89},"end":{"line":10,"column":162}},"7":{"start":{"line":17,"column":19},"end":{"line":34,"column":1}},"8":{"start":{"line":18,"column":15},"end":{"line":18,"column":42}},"9":{"start":{"line":19,"column":2},"end":{"line":31,"column":112}},"10":{"start":{"line":23,"column":103},"end":{"line":23,"column":123}},"11":{"start":{"line":36,"column":0},"end":{"line":37,"column":19}},"12":{"start":{"line":40,"column":0},"end":{"line":40,"column":12}},"13":{"start":{"line":40,"column":13},"end":{"line":40,"column":40}}},"fnMap":{"0":{"name":"CustomHeader","decl":{"start":{"line":17,"column":28},"end":{"line":17,"column":40}},"loc":{"start":{"line":17,"column":48},"end":{"line":34,"column":1}},"line":17},"1":{"name":"onPress","decl":{"start":{"line":23,"column":92},"end":{"line":23,"column":99}},"loc":{"start":{"line":23,"column":102},"end":{"line":23,"column":124}},"line":23}},"branchMap":{"0":{"loc":{"start":{"line":22,"column":4},"end":{"line":24,"column":137}},"type":"binary-expr","locations":[{"start":{"line":22,"column":4},"end":{"line":22,"column":14}},{"start":{"line":23,"column":4},"end":{"line":24,"column":137}}],"line":22}},"s":{"0":1,"1":1,"2":1,"3":1,"4":1,"5":1,"6":1,"7":1,"8":0,"9":0,"10":0,"11":1,"12":1,"13":1},"f":{"0":0,"1":0},"b":{"0":[0,0]},"_coverageSchema":"332fd63041d2c1bcb487cc26dd0d5f7d97098a6c","hash":"134bb3f40c99113ff5b9dbdf99cd5a1d74ababb0"}
,"/Volumes/sites/monyl/src/components/header/CustomHeader/index.js": {"path":"/Volumes/sites/monyl/src/components/header/CustomHeader/index.js","statementMap":{"0":{"start":{"line":1,"column":13},"end":{"line":1,"column":75}},"1":{"start":{"line":1,"column":75},"end":{"line":1,"column":100}},"2":{"start":{"line":3,"column":20},"end":{"line":3,"column":81}},"3":{"start":{"line":5,"column":0},"end":{"line":5,"column":21}},"4":{"start":{"line":5,"column":22},"end":{"line":5,"column":49}}},"fnMap":{},"branchMap":{},"s":{"0":1,"1":1,"2":1,"3":1,"4":1},"f":{},"b":{},"_coverageSchema":"332fd63041d2c1bcb487cc26dd0d5f7d97098a6c","hash":"89b0aacdb7c031accc70268234fa8f0c7accce47"}
,"/Volumes/sites/monyl/src/components/header/CustomHeader/styles.js": {"path":"/Volumes/sites/monyl/src/components/header/CustomHeader/styles.js","statementMap":{"0":{"start":{"line":1,"column":13},"end":{"line":1,"column":75}},"1":{"start":{"line":1,"column":75},"end":{"line":1,"column":100}},"2":{"start":{"line":3,"column":0},"end":{"line":9,"column":29}},"3":{"start":{"line":9,"column":30},"end":{"line":9,"column":57}}},"fnMap":{},"branchMap":{},"s":{"0":1,"1":1,"2":1,"3":1},"f":{},"b":{},"_coverageSchema":"332fd63041d2c1bcb487cc26dd0d5f7d97098a6c","hash":"8610b729617719ce781faa3ac421b990add9d508"}
,"/Volumes/sites/monyl/src/components/header/HeaderBack/HeaderBack.js": {"path":"/Volumes/sites/monyl/src/components/header/HeaderBack/HeaderBack.js","statementMap":{"0":{"start":{"line":1,"column":13},"end":{"line":1,"column":75}},"1":{"start":{"line":1,"column":75},"end":{"line":1,"column":100}},"2":{"start":{"line":3,"column":13},"end":{"line":3,"column":65}},"3":{"start":{"line":4,"column":18},"end":{"line":4,"column":40}},"4":{"start":{"line":9,"column":14},"end":{"line":9,"column":69}},"5":{"start":{"line":9,"column":89},"end":{"line":9,"column":158}},"6":{"start":{"line":16,"column":13},"end":{"line":39,"column":55}},"7":{"start":{"line":16,"column":42},"end":{"line":16,"column":94}},"8":{"start":{"line":16,"column":153},"end":{"line":16,"column":199}},"9":{"start":{"line":16,"column":199},"end":{"line":16,"column":319}},"10":{"start":{"line":16,"column":289},"end":{"line":16,"column":318}},"11":{"start":{"line":16,"column":319},"end":{"line":16,"column":494}},"12":{"start":{"line":16,"column":494},"end":{"line":23,"column":6}},"13":{"start":{"line":22,"column":6},"end":{"line":22,"column":42}},"14":{"start":{"line":23,"column":6},"end":{"line":23,"column":19}},"15":{"start":{"line":23,"column":20},"end":{"line":39,"column":10}},"16":{"start":{"line":26,"column":6},"end":{"line":36,"column":116}},"17":{"start":{"line":39,"column":10},"end":{"line":39,"column":28}},"18":{"start":{"line":39,"column":56},"end":{"line":39,"column":96}},"19":{"start":{"line":42,"column":0},"end":{"line":42,"column":10}},"20":{"start":{"line":42,"column":11},"end":{"line":42,"column":38}}},"fnMap":{"0":{"name":"(anonymous_0)","decl":{"start":{"line":16,"column":13},"end":{"line":16,"column":14}},"loc":{"start":{"line":16,"column":41},"end":{"line":39,"column":29}},"line":16},"1":{"name":"HeaderBack","decl":{"start":{"line":16,"column":103},"end":{"line":16,"column":113}},"loc":{"start":{"line":16,"column":116},"end":{"line":23,"column":20}},"line":16},"2":{"name":"(anonymous_2)","decl":{"start":{"line":21,"column":19},"end":{"line":21,"column":20}},"loc":{"start":{"line":21,"column":31},"end":{"line":23,"column":5}},"line":21},"3":{"name":"render","decl":{"start":{"line":23,"column":91},"end":{"line":23,"column":97}},"loc":{"start":{"line":25,"column":4},"end":{"line":39,"column":5}},"line":25}},"branchMap":{},"s":{"0":3,"1":3,"2":3,"3":3,"4":3,"5":3,"6":3,"7":3,"8":3,"9":3,"10":9,"11":3,"12":3,"13":1,"14":3,"15":3,"16":3,"17":3,"18":3,"19":3,"20":3},"f":{"0":3,"1":3,"2":1,"3":3},"b":{},"_coverageSchema":"332fd63041d2c1bcb487cc26dd0d5f7d97098a6c","hash":"336c061f55ef233b3498e89837ca73c25ca8e1de"}
,"/Volumes/sites/monyl/src/components/header/HeaderBack/index.js": {"path":"/Volumes/sites/monyl/src/components/header/HeaderBack/index.js","statementMap":{"0":{"start":{"line":1,"column":13},"end":{"line":1,"column":75}},"1":{"start":{"line":1,"column":75},"end":{"line":1,"column":190}},"2":{"start":{"line":1,"column":158},"end":{"line":1,"column":185}},"3":{"start":{"line":3,"column":18},"end":{"line":3,"column":77}}},"fnMap":{"0":{"name":"get","decl":{"start":{"line":1,"column":151},"end":{"line":1,"column":154}},"loc":{"start":{"line":1,"column":157},"end":{"line":1,"column":186}},"line":1}},"branchMap":{},"s":{"0":2,"1":2,"2":6,"3":2},"f":{"0":6},"b":{},"_coverageSchema":"332fd63041d2c1bcb487cc26dd0d5f7d97098a6c","hash":"e053049b4cc5d7e0aa54e1efa9d8e421b45e909b"}
,"/Volumes/sites/monyl/src/components/header/HeaderBack/styles.js": {"path":"/Volumes/sites/monyl/src/components/header/HeaderBack/styles.js","statementMap":{"0":{"start":{"line":1,"column":13},"end":{"line":1,"column":75}},"1":{"start":{"line":1,"column":75},"end":{"line":1,"column":100}},"2":{"start":{"line":3,"column":0},"end":{"line":5,"column":15}},"3":{"start":{"line":5,"column":16},"end":{"line":5,"column":43}}},"fnMap":{},"branchMap":{},"s":{"0":3,"1":3,"2":3,"3":3},"f":{},"b":{},"_coverageSchema":"332fd63041d2c1bcb487cc26dd0d5f7d97098a6c","hash":"e216e31a85f769cbd9a49066603664539421ee7d"}
,"/Volumes/sites/monyl/src/components/menu/SideBar/SideBar.js": {"path":"/Volumes/sites/monyl/src/components/menu/SideBar/SideBar.js","statementMap":{"0":{"start":{"line":1,"column":13},"end":{"line":1,"column":75}},"1":{"start":{"line":1,"column":75},"end":{"line":1,"column":100}},"2":{"start":{"line":1,"column":113},"end":{"line":1,"column":137}},"3":{"start":{"line":3,"column":14},"end":{"line":3,"column":66}},"4":{"start":{"line":4,"column":19},"end":{"line":4,"column":42}},"5":{"start":{"line":5,"column":23},"end":{"line":5,"column":50}},"6":{"start":{"line":7,"column":18},"end":{"line":7,"column":40}},"7":{"start":{"line":12,"column":14},"end":{"line":12,"column":69}},"8":{"start":{"line":12,"column":89},"end":{"line":12,"column":150}},"9":{"start":{"line":14,"column":18},"end":{"line":17,"column":83}},"10":{"start":{"line":24,"column":14},"end":{"line":61,"column":1}},"11":{"start":{"line":25,"column":15},"end":{"line":25,"column":31}},"12":{"start":{"line":26,"column":2},"end":{"line":54,"column":208}},"13":{"start":{"line":35,"column":8},"end":{"line":35,"column":36}},"14":{"start":{"line":48,"column":8},"end":{"line":48,"column":41}},"15":{"start":{"line":63,"column":0},"end":{"line":63,"column":7}},"16":{"start":{"line":63,"column":8},"end":{"line":63,"column":35}}},"fnMap":{"0":{"name":"SideBar","decl":{"start":{"line":24,"column":23},"end":{"line":24,"column":30}},"loc":{"start":{"line":24,"column":38},"end":{"line":61,"column":1}},"line":24},"1":{"name":"onPress","decl":{"start":{"line":34,"column":24},"end":{"line":34,"column":31}},"loc":{"start":{"line":34,"column":34},"end":{"line":36,"column":7}},"line":34},"2":{"name":"onPress","decl":{"start":{"line":47,"column":24},"end":{"line":47,"column":31}},"loc":{"start":{"line":47,"column":34},"end":{"line":49,"column":7}},"line":47}},"branchMap":{},"s":{"0":0,"1":0,"2":0,"3":0,"4":0,"5":0,"6":0,"7":0,"8":0,"9":0,"10":0,"11":0,"12":0,"13":0,"14":0,"15":0,"16":0},"f":{"0":0,"1":0,"2":0},"b":{}}
,"/Volumes/sites/monyl/src/components/menu/SideBar/index.js": {"path":"/Volumes/sites/monyl/src/components/menu/SideBar/index.js","statementMap":{"0":{"start":{"line":1,"column":13},"end":{"line":1,"column":75}},"1":{"start":{"line":1,"column":75},"end":{"line":1,"column":187}},"2":{"start":{"line":1,"column":158},"end":{"line":1,"column":182}},"3":{"start":{"line":3,"column":15},"end":{"line":3,"column":71}}},"fnMap":{"0":{"name":"get","decl":{"start":{"line":1,"column":151},"end":{"line":1,"column":154}},"loc":{"start":{"line":1,"column":157},"end":{"line":1,"column":183}},"line":1}},"branchMap":{},"s":{"0":0,"1":0,"2":0,"3":0},"f":{"0":0},"b":{}}
,"/Volumes/sites/monyl/src/components/menu/SideBar/styles.js": {"path":"/Volumes/sites/monyl/src/components/menu/SideBar/styles.js","statementMap":{"0":{"start":{"line":1,"column":13},"end":{"line":1,"column":75}},"1":{"start":{"line":1,"column":75},"end":{"line":1,"column":100}},"2":{"start":{"line":3,"column":19},"end":{"line":3,"column":42}},"3":{"start":{"line":5,"column":19},"end":{"line":5,"column":102}},"4":{"start":{"line":7,"column":0},"end":{"line":27,"column":68}},"5":{"start":{"line":27,"column":69},"end":{"line":27,"column":96}}},"fnMap":{},"branchMap":{"0":{"loc":{"start":{"line":9,"column":16},"end":{"line":9,"column":63}},"type":"cond-expr","locations":[{"start":{"line":9,"column":57},"end":{"line":9,"column":58}},{"start":{"line":9,"column":61},"end":{"line":9,"column":63}}],"line":9},"1":{"loc":{"start":{"line":10,"column":19},"end":{"line":10,"column":66}},"type":"cond-expr","locations":[{"start":{"line":10,"column":60},"end":{"line":10,"column":61}},{"start":{"line":10,"column":64},"end":{"line":10,"column":66}}],"line":10},"2":{"loc":{"start":{"line":11,"column":17},"end":{"line":11,"column":64}},"type":"cond-expr","locations":[{"start":{"line":11,"column":58},"end":{"line":11,"column":59}},{"start":{"line":11,"column":62},"end":{"line":11,"column":64}}],"line":11},"3":{"loc":{"start":{"line":12,"column":23},"end":{"line":12,"column":69}},"type":"cond-expr","locations":[{"start":{"line":12,"column":64},"end":{"line":12,"column":65}},{"start":{"line":12,"column":68},"end":{"line":12,"column":69}}],"line":12},"4":{"loc":{"start":{"line":27,"column":16},"end":{"line":27,"column":64}},"type":"cond-expr","locations":[{"start":{"line":27,"column":57},"end":{"line":27,"column":59}},{"start":{"line":27,"column":62},"end":{"line":27,"column":64}}],"line":27}},"s":{"0":0,"1":0,"2":0,"3":0,"4":0,"5":0},"f":{},"b":{"0":[0,0],"1":[0,0],"2":[0,0],"3":[0,0],"4":[0,0]}}
,"/Volumes/sites/monyl/src/reducers/index.js": {"path":"/Volumes/sites/monyl/src/reducers/index.js","statementMap":{"0":{"start":{"line":1,"column":13},"end":{"line":1,"column":75}},"1":{"start":{"line":1,"column":75},"end":{"line":1,"column":100}},"2":{"start":{"line":3,"column":17},"end":{"line":3,"column":38}},"3":{"start":{"line":6,"column":22},"end":{"line":6,"column":85}},"4":{"start":{"line":12,"column":0},"end":{"line":14,"column":36}},"5":{"start":{"line":14,"column":37},"end":{"line":14,"column":64}}},"fnMap":{},"branchMap":{},"s":{"0":0,"1":0,"2":0,"3":0,"4":0,"5":0},"f":{},"b":{}}
,"/Volumes/sites/monyl/src/reducers/localesReducer.js": {"path":"/Volumes/sites/monyl/src/reducers/localesReducer.js","statementMap":{"0":{"start":{"line":1,"column":13},"end":{"line":1,"column":75}},"1":{"start":{"line":1,"column":75},"end":{"line":1,"column":146}},"2":{"start":{"line":3,"column":12},"end":{"line":3,"column":72}},"3":{"start":{"line":6,"column":22},"end":{"line":6,"column":39}},"4":{"start":{"line":8,"column":19},"end":{"line":16,"column":1}},"5":{"start":{"line":9,"column":2},"end":{"line":9,"column":40}},"6":{"start":{"line":10,"column":2},"end":{"line":13,"column":39}},"7":{"start":{"line":16,"column":2},"end":{"line":16,"column":38}},"8":{"start":{"line":24,"column":19},"end":{"line":25,"column":23}},"9":{"start":{"line":25,"column":24},"end":{"line":25,"column":60}},"10":{"start":{"line":32,"column":0},"end":{"line":43,"column":1}},"11":{"start":{"line":32,"column":33},"end":{"line":32,"column":113}},"12":{"start":{"line":32,"column":127},"end":{"line":32,"column":174}},"13":{"start":{"line":33,"column":2},"end":{"line":41,"column":20}},"14":{"start":{"line":35,"column":6},"end":{"line":37,"column":55}},"15":{"start":{"line":41,"column":6},"end":{"line":41,"column":19}},"16":{"start":{"line":43,"column":2},"end":{"line":43,"column":29}}},"fnMap":{"0":{"name":"updateLocale","decl":{"start":{"line":8,"column":28},"end":{"line":8,"column":40}},"loc":{"start":{"line":8,"column":56},"end":{"line":16,"column":1}},"line":8},"1":{"name":"_default","decl":{"start":{"line":32,"column":9},"end":{"line":32,"column":17}},"loc":{"start":{"line":32,"column":20},"end":{"line":43,"column":1}},"line":32}},"branchMap":{"0":{"loc":{"start":{"line":32,"column":33},"end":{"line":32,"column":113}},"type":"cond-expr","locations":[{"start":{"line":32,"column":86},"end":{"line":32,"column":98}},{"start":{"line":32,"column":101},"end":{"line":32,"column":113}}],"line":32},"1":{"loc":{"start":{"line":32,"column":33},"end":{"line":32,"column":83}},"type":"binary-expr","locations":[{"start":{"line":32,"column":33},"end":{"line":32,"column":53}},{"start":{"line":32,"column":57},"end":{"line":32,"column":83}}],"line":32},"2":{"loc":{"start":{"line":32,"column":127},"end":{"line":32,"column":174}},"type":"cond-expr","locations":[{"start":{"line":32,"column":150},"end":{"line":32,"column":162}},{"start":{"line":32,"column":165},"end":{"line":32,"column":174}}],"line":32},"3":{"loc":{"start":{"line":33,"column":2},"end":{"line":41,"column":20}},"type":"switch","locations":[{"start":{"line":34,"column":4},"end":{"line":37,"column":55}},{"start":{"line":40,"column":4},"end":{"line":41,"column":19}}],"line":33}},"s":{"0":1,"1":1,"2":1,"3":1,"4":1,"5":1,"6":1,"7":1,"8":1,"9":1,"10":1,"11":0,"12":0,"13":0,"14":0,"15":0,"16":1},"f":{"0":1,"1":0},"b":{"0":[0,0],"1":[0,0],"2":[0,0],"3":[0,0]},"_coverageSchema":"332fd63041d2c1bcb487cc26dd0d5f7d97098a6c","hash":"7abf849923b8f269a83cb92f947e91189cf6b351"}
,"/Volumes/sites/monyl/src/screens/Navigator.js": {"path":"/Volumes/sites/monyl/src/screens/Navigator.js","statementMap":{"0":{"start":{"line":1,"column":13},"end":{"line":1,"column":75}},"1":{"start":{"line":1,"column":75},"end":{"line":1,"column":100}},"2":{"start":{"line":1,"column":113},"end":{"line":1,"column":165}},"3":{"start":{"line":3,"column":23},"end":{"line":3,"column":50}},"4":{"start":{"line":4,"column":15},"end":{"line":4,"column":71}},"5":{"start":{"line":5,"column":13},"end":{"line":5,"column":67}},"6":{"start":{"line":6,"column":14},"end":{"line":6,"column":69}},"7":{"start":{"line":7,"column":22},"end":{"line":7,"column":85}},"8":{"start":{"line":8,"column":19},"end":{"line":8,"column":79}},"9":{"start":{"line":9,"column":12},"end":{"line":9,"column":65}},"10":{"start":{"line":10,"column":15},"end":{"line":10,"column":88}},"11":{"start":{"line":10,"column":108},"end":{"line":10,"column":155}},"12":{"start":{"line":12,"column":13},"end":{"line":18,"column":203}},"13":{"start":{"line":18,"column":54},"end":{"line":18,"column":199}},"14":{"start":{"line":22,"column":16},"end":{"line":34,"column":23}},"15":{"start":{"line":38,"column":0},"end":{"line":38,"column":9}},"16":{"start":{"line":38,"column":10},"end":{"line":38,"column":37}}},"fnMap":{"0":{"name":"contentComponent","decl":{"start":{"line":18,"column":29},"end":{"line":18,"column":45}},"loc":{"start":{"line":18,"column":53},"end":{"line":18,"column":200}},"line":18}},"branchMap":{},"s":{"0":0,"1":0,"2":0,"3":0,"4":0,"5":0,"6":0,"7":0,"8":0,"9":0,"10":0,"11":0,"12":0,"13":0,"14":0,"15":0,"16":0},"f":{"0":0},"b":{}}
,"/Volumes/sites/monyl/src/screens/ForgotPassword/ForgotPassword.js": {"path":"/Volumes/sites/monyl/src/screens/ForgotPassword/ForgotPassword.js","statementMap":{"0":{"start":{"line":1,"column":13},"end":{"line":1,"column":75}},"1":{"start":{"line":1,"column":75},"end":{"line":1,"column":100}},"2":{"start":{"line":1,"column":113},"end":{"line":1,"column":137}},"3":{"start":{"line":3,"column":14},"end":{"line":3,"column":67}},"4":{"start":{"line":4,"column":19},"end":{"line":4,"column":42}},"5":{"start":{"line":5,"column":18},"end":{"line":5,"column":40}},"6":{"start":{"line":8,"column":17},"end":{"line":8,"column":38}},"7":{"start":{"line":12,"column":12},"end":{"line":12,"column":75}},"8":{"start":{"line":13,"column":17},"end":{"line":13,"column":49}},"9":{"start":{"line":14,"column":18},"end":{"line":14,"column":99}},"10":{"start":{"line":15,"column":18},"end":{"line":15,"column":97}},"11":{"start":{"line":16,"column":14},"end":{"line":16,"column":69}},"12":{"start":{"line":16,"column":89},"end":{"line":16,"column":156}},"13":{"start":{"line":23,"column":17},"end":{"line":63,"column":52}},"14":{"start":{"line":23,"column":40},"end":{"line":23,"column":90}},"15":{"start":{"line":23,"column":153},"end":{"line":23,"column":203}},"16":{"start":{"line":23,"column":203},"end":{"line":23,"column":323}},"17":{"start":{"line":23,"column":293},"end":{"line":23,"column":322}},"18":{"start":{"line":23,"column":323},"end":{"line":23,"column":502}},"19":{"start":{"line":23,"column":502},"end":{"line":35,"column":6}},"20":{"start":{"line":25,"column":6},"end":{"line":34,"column":7}},"21":{"start":{"line":26,"column":8},"end":{"line":26,"column":44}},"22":{"start":{"line":28,"column":8},"end":{"line":32,"column":48}},"23":{"start":{"line":35,"column":6},"end":{"line":35,"column":19}},"24":{"start":{"line":35,"column":20},"end":{"line":63,"column":10}},"25":{"start":{"line":38,"column":6},"end":{"line":56,"column":134}},"26":{"start":{"line":63,"column":10},"end":{"line":63,"column":32}},"27":{"start":{"line":66,"column":0},"end":{"line":66,"column":14}},"28":{"start":{"line":66,"column":15},"end":{"line":66,"column":42}}},"fnMap":{"0":{"name":"(anonymous_0)","decl":{"start":{"line":23,"column":17},"end":{"line":23,"column":18}},"loc":{"start":{"line":23,"column":39},"end":{"line":63,"column":33}},"line":23},"1":{"name":"ForgotPassword","decl":{"start":{"line":23,"column":99},"end":{"line":23,"column":113}},"loc":{"start":{"line":23,"column":116},"end":{"line":35,"column":20}},"line":23},"2":{"name":"(anonymous_2)","decl":{"start":{"line":24,"column":13},"end":{"line":24,"column":14}},"loc":{"start":{"line":24,"column":25},"end":{"line":35,"column":5}},"line":24},"3":{"name":"render","decl":{"start":{"line":35,"column":95},"end":{"line":35,"column":101}},"loc":{"start":{"line":37,"column":4},"end":{"line":63,"column":5}},"line":37}},"branchMap":{"0":{"loc":{"start":{"line":25,"column":6},"end":{"line":34,"column":7}},"type":"if","locations":[{"start":{"line":25,"column":6},"end":{"line":34,"column":7}},{"start":{"line":25,"column":6},"end":{"line":34,"column":7}}],"line":25}},"s":{"0":1,"1":1,"2":1,"3":1,"4":1,"5":1,"6":1,"7":1,"8":1,"9":1,"10":1,"11":1,"12":1,"13":1,"14":1,"15":3,"16":3,"17":9,"18":3,"19":3,"20":2,"21":1,"22":1,"23":3,"24":1,"25":3,"26":1,"27":1,"28":1},"f":{"0":1,"1":3,"2":2,"3":3},"b":{"0":[1,1]},"_coverageSchema":"332fd63041d2c1bcb487cc26dd0d5f7d97098a6c","hash":"f9956af637aaddae59e91ab652530e9e6c874182"}
,"/Volumes/sites/monyl/src/screens/ForgotPassword/ForgotPasswordContainer.js": {"path":"/Volumes/sites/monyl/src/screens/ForgotPassword/ForgotPasswordContainer.js","statementMap":{"0":{"start":{"line":1,"column":13},"end":{"line":1,"column":75}},"1":{"start":{"line":1,"column":75},"end":{"line":1,"column":100}},"2":{"start":{"line":3,"column":17},"end":{"line":3,"column":38}},"3":{"start":{"line":5,"column":22},"end":{"line":5,"column":85}},"4":{"start":{"line":7,"column":0},"end":{"line":7,"column":78}},"5":{"start":{"line":7,"column":79},"end":{"line":7,"column":106}}},"fnMap":{},"branchMap":{},"s":{"0":0,"1":0,"2":0,"3":0,"4":0,"5":0},"f":{},"b":{}}
,"/Volumes/sites/monyl/src/screens/ForgotPassword/index.js": {"path":"/Volumes/sites/monyl/src/screens/ForgotPassword/index.js","statementMap":{"0":{"start":{"line":1,"column":13},"end":{"line":1,"column":75}},"1":{"start":{"line":1,"column":75},"end":{"line":1,"column":203}},"2":{"start":{"line":1,"column":158},"end":{"line":1,"column":198}},"3":{"start":{"line":3,"column":31},"end":{"line":3,"column":103}}},"fnMap":{"0":{"name":"get","decl":{"start":{"line":1,"column":151},"end":{"line":1,"column":154}},"loc":{"start":{"line":1,"column":157},"end":{"line":1,"column":199}},"line":1}},"branchMap":{},"s":{"0":0,"1":0,"2":0,"3":0},"f":{"0":0},"b":{}}
,"/Volumes/sites/monyl/src/screens/ForgotPassword/styles.js": {"path":"/Volumes/sites/monyl/src/screens/ForgotPassword/styles.js","statementMap":{"0":{"start":{"line":1,"column":13},"end":{"line":1,"column":75}},"1":{"start":{"line":1,"column":75},"end":{"line":1,"column":100}},"2":{"start":{"line":3,"column":0},"end":{"line":10,"column":18}},"3":{"start":{"line":10,"column":19},"end":{"line":10,"column":46}}},"fnMap":{},"branchMap":{},"s":{"0":1,"1":1,"2":1,"3":1},"f":{},"b":{},"_coverageSchema":"332fd63041d2c1bcb487cc26dd0d5f7d97098a6c","hash":"bb527fa2aaf96e730a8f6c61d44a5090b789e107"}
,"/Volumes/sites/monyl/src/screens/Home/Home.js": {"path":"/Volumes/sites/monyl/src/screens/Home/Home.js","statementMap":{"0":{"start":{"line":1,"column":13},"end":{"line":1,"column":75}},"1":{"start":{"line":1,"column":75},"end":{"line":1,"column":100}},"2":{"start":{"line":1,"column":113},"end":{"line":1,"column":137}},"3":{"start":{"line":5,"column":14},"end":{"line":5,"column":66}},"4":{"start":{"line":6,"column":19},"end":{"line":6,"column":42}},"5":{"start":{"line":7,"column":18},"end":{"line":7,"column":40}},"6":{"start":{"line":24,"column":20},"end":{"line":24,"column":103}},"7":{"start":{"line":26,"column":12},"end":{"line":26,"column":65}},"8":{"start":{"line":26,"column":85},"end":{"line":26,"column":132}},"9":{"start":{"line":32,"column":7},"end":{"line":84,"column":50}},"10":{"start":{"line":32,"column":36},"end":{"line":32,"column":82}},"11":{"start":{"line":32,"column":99},"end":{"line":32,"column":139}},"12":{"start":{"line":32,"column":139},"end":{"line":32,"column":249}},"13":{"start":{"line":32,"column":250},"end":{"line":84,"column":10}},"14":{"start":{"line":35,"column":17},"end":{"line":35,"column":21}},"15":{"start":{"line":36,"column":19},"end":{"line":36,"column":40}},"16":{"start":{"line":37,"column":6},"end":{"line":78,"column":141}},"17":{"start":{"line":43,"column":32},"end":{"line":43,"column":59}},"18":{"start":{"line":45,"column":49},"end":{"line":61,"column":134}},"19":{"start":{"line":72,"column":89},"end":{"line":72,"column":137}},"20":{"start":{"line":76,"column":89},"end":{"line":76,"column":138}},"21":{"start":{"line":84,"column":10},"end":{"line":84,"column":22}},"22":{"start":{"line":87,"column":0},"end":{"line":87,"column":4}},"23":{"start":{"line":87,"column":5},"end":{"line":87,"column":32}}},"fnMap":{"0":{"name":"(anonymous_0)","decl":{"start":{"line":32,"column":7},"end":{"line":32,"column":8}},"loc":{"start":{"line":32,"column":35},"end":{"line":84,"column":23}},"line":32},"1":{"name":"Home","decl":{"start":{"line":32,"column":91},"end":{"line":32,"column":95}},"loc":{"start":{"line":32,"column":98},"end":{"line":32,"column":250}},"line":32},"2":{"name":"render","decl":{"start":{"line":32,"column":315},"end":{"line":32,"column":321}},"loc":{"start":{"line":35,"column":4},"end":{"line":84,"column":5}},"line":35},"3":{"name":"ref","decl":{"start":{"line":43,"column":24},"end":{"line":43,"column":27}},"loc":{"start":{"line":43,"column":31},"end":{"line":43,"column":60}},"line":43},"4":{"name":"renderItem","decl":{"start":{"line":45,"column":31},"end":{"line":45,"column":41}},"loc":{"start":{"line":45,"column":48},"end":{"line":61,"column":135}},"line":45},"5":{"name":"onPress","decl":{"start":{"line":72,"column":78},"end":{"line":72,"column":85}},"loc":{"start":{"line":72,"column":88},"end":{"line":72,"column":138}},"line":72},"6":{"name":"onPress","decl":{"start":{"line":76,"column":78},"end":{"line":76,"column":85}},"loc":{"start":{"line":76,"column":88},"end":{"line":76,"column":139}},"line":76}},"branchMap":{},"s":{"0":1,"1":1,"2":1,"3":1,"4":1,"5":1,"6":1,"7":1,"8":1,"9":1,"10":1,"11":2,"12":2,"13":1,"14":2,"15":2,"16":2,"17":0,"18":1,"19":0,"20":0,"21":1,"22":1,"23":1},"f":{"0":1,"1":2,"2":2,"3":0,"4":1,"5":0,"6":0},"b":{},"_coverageSchema":"332fd63041d2c1bcb487cc26dd0d5f7d97098a6c","hash":"66c3f596d1256d5cd5667c61d2ea0269614dbcec"}
,"/Volumes/sites/monyl/src/screens/Home/data.js": {"path":"/Volumes/sites/monyl/src/screens/Home/data.js","statementMap":{"0":{"start":{"line":1,"column":13},"end":{"line":1,"column":75}},"1":{"start":{"line":1,"column":75},"end":{"line":1,"column":100}},"2":{"start":{"line":5,"column":12},"end":{"line":5,"column":75}},"3":{"start":{"line":7,"column":0},"end":{"line":18,"column":54}},"4":{"start":{"line":18,"column":55},"end":{"line":18,"column":82}}},"fnMap":{},"branchMap":{},"s":{"0":1,"1":1,"2":1,"3":1,"4":1},"f":{},"b":{},"_coverageSchema":"332fd63041d2c1bcb487cc26dd0d5f7d97098a6c","hash":"97eb6168deaaae983f1b8c08e5a82005344ab406"}
,"/Volumes/sites/monyl/src/screens/Home/index.js": {"path":"/Volumes/sites/monyl/src/screens/Home/index.js","statementMap":{"0":{"start":{"line":1,"column":13},"end":{"line":1,"column":75}},"1":{"start":{"line":1,"column":75},"end":{"line":1,"column":184}},"2":{"start":{"line":1,"column":158},"end":{"line":1,"column":179}},"3":{"start":{"line":3,"column":12},"end":{"line":3,"column":65}}},"fnMap":{"0":{"name":"get","decl":{"start":{"line":1,"column":151},"end":{"line":1,"column":154}},"loc":{"start":{"line":1,"column":157},"end":{"line":1,"column":180}},"line":1}},"branchMap":{},"s":{"0":0,"1":0,"2":0,"3":0},"f":{"0":0},"b":{}}
,"/Volumes/sites/monyl/src/screens/Home/styles.js": {"path":"/Volumes/sites/monyl/src/screens/Home/styles.js","statementMap":{"0":{"start":{"line":1,"column":13},"end":{"line":1,"column":75}},"1":{"start":{"line":1,"column":75},"end":{"line":1,"column":100}},"2":{"start":{"line":3,"column":19},"end":{"line":3,"column":99}},"3":{"start":{"line":5,"column":0},"end":{"line":18,"column":29}},"4":{"start":{"line":18,"column":30},"end":{"line":18,"column":57}}},"fnMap":{},"branchMap":{},"s":{"0":0,"1":0,"2":0,"3":0,"4":0},"f":{},"b":{}}
,"/Volumes/sites/monyl/src/screens/Initial/Initial.js": {"path":"/Volumes/sites/monyl/src/screens/Initial/Initial.js","statementMap":{"0":{"start":{"line":1,"column":13},"end":{"line":1,"column":75}},"1":{"start":{"line":1,"column":75},"end":{"line":1,"column":100}},"2":{"start":{"line":1,"column":113},"end":{"line":1,"column":137}},"3":{"start":{"line":3,"column":14},"end":{"line":3,"column":67}},"4":{"start":{"line":5,"column":19},"end":{"line":5,"column":42}},"5":{"start":{"line":7,"column":18},"end":{"line":7,"column":40}},"6":{"start":{"line":12,"column":25},"end":{"line":12,"column":106}},"7":{"start":{"line":14,"column":22},"end":{"line":14,"column":62}},"8":{"start":{"line":15,"column":14},"end":{"line":15,"column":69}},"9":{"start":{"line":15,"column":89},"end":{"line":15,"column":142}},"10":{"start":{"line":23,"column":8},"end":{"line":80,"column":43}},"11":{"start":{"line":23,"column":31},"end":{"line":23,"column":72}},"12":{"start":{"line":23,"column":126},"end":{"line":23,"column":167}},"13":{"start":{"line":23,"column":167},"end":{"line":23,"column":287}},"14":{"start":{"line":23,"column":257},"end":{"line":23,"column":286}},"15":{"start":{"line":23,"column":287},"end":{"line":23,"column":457}},"16":{"start":{"line":23,"column":457},"end":{"line":26,"column":6}},"17":{"start":{"line":25,"column":6},"end":{"line":25,"column":69}},"18":{"start":{"line":26,"column":6},"end":{"line":30,"column":6}},"19":{"start":{"line":29,"column":6},"end":{"line":29,"column":48}},"20":{"start":{"line":30,"column":6},"end":{"line":34,"column":6}},"21":{"start":{"line":33,"column":6},"end":{"line":33,"column":47}},"22":{"start":{"line":34,"column":6},"end":{"line":34,"column":19}},"23":{"start":{"line":34,"column":20},"end":{"line":80,"column":10}},"24":{"start":{"line":37,"column":6},"end":{"line":73,"column":146}},"25":{"start":{"line":80,"column":10},"end":{"line":80,"column":23}},"26":{"start":{"line":83,"column":0},"end":{"line":83,"column":5}},"27":{"start":{"line":83,"column":6},"end":{"line":83,"column":33}}},"fnMap":{"0":{"name":"(anonymous_0)","decl":{"start":{"line":23,"column":8},"end":{"line":23,"column":9}},"loc":{"start":{"line":23,"column":30},"end":{"line":80,"column":24}},"line":23},"1":{"name":"Login","decl":{"start":{"line":23,"column":81},"end":{"line":23,"column":86}},"loc":{"start":{"line":23,"column":89},"end":{"line":34,"column":20}},"line":23},"2":{"name":"(anonymous_2)","decl":{"start":{"line":24,"column":19},"end":{"line":24,"column":20}},"loc":{"start":{"line":24,"column":36},"end":{"line":26,"column":5}},"line":24},"3":{"name":"(anonymous_3)","decl":{"start":{"line":28,"column":21},"end":{"line":28,"column":22}},"loc":{"start":{"line":28,"column":33},"end":{"line":30,"column":5}},"line":28},"4":{"name":"(anonymous_4)","decl":{"start":{"line":32,"column":20},"end":{"line":32,"column":21}},"loc":{"start":{"line":32,"column":32},"end":{"line":34,"column":5}},"line":32},"5":{"name":"render","decl":{"start":{"line":34,"column":86},"end":{"line":34,"column":92}},"loc":{"start":{"line":36,"column":4},"end":{"line":80,"column":5}},"line":36}},"branchMap":{},"s":{"0":1,"1":1,"2":1,"3":1,"4":1,"5":1,"6":1,"7":1,"8":1,"9":1,"10":1,"11":1,"12":4,"13":4,"14":12,"15":4,"16":4,"17":1,"18":4,"19":1,"20":4,"21":1,"22":4,"23":1,"24":4,"25":1,"26":1,"27":1},"f":{"0":1,"1":4,"2":1,"3":1,"4":1,"5":4},"b":{},"_coverageSchema":"332fd63041d2c1bcb487cc26dd0d5f7d97098a6c","hash":"1b3e917a692f7ce706341a68399ec0d8989f3e41"}
,"/Volumes/sites/monyl/src/screens/Initial/InitialContainer.js": {"path":"/Volumes/sites/monyl/src/screens/Initial/InitialContainer.js","statementMap":{"0":{"start":{"line":1,"column":13},"end":{"line":1,"column":75}},"1":{"start":{"line":1,"column":75},"end":{"line":1,"column":100}},"2":{"start":{"line":3,"column":18},"end":{"line":3,"column":40}},"3":{"start":{"line":7,"column":15},"end":{"line":7,"column":71}},"4":{"start":{"line":9,"column":22},"end":{"line":14,"column":1}},"5":{"start":{"line":10,"column":18},"end":{"line":10,"column":48}},"6":{"start":{"line":11,"column":2},"end":{"line":12,"column":35}},"7":{"start":{"line":17,"column":0},"end":{"line":17,"column":59}},"8":{"start":{"line":17,"column":60},"end":{"line":17,"column":87}}},"fnMap":{"0":{"name":"mapStateToProps","decl":{"start":{"line":9,"column":31},"end":{"line":9,"column":46}},"loc":{"start":{"line":9,"column":57},"end":{"line":14,"column":1}},"line":9}},"branchMap":{},"s":{"0":0,"1":0,"2":0,"3":0,"4":0,"5":0,"6":0,"7":0,"8":0},"f":{"0":0},"b":{}}
,"/Volumes/sites/monyl/src/screens/Initial/index.js": {"path":"/Volumes/sites/monyl/src/screens/Initial/index.js","statementMap":{"0":{"start":{"line":1,"column":13},"end":{"line":1,"column":75}},"1":{"start":{"line":1,"column":75},"end":{"line":1,"column":196}},"2":{"start":{"line":1,"column":158},"end":{"line":1,"column":191}},"3":{"start":{"line":3,"column":24},"end":{"line":3,"column":89}}},"fnMap":{"0":{"name":"get","decl":{"start":{"line":1,"column":151},"end":{"line":1,"column":154}},"loc":{"start":{"line":1,"column":157},"end":{"line":1,"column":192}},"line":1}},"branchMap":{},"s":{"0":0,"1":0,"2":0,"3":0},"f":{"0":0},"b":{}}
,"/Volumes/sites/monyl/src/screens/Initial/styles.js": {"path":"/Volumes/sites/monyl/src/screens/Initial/styles.js","statementMap":{"0":{"start":{"line":1,"column":13},"end":{"line":1,"column":75}},"1":{"start":{"line":1,"column":75},"end":{"line":1,"column":100}},"2":{"start":{"line":3,"column":0},"end":{"line":33,"column":18}},"3":{"start":{"line":33,"column":19},"end":{"line":33,"column":46}}},"fnMap":{},"branchMap":{},"s":{"0":1,"1":1,"2":1,"3":1},"f":{},"b":{},"_coverageSchema":"332fd63041d2c1bcb487cc26dd0d5f7d97098a6c","hash":"cb85084acc0c47ddb3f8c1c25354e97b3109a70a"}
,"/Volumes/sites/monyl/src/screens/Login/Login.js": {"path":"/Volumes/sites/monyl/src/screens/Login/Login.js","statementMap":{"0":{"start":{"line":1,"column":13},"end":{"line":1,"column":75}},"1":{"start":{"line":1,"column":75},"end":{"line":1,"column":100}},"2":{"start":{"line":1,"column":113},"end":{"line":1,"column":137}},"3":{"start":{"line":3,"column":14},"end":{"line":3,"column":67}},"4":{"start":{"line":5,"column":19},"end":{"line":5,"column":42}},"5":{"start":{"line":6,"column":18},"end":{"line":6,"column":40}},"6":{"start":{"line":9,"column":17},"end":{"line":9,"column":38}},"7":{"start":{"line":13,"column":12},"end":{"line":13,"column":75}},"8":{"start":{"line":14,"column":18},"end":{"line":14,"column":97}},"9":{"start":{"line":15,"column":17},"end":{"line":15,"column":49}},"10":{"start":{"line":17,"column":14},"end":{"line":17,"column":69}},"11":{"start":{"line":17,"column":89},"end":{"line":17,"column":138}},"12":{"start":{"line":25,"column":8},"end":{"line":100,"column":43}},"13":{"start":{"line":25,"column":31},"end":{"line":25,"column":72}},"14":{"start":{"line":25,"column":126},"end":{"line":25,"column":167}},"15":{"start":{"line":25,"column":167},"end":{"line":25,"column":287}},"16":{"start":{"line":25,"column":257},"end":{"line":25,"column":286}},"17":{"start":{"line":25,"column":287},"end":{"line":25,"column":457}},"18":{"start":{"line":25,"column":457},"end":{"line":37,"column":6}},"19":{"start":{"line":27,"column":6},"end":{"line":36,"column":7}},"20":{"start":{"line":28,"column":8},"end":{"line":28,"column":48}},"21":{"start":{"line":30,"column":8},"end":{"line":34,"column":48}},"22":{"start":{"line":37,"column":6},"end":{"line":41,"column":6}},"23":{"start":{"line":40,"column":6},"end":{"line":40,"column":56}},"24":{"start":{"line":41,"column":6},"end":{"line":45,"column":6}},"25":{"start":{"line":44,"column":6},"end":{"line":44,"column":48}},"26":{"start":{"line":45,"column":6},"end":{"line":45,"column":19}},"27":{"start":{"line":45,"column":20},"end":{"line":100,"column":10}},"28":{"start":{"line":48,"column":15},"end":{"line":48,"column":32}},"29":{"start":{"line":49,"column":6},"end":{"line":91,"column":141}},"30":{"start":{"line":100,"column":10},"end":{"line":100,"column":23}},"31":{"start":{"line":103,"column":0},"end":{"line":103,"column":5}},"32":{"start":{"line":103,"column":6},"end":{"line":103,"column":33}}},"fnMap":{"0":{"name":"(anonymous_0)","decl":{"start":{"line":25,"column":8},"end":{"line":25,"column":9}},"loc":{"start":{"line":25,"column":30},"end":{"line":100,"column":24}},"line":25},"1":{"name":"Login","decl":{"start":{"line":25,"column":81},"end":{"line":25,"column":86}},"loc":{"start":{"line":25,"column":89},"end":{"line":45,"column":20}},"line":25},"2":{"name":"(anonymous_2)","decl":{"start":{"line":26,"column":13},"end":{"line":26,"column":14}},"loc":{"start":{"line":26,"column":25},"end":{"line":37,"column":5}},"line":26},"3":{"name":"(anonymous_3)","decl":{"start":{"line":39,"column":29},"end":{"line":39,"column":30}},"loc":{"start":{"line":39,"column":41},"end":{"line":41,"column":5}},"line":39},"4":{"name":"(anonymous_4)","decl":{"start":{"line":43,"column":21},"end":{"line":43,"column":22}},"loc":{"start":{"line":43,"column":33},"end":{"line":45,"column":5}},"line":43},"5":{"name":"render","decl":{"start":{"line":45,"column":86},"end":{"line":45,"column":92}},"loc":{"start":{"line":47,"column":4},"end":{"line":100,"column":5}},"line":47}},"branchMap":{"0":{"loc":{"start":{"line":27,"column":6},"end":{"line":36,"column":7}},"type":"if","locations":[{"start":{"line":27,"column":6},"end":{"line":36,"column":7}},{"start":{"line":27,"column":6},"end":{"line":36,"column":7}}],"line":27}},"s":{"0":1,"1":1,"2":1,"3":1,"4":1,"5":1,"6":1,"7":1,"8":1,"9":1,"10":1,"11":1,"12":1,"13":1,"14":5,"15":5,"16":15,"17":5,"18":5,"19":2,"20":1,"21":1,"22":5,"23":1,"24":5,"25":1,"26":5,"27":1,"28":5,"29":5,"30":1,"31":1,"32":1},"f":{"0":1,"1":5,"2":2,"3":1,"4":1,"5":5},"b":{"0":[1,1]},"_coverageSchema":"332fd63041d2c1bcb487cc26dd0d5f7d97098a6c","hash":"d057c8b08d87d30401fe18b00cf34cf655610976"}
,"/Volumes/sites/monyl/src/screens/Login/LoginContainer.js": {"path":"/Volumes/sites/monyl/src/screens/Login/LoginContainer.js","statementMap":{"0":{"start":{"line":1,"column":13},"end":{"line":1,"column":75}},"1":{"start":{"line":1,"column":75},"end":{"line":1,"column":100}},"2":{"start":{"line":3,"column":17},"end":{"line":3,"column":38}},"3":{"start":{"line":5,"column":13},"end":{"line":5,"column":67}},"4":{"start":{"line":7,"column":0},"end":{"line":7,"column":60}},"5":{"start":{"line":7,"column":61},"end":{"line":7,"column":88}}},"fnMap":{},"branchMap":{},"s":{"0":0,"1":0,"2":0,"3":0,"4":0,"5":0},"f":{},"b":{}}
,"/Volumes/sites/monyl/src/screens/Login/index.js": {"path":"/Volumes/sites/monyl/src/screens/Login/index.js","statementMap":{"0":{"start":{"line":1,"column":13},"end":{"line":1,"column":75}},"1":{"start":{"line":1,"column":75},"end":{"line":1,"column":194}},"2":{"start":{"line":1,"column":158},"end":{"line":1,"column":189}},"3":{"start":{"line":3,"column":22},"end":{"line":3,"column":85}}},"fnMap":{"0":{"name":"get","decl":{"start":{"line":1,"column":151},"end":{"line":1,"column":154}},"loc":{"start":{"line":1,"column":157},"end":{"line":1,"column":190}},"line":1}},"branchMap":{},"s":{"0":0,"1":0,"2":0,"3":0},"f":{"0":0},"b":{}}
,"/Volumes/sites/monyl/src/screens/Login/styles.js": {"path":"/Volumes/sites/monyl/src/screens/Login/styles.js","statementMap":{"0":{"start":{"line":1,"column":13},"end":{"line":1,"column":75}},"1":{"start":{"line":1,"column":75},"end":{"line":1,"column":100}},"2":{"start":{"line":3,"column":0},"end":{"line":36,"column":28}},"3":{"start":{"line":36,"column":29},"end":{"line":36,"column":56}}},"fnMap":{},"branchMap":{},"s":{"0":1,"1":1,"2":1,"3":1},"f":{},"b":{},"_coverageSchema":"332fd63041d2c1bcb487cc26dd0d5f7d97098a6c","hash":"457a7ee4326acdaad2180998edaf32ad857cce85"}
,"/Volumes/sites/monyl/src/screens/SignUp/SignUp.js": {"path":"/Volumes/sites/monyl/src/screens/SignUp/SignUp.js","statementMap":{"0":{"start":{"line":1,"column":13},"end":{"line":1,"column":75}},"1":{"start":{"line":1,"column":75},"end":{"line":1,"column":100}},"2":{"start":{"line":1,"column":113},"end":{"line":1,"column":137}},"3":{"start":{"line":3,"column":14},"end":{"line":3,"column":67}},"4":{"start":{"line":4,"column":19},"end":{"line":4,"column":42}},"5":{"start":{"line":5,"column":18},"end":{"line":5,"column":40}},"6":{"start":{"line":8,"column":17},"end":{"line":8,"column":38}},"7":{"start":{"line":12,"column":12},"end":{"line":12,"column":75}},"8":{"start":{"line":13,"column":18},"end":{"line":13,"column":99}},"9":{"start":{"line":14,"column":17},"end":{"line":14,"column":49}},"10":{"start":{"line":15,"column":18},"end":{"line":15,"column":97}},"11":{"start":{"line":16,"column":14},"end":{"line":16,"column":69}},"12":{"start":{"line":16,"column":89},"end":{"line":16,"column":140}},"13":{"start":{"line":23,"column":9},"end":{"line":97,"column":44}},"14":{"start":{"line":23,"column":32},"end":{"line":23,"column":74}},"15":{"start":{"line":23,"column":129},"end":{"line":23,"column":171}},"16":{"start":{"line":23,"column":171},"end":{"line":23,"column":291}},"17":{"start":{"line":23,"column":261},"end":{"line":23,"column":290}},"18":{"start":{"line":23,"column":291},"end":{"line":23,"column":462}},"19":{"start":{"line":23,"column":462},"end":{"line":36,"column":6}},"20":{"start":{"line":25,"column":6},"end":{"line":25,"column":17}},"21":{"start":{"line":25,"column":31},"end":{"line":25,"column":53}},"22":{"start":{"line":25,"column":62},"end":{"line":25,"column":79}},"23":{"start":{"line":26,"column":6},"end":{"line":35,"column":7}},"24":{"start":{"line":27,"column":8},"end":{"line":27,"column":43}},"25":{"start":{"line":29,"column":8},"end":{"line":33,"column":48}},"26":{"start":{"line":36,"column":6},"end":{"line":36,"column":19}},"27":{"start":{"line":36,"column":20},"end":{"line":97,"column":10}},"28":{"start":{"line":39,"column":19},"end":{"line":39,"column":40}},"29":{"start":{"line":41,"column":6},"end":{"line":91,"column":131}},"30":{"start":{"line":97,"column":10},"end":{"line":97,"column":24}},"31":{"start":{"line":100,"column":0},"end":{"line":100,"column":6}},"32":{"start":{"line":100,"column":7},"end":{"line":100,"column":34}}},"fnMap":{"0":{"name":"(anonymous_0)","decl":{"start":{"line":23,"column":9},"end":{"line":23,"column":10}},"loc":{"start":{"line":23,"column":31},"end":{"line":97,"column":25}},"line":23},"1":{"name":"SignUp","decl":{"start":{"line":23,"column":83},"end":{"line":23,"column":89}},"loc":{"start":{"line":23,"column":92},"end":{"line":36,"column":20}},"line":23},"2":{"name":"(anonymous_2)","decl":{"start":{"line":24,"column":13},"end":{"line":24,"column":14}},"loc":{"start":{"line":24,"column":25},"end":{"line":36,"column":5}},"line":24},"3":{"name":"render","decl":{"start":{"line":36,"column":87},"end":{"line":36,"column":93}},"loc":{"start":{"line":38,"column":4},"end":{"line":97,"column":5}},"line":38}},"branchMap":{"0":{"loc":{"start":{"line":26,"column":6},"end":{"line":35,"column":7}},"type":"if","locations":[{"start":{"line":26,"column":6},"end":{"line":35,"column":7}},{"start":{"line":26,"column":6},"end":{"line":35,"column":7}}],"line":26}},"s":{"0":1,"1":1,"2":1,"3":1,"4":1,"5":1,"6":1,"7":1,"8":1,"9":1,"10":1,"11":1,"12":1,"13":1,"14":1,"15":3,"16":3,"17":9,"18":3,"19":3,"20":2,"21":2,"22":2,"23":2,"24":1,"25":1,"26":3,"27":1,"28":3,"29":3,"30":1,"31":1,"32":1},"f":{"0":1,"1":3,"2":2,"3":3},"b":{"0":[1,1]},"_coverageSchema":"332fd63041d2c1bcb487cc26dd0d5f7d97098a6c","hash":"46bb228ce4be64b4cb9c27725c93ff4b7b1834ec"}
,"/Volumes/sites/monyl/src/screens/SignUp/SignUpContainer.js": {"path":"/Volumes/sites/monyl/src/screens/SignUp/SignUpContainer.js","statementMap":{"0":{"start":{"line":1,"column":13},"end":{"line":1,"column":75}},"1":{"start":{"line":1,"column":75},"end":{"line":1,"column":100}},"2":{"start":{"line":3,"column":17},"end":{"line":3,"column":38}},"3":{"start":{"line":5,"column":14},"end":{"line":5,"column":69}},"4":{"start":{"line":7,"column":0},"end":{"line":7,"column":62}},"5":{"start":{"line":7,"column":63},"end":{"line":7,"column":90}}},"fnMap":{},"branchMap":{},"s":{"0":0,"1":0,"2":0,"3":0,"4":0,"5":0},"f":{},"b":{}}
,"/Volumes/sites/monyl/src/screens/SignUp/index.js": {"path":"/Volumes/sites/monyl/src/screens/SignUp/index.js","statementMap":{"0":{"start":{"line":1,"column":13},"end":{"line":1,"column":75}},"1":{"start":{"line":1,"column":75},"end":{"line":1,"column":195}},"2":{"start":{"line":1,"column":158},"end":{"line":1,"column":190}},"3":{"start":{"line":3,"column":23},"end":{"line":3,"column":87}}},"fnMap":{"0":{"name":"get","decl":{"start":{"line":1,"column":151},"end":{"line":1,"column":154}},"loc":{"start":{"line":1,"column":157},"end":{"line":1,"column":191}},"line":1}},"branchMap":{},"s":{"0":0,"1":0,"2":0,"3":0},"f":{"0":0},"b":{}}
,"/Volumes/sites/monyl/src/screens/SignUp/styles.js": {"path":"/Volumes/sites/monyl/src/screens/SignUp/styles.js","statementMap":{"0":{"start":{"line":1,"column":13},"end":{"line":1,"column":75}},"1":{"start":{"line":1,"column":75},"end":{"line":1,"column":100}},"2":{"start":{"line":3,"column":0},"end":{"line":13,"column":15}},"3":{"start":{"line":13,"column":16},"end":{"line":13,"column":43}}},"fnMap":{},"branchMap":{},"s":{"0":1,"1":1,"2":1,"3":1},"f":{},"b":{},"_coverageSchema":"332fd63041d2c1bcb487cc26dd0d5f7d97098a6c","hash":"93351a8c4decb7c25836610e86fe13953e5dde87"}
,"/Volumes/sites/monyl/src/screens/Walkthrough/Walkthrough.js": {"path":"/Volumes/sites/monyl/src/screens/Walkthrough/Walkthrough.js","statementMap":{"0":{"start":{"line":1,"column":13},"end":{"line":1,"column":75}},"1":{"start":{"line":1,"column":75},"end":{"line":1,"column":100}},"2":{"start":{"line":1,"column":113},"end":{"line":1,"column":137}},"3":{"start":{"line":3,"column":14},"end":{"line":3,"column":66}},"4":{"start":{"line":4,"column":19},"end":{"line":4,"column":42}},"5":{"start":{"line":5,"column":18},"end":{"line":5,"column":40}},"6":{"start":{"line":8,"column":31},"end":{"line":8,"column":104}},"7":{"start":{"line":12,"column":12},"end":{"line":12,"column":75}},"8":{"start":{"line":14,"column":14},"end":{"line":14,"column":69}},"9":{"start":{"line":14,"column":89},"end":{"line":14,"column":150}},"10":{"start":{"line":16,"column":19},"end":{"line":16,"column":63}},"11":{"start":{"line":17,"column":18},"end":{"line":17,"column":61}},"12":{"start":{"line":23,"column":14},"end":{"line":102,"column":61}},"13":{"start":{"line":23,"column":47},"end":{"line":23,"column":104}},"14":{"start":{"line":23,"column":128},"end":{"line":23,"column":175}},"15":{"start":{"line":23,"column":175},"end":{"line":23,"column":292}},"16":{"start":{"line":23,"column":293},"end":{"line":102,"column":10}},"17":{"start":{"line":25,"column":19},"end":{"line":25,"column":40}},"18":{"start":{"line":27,"column":6},"end":{"line":92,"column":225}},"19":{"start":{"line":50,"column":39},"end":{"line":50,"column":76}},"20":{"start":{"line":69,"column":39},"end":{"line":69,"column":76}},"21":{"start":{"line":88,"column":39},"end":{"line":88,"column":76}},"22":{"start":{"line":102,"column":10},"end":{"line":102,"column":29}},"23":{"start":{"line":105,"column":0},"end":{"line":105,"column":11}},"24":{"start":{"line":105,"column":12},"end":{"line":105,"column":39}}},"fnMap":{"0":{"name":"(anonymous_0)","decl":{"start":{"line":23,"column":14},"end":{"line":23,"column":15}},"loc":{"start":{"line":23,"column":46},"end":{"line":102,"column":30}},"line":23},"1":{"name":"Walkthrough","decl":{"start":{"line":23,"column":113},"end":{"line":23,"column":124}},"loc":{"start":{"line":23,"column":127},"end":{"line":23,"column":293}},"line":23},"2":{"name":"render","decl":{"start":{"line":23,"column":365},"end":{"line":23,"column":371}},"loc":{"start":{"line":24,"column":4},"end":{"line":102,"column":5}},"line":24},"3":{"name":"onPress","decl":{"start":{"line":50,"column":28},"end":{"line":50,"column":35}},"loc":{"start":{"line":50,"column":38},"end":{"line":50,"column":77}},"line":50},"4":{"name":"onPress","decl":{"start":{"line":69,"column":28},"end":{"line":69,"column":35}},"loc":{"start":{"line":69,"column":38},"end":{"line":69,"column":77}},"line":69},"5":{"name":"onPress","decl":{"start":{"line":88,"column":28},"end":{"line":88,"column":35}},"loc":{"start":{"line":88,"column":38},"end":{"line":88,"column":77}},"line":88}},"branchMap":{"0":{"loc":{"start":{"line":36,"column":25},"end":{"line":36,"column":73}},"type":"cond-expr","locations":[{"start":{"line":36,"column":66},"end":{"line":36,"column":68}},{"start":{"line":36,"column":71},"end":{"line":36,"column":73}}],"line":36},"1":{"loc":{"start":{"line":43,"column":83},"end":{"line":43,"column":171}},"type":"cond-expr","locations":[{"start":{"line":43,"column":124},"end":{"line":43,"column":145}},{"start":{"line":43,"column":148},"end":{"line":43,"column":171}}],"line":43},"2":{"loc":{"start":{"line":63,"column":83},"end":{"line":63,"column":171}},"type":"cond-expr","locations":[{"start":{"line":63,"column":124},"end":{"line":63,"column":145}},{"start":{"line":63,"column":148},"end":{"line":63,"column":171}}],"line":63},"3":{"loc":{"start":{"line":82,"column":83},"end":{"line":82,"column":171}},"type":"cond-expr","locations":[{"start":{"line":82,"column":124},"end":{"line":82,"column":145}},{"start":{"line":82,"column":148},"end":{"line":82,"column":171}}],"line":82}},"s":{"0":1,"1":1,"2":1,"3":1,"4":1,"5":1,"6":1,"7":1,"8":1,"9":1,"10":1,"11":1,"12":1,"13":1,"14":4,"15":4,"16":1,"17":4,"18":4,"19":1,"20":1,"21":1,"22":1,"23":1,"24":1},"f":{"0":1,"1":4,"2":4,"3":1,"4":1,"5":1},"b":{"0":[0,4],"1":[0,4],"2":[0,4],"3":[0,4]},"_coverageSchema":"332fd63041d2c1bcb487cc26dd0d5f7d97098a6c","hash":"f6d282e69953ff021cb735dc3302431644d14a78"}
,"/Volumes/sites/monyl/src/screens/Walkthrough/index.js": {"path":"/Volumes/sites/monyl/src/screens/Walkthrough/index.js","statementMap":{"0":{"start":{"line":1,"column":13},"end":{"line":1,"column":75}},"1":{"start":{"line":1,"column":75},"end":{"line":1,"column":191}},"2":{"start":{"line":1,"column":158},"end":{"line":1,"column":186}},"3":{"start":{"line":3,"column":19},"end":{"line":3,"column":79}}},"fnMap":{"0":{"name":"get","decl":{"start":{"line":1,"column":151},"end":{"line":1,"column":154}},"loc":{"start":{"line":1,"column":157},"end":{"line":1,"column":187}},"line":1}},"branchMap":{},"s":{"0":1,"1":1,"2":4,"3":1},"f":{"0":4},"b":{},"_coverageSchema":"332fd63041d2c1bcb487cc26dd0d5f7d97098a6c","hash":"2cec3282c8e2289e9d9783c1cecb9e0d261b9d93"}
,"/Volumes/sites/monyl/src/screens/Walkthrough/styles.js": {"path":"/Volumes/sites/monyl/src/screens/Walkthrough/styles.js","statementMap":{"0":{"start":{"line":1,"column":13},"end":{"line":1,"column":75}},"1":{"start":{"line":1,"column":75},"end":{"line":1,"column":100}},"2":{"start":{"line":3,"column":19},"end":{"line":3,"column":42}},"3":{"start":{"line":5,"column":19},"end":{"line":5,"column":99}},"4":{"start":{"line":7,"column":19},"end":{"line":7,"column":63}},"5":{"start":{"line":8,"column":18},"end":{"line":8,"column":61}},"6":{"start":{"line":10,"column":0},"end":{"line":77,"column":42}},"7":{"start":{"line":77,"column":43},"end":{"line":77,"column":70}}},"fnMap":{},"branchMap":{},"s":{"0":1,"1":1,"2":1,"3":1,"4":1,"5":1,"6":1,"7":1},"f":{},"b":{},"_coverageSchema":"332fd63041d2c1bcb487cc26dd0d5f7d97098a6c","hash":"b49fc27b92d169402a6f2c6e034cf98f4ca77a17"}
,"/Volumes/sites/monyl/src/utils/i18n/i18n.js": {"path":"/Volumes/sites/monyl/src/utils/i18n/i18n.js","statementMap":{"0":{"start":{"line":1,"column":13},"end":{"line":1,"column":75}},"1":{"start":{"line":1,"column":75},"end":{"line":1,"column":100}},"2":{"start":{"line":3,"column":12},"end":{"line":3,"column":35}},"3":{"start":{"line":5,"column":16},"end":{"line":5,"column":88}},"4":{"start":{"line":6,"column":17},"end":{"line":6,"column":89}},"5":{"start":{"line":8,"column":0},"end":{"line":12,"column":31}},"6":{"start":{"line":12,"column":32},"end":{"line":12,"column":59}}},"fnMap":{},"branchMap":{},"s":{"0":7,"1":7,"2":7,"3":7,"4":7,"5":7,"6":7},"f":{},"b":{},"_coverageSchema":"332fd63041d2c1bcb487cc26dd0d5f7d97098a6c","hash":"1608cc3081f78e402d531d4535a70c9370b8b346"}
,"/Volumes/sites/monyl/src/utils/i18n/index.js": {"path":"/Volumes/sites/monyl/src/utils/i18n/index.js","statementMap":{"0":{"start":{"line":1,"column":13},"end":{"line":1,"column":75}},"1":{"start":{"line":1,"column":75},"end":{"line":1,"column":184}},"2":{"start":{"line":1,"column":158},"end":{"line":1,"column":179}},"3":{"start":{"line":3,"column":12},"end":{"line":3,"column":65}}},"fnMap":{"0":{"name":"get","decl":{"start":{"line":1,"column":151},"end":{"line":1,"column":154}},"loc":{"start":{"line":1,"column":157},"end":{"line":1,"column":180}},"line":1}},"branchMap":{},"s":{"0":7,"1":7,"2":82,"3":7},"f":{"0":82},"b":{},"_coverageSchema":"332fd63041d2c1bcb487cc26dd0d5f7d97098a6c","hash":"2409aa2a0893f4cdcfdfce6e44c2e1a0864e8d0d"}
,"/Volumes/sites/monyl/src/utils/validator/index.js": {"path":"/Volumes/sites/monyl/src/utils/validator/index.js","statementMap":{"0":{"start":{"line":1,"column":13},"end":{"line":1,"column":75}},"1":{"start":{"line":1,"column":75},"end":{"line":1,"column":103}},"2":{"start":{"line":1,"column":103},"end":{"line":1,"column":125}},"3":{"start":{"line":1,"column":125},"end":{"line":1,"column":143}},"4":{"start":{"line":1,"column":143},"end":{"line":1,"column":173}},"5":{"start":{"line":1,"column":173},"end":{"line":1,"column":203}},"6":{"start":{"line":1,"column":203},"end":{"line":1,"column":233}},"7":{"start":{"line":1,"column":233},"end":{"line":1,"column":269}},"8":{"start":{"line":7,"column":12},"end":{"line":7,"column":66}},"9":{"start":{"line":9,"column":14},"end":{"line":9,"column":101}},"10":{"start":{"line":9,"column":39},"end":{"line":9,"column":100}},"11":{"start":{"line":14,"column":2},"end":{"line":16,"column":3}},"12":{"start":{"line":15,"column":4},"end":{"line":15,"column":47}},"13":{"start":{"line":17,"column":2},"end":{"line":17,"column":12}},"14":{"start":{"line":21,"column":2},"end":{"line":26,"column":3}},"15":{"start":{"line":25,"column":4},"end":{"line":25,"column":60}},"16":{"start":{"line":27,"column":2},"end":{"line":27,"column":12}},"17":{"start":{"line":46,"column":2},"end":{"line":48,"column":3}},"18":{"start":{"line":47,"column":4},"end":{"line":47,"column":14}},"19":{"start":{"line":51,"column":16},"end":{"line":51,"column":101}},"20":{"start":{"line":52,"column":2},"end":{"line":52,"column":73}},"21":{"start":{"line":64,"column":2},"end":{"line":69,"column":4}},"22":{"start":{"line":65,"column":4},"end":{"line":67,"column":5}},"23":{"start":{"line":66,"column":6},"end":{"line":66,"column":96}},"24":{"start":{"line":68,"column":4},"end":{"line":68,"column":14}},"25":{"start":{"line":73,"column":2},"end":{"line":78,"column":4}},"26":{"start":{"line":74,"column":4},"end":{"line":76,"column":5}},"27":{"start":{"line":75,"column":6},"end":{"line":75,"column":100}},"28":{"start":{"line":77,"column":4},"end":{"line":77,"column":14}},"29":{"start":{"line":82,"column":2},"end":{"line":87,"column":4}},"30":{"start":{"line":83,"column":4},"end":{"line":85,"column":5}},"31":{"start":{"line":84,"column":6},"end":{"line":84,"column":96}},"32":{"start":{"line":86,"column":4},"end":{"line":86,"column":14}},"33":{"start":{"line":98,"column":2},"end":{"line":100,"column":3}},"34":{"start":{"line":99,"column":4},"end":{"line":99,"column":67}},"35":{"start":{"line":101,"column":2},"end":{"line":101,"column":12}}},"fnMap":{"0":{"name":"isEmpty","decl":{"start":{"line":9,"column":23},"end":{"line":9,"column":30}},"loc":{"start":{"line":9,"column":38},"end":{"line":9,"column":101}},"line":9},"1":{"name":"required","decl":{"start":{"line":13,"column":9},"end":{"line":13,"column":17}},"loc":{"start":{"line":13,"column":25},"end":{"line":18,"column":1}},"line":13},"2":{"name":"email","decl":{"start":{"line":20,"column":9},"end":{"line":20,"column":14}},"loc":{"start":{"line":20,"column":22},"end":{"line":28,"column":1}},"line":20},"3":{"name":"url","decl":{"start":{"line":45,"column":9},"end":{"line":45,"column":12}},"loc":{"start":{"line":45,"column":18},"end":{"line":53,"column":1}},"line":45},"4":{"name":"minLength","decl":{"start":{"line":63,"column":9},"end":{"line":63,"column":18}},"loc":{"start":{"line":63,"column":24},"end":{"line":70,"column":1}},"line":63},"5":{"name":"(anonymous_5)","decl":{"start":{"line":64,"column":9},"end":{"line":64,"column":10}},"loc":{"start":{"line":64,"column":26},"end":{"line":69,"column":3}},"line":64},"6":{"name":"maxLength","decl":{"start":{"line":72,"column":9},"end":{"line":72,"column":18}},"loc":{"start":{"line":72,"column":24},"end":{"line":79,"column":1}},"line":72},"7":{"name":"(anonymous_7)","decl":{"start":{"line":73,"column":9},"end":{"line":73,"column":10}},"loc":{"start":{"line":73,"column":26},"end":{"line":78,"column":3}},"line":73},"8":{"name":"equalWith","decl":{"start":{"line":81,"column":9},"end":{"line":81,"column":18}},"loc":{"start":{"line":81,"column":33},"end":{"line":88,"column":1}},"line":81},"9":{"name":"(anonymous_9)","decl":{"start":{"line":82,"column":9},"end":{"line":82,"column":10}},"loc":{"start":{"line":82,"column":32},"end":{"line":87,"column":3}},"line":82},"10":{"name":"alphaNumeric","decl":{"start":{"line":97,"column":9},"end":{"line":97,"column":21}},"loc":{"start":{"line":97,"column":29},"end":{"line":102,"column":1}},"line":97}},"branchMap":{"0":{"loc":{"start":{"line":9,"column":46},"end":{"line":9,"column":99}},"type":"binary-expr","locations":[{"start":{"line":9,"column":46},"end":{"line":9,"column":65}},{"start":{"line":9,"column":69},"end":{"line":9,"column":83}},{"start":{"line":9,"column":87},"end":{"line":9,"column":99}}],"line":9},"1":{"loc":{"start":{"line":14,"column":2},"end":{"line":16,"column":3}},"type":"if","locations":[{"start":{"line":14,"column":2},"end":{"line":16,"column":3}},{"start":{"line":14,"column":2},"end":{"line":16,"column":3}}],"line":14},"2":{"loc":{"start":{"line":21,"column":2},"end":{"line":26,"column":3}},"type":"if","locations":[{"start":{"line":21,"column":2},"end":{"line":26,"column":3}},{"start":{"line":21,"column":2},"end":{"line":26,"column":3}}],"line":21},"3":{"loc":{"start":{"line":22,"column":2},"end":{"line":23,"column":58}},"type":"binary-expr","locations":[{"start":{"line":22,"column":2},"end":{"line":22,"column":17}},{"start":{"line":23,"column":2},"end":{"line":23,"column":58}}],"line":22},"4":{"loc":{"start":{"line":46,"column":2},"end":{"line":48,"column":3}},"type":"if","locations":[{"start":{"line":46,"column":2},"end":{"line":48,"column":3}},{"start":{"line":46,"column":2},"end":{"line":48,"column":3}}],"line":46},"5":{"loc":{"start":{"line":52,"column":9},"end":{"line":52,"column":72}},"type":"cond-expr","locations":[{"start":{"line":52,"column":29},"end":{"line":52,"column":31}},{"start":{"line":52,"column":34},"end":{"line":52,"column":72}}],"line":52},"6":{"loc":{"start":{"line":65,"column":4},"end":{"line":67,"column":5}},"type":"if","locations":[{"start":{"line":65,"column":4},"end":{"line":67,"column":5}},{"start":{"line":65,"column":4},"end":{"line":67,"column":5}}],"line":65},"7":{"loc":{"start":{"line":65,"column":8},"end":{"line":65,"column":45}},"type":"binary-expr","locations":[{"start":{"line":65,"column":8},"end":{"line":65,"column":23}},{"start":{"line":65,"column":27},"end":{"line":65,"column":45}}],"line":65},"8":{"loc":{"start":{"line":74,"column":4},"end":{"line":76,"column":5}},"type":"if","locations":[{"start":{"line":74,"column":4},"end":{"line":76,"column":5}},{"start":{"line":74,"column":4},"end":{"line":76,"column":5}}],"line":74},"9":{"loc":{"start":{"line":74,"column":8},"end":{"line":74,"column":45}},"type":"binary-expr","locations":[{"start":{"line":74,"column":8},"end":{"line":74,"column":23}},{"start":{"line":74,"column":27},"end":{"line":74,"column":45}}],"line":74},"10":{"loc":{"start":{"line":83,"column":4},"end":{"line":85,"column":5}},"type":"if","locations":[{"start":{"line":83,"column":4},"end":{"line":85,"column":5}},{"start":{"line":83,"column":4},"end":{"line":85,"column":5}}],"line":83},"11":{"loc":{"start":{"line":84,"column":76},"end":{"line":84,"column":90}},"type":"binary-expr","locations":[{"start":{"line":84,"column":76},"end":{"line":84,"column":81}},{"start":{"line":84,"column":85},"end":{"line":84,"column":90}}],"line":84},"12":{"loc":{"start":{"line":98,"column":2},"end":{"line":100,"column":3}},"type":"if","locations":[{"start":{"line":98,"column":2},"end":{"line":100,"column":3}},{"start":{"line":98,"column":2},"end":{"line":100,"column":3}}],"line":98},"13":{"loc":{"start":{"line":98,"column":6},"end":{"line":98,"column":53}},"type":"binary-expr","locations":[{"start":{"line":98,"column":6},"end":{"line":98,"column":21}},{"start":{"line":98,"column":25},"end":{"line":98,"column":53}}],"line":98}},"s":{"0":4,"1":4,"2":4,"3":4,"4":4,"5":4,"6":4,"7":4,"8":4,"9":4,"10":19,"11":5,"12":4,"13":1,"14":6,"15":5,"16":1,"17":7,"18":1,"19":6,"20":6,"21":7,"22":4,"23":1,"24":3,"25":4,"26":4,"27":1,"28":3,"29":3,"30":3,"31":2,"32":1,"33":0,"34":0,"35":0},"f":{"0":19,"1":5,"2":6,"3":7,"4":7,"5":4,"6":4,"7":4,"8":3,"9":3,"10":0},"b":{"0":[19,17,16],"1":[4,1],"2":[5,1],"3":[6,6],"4":[1,6],"5":[5,1],"6":[1,3],"7":[4,3],"8":[1,3],"9":[4,3],"10":[2,1],"11":[2,1],"12":[0,0],"13":[0,0]},"_coverageSchema":"332fd63041d2c1bcb487cc26dd0d5f7d97098a6c","hash":"c7ee48f9ee020dfee2662a55aa6de9e8902d2d10"}
}
