{"/Users/martincerny/sites/monyl/assets/bg.png": {"path":"/Users/martincerny/sites/monyl/assets/bg.png","statementMap":{"0":{"start":{"line":1,"column":0},"end":{"line":3,"column":6}}},"fnMap":{},"branchMap":{},"s":{"0":2},"f":{},"b":{},"_coverageSchema":"332fd63041d2c1bcb487cc26dd0d5f7d97098a6c","hash":"4ddd6460b4bed67ce73492761fdbf439c0da4fb1"}
,"/Users/martincerny/sites/monyl/assets/header-logo.png": {"path":"/Users/martincerny/sites/monyl/assets/header-logo.png","statementMap":{"0":{"start":{"line":1,"column":0},"end":{"line":3,"column":6}}},"fnMap":{},"branchMap":{},"s":{"0":1},"f":{},"b":{},"_coverageSchema":"332fd63041d2c1bcb487cc26dd0d5f7d97098a6c","hash":"0d2a3748e8e4f4c49991a0916bb39d93d23be002"}
,"/Users/martincerny/sites/monyl/assets/logo.png": {"path":"/Users/martincerny/sites/monyl/assets/logo.png","statementMap":{"0":{"start":{"line":1,"column":0},"end":{"line":3,"column":6}}},"fnMap":{},"branchMap":{},"s":{"0":2},"f":{},"b":{},"_coverageSchema":"332fd63041d2c1bcb487cc26dd0d5f7d97098a6c","hash":"ccff766d2af82cdcaa1a84e130e88b41c1f36f76"}
,"/Users/martincerny/sites/monyl/assets/NewsIcons/1.jpg": {"path":"/Users/martincerny/sites/monyl/assets/NewsIcons/1.jpg","statementMap":{"0":{"start":{"line":1,"column":0},"end":{"line":3,"column":6}}},"fnMap":{},"branchMap":{},"s":{"0":1},"f":{},"b":{},"_coverageSchema":"332fd63041d2c1bcb487cc26dd0d5f7d97098a6c","hash":"3e2494e60c58ed42ad263b139bbba63a6bc0f0e2"}
,"/Users/martincerny/sites/monyl/assets/NewsIcons/10.jpg": {"path":"/Users/martincerny/sites/monyl/assets/NewsIcons/10.jpg","statementMap":{"0":{"start":{"line":1,"column":0},"end":{"line":3,"column":6}}},"fnMap":{},"branchMap":{},"s":{"0":1},"f":{},"b":{},"_coverageSchema":"332fd63041d2c1bcb487cc26dd0d5f7d97098a6c","hash":"419d99b6b5fae8ca6adbcc7912ea6f3b000311f0"}
,"/Users/martincerny/sites/monyl/assets/NewsIcons/11.jpg": {"path":"/Users/martincerny/sites/monyl/assets/NewsIcons/11.jpg","statementMap":{"0":{"start":{"line":1,"column":0},"end":{"line":3,"column":6}}},"fnMap":{},"branchMap":{},"s":{"0":1},"f":{},"b":{},"_coverageSchema":"332fd63041d2c1bcb487cc26dd0d5f7d97098a6c","hash":"6bccc8fd8042326fcd186662750244e7f66dc106"}
,"/Users/martincerny/sites/monyl/assets/NewsIcons/12.jpg": {"path":"/Users/martincerny/sites/monyl/assets/NewsIcons/12.jpg","statementMap":{"0":{"start":{"line":1,"column":0},"end":{"line":3,"column":6}}},"fnMap":{},"branchMap":{},"s":{"0":1},"f":{},"b":{},"_coverageSchema":"332fd63041d2c1bcb487cc26dd0d5f7d97098a6c","hash":"545c2fec8206f6a18591a9dfea34a25d2b1c396d"}
,"/Users/martincerny/sites/monyl/assets/NewsIcons/13.jpg": {"path":"/Users/martincerny/sites/monyl/assets/NewsIcons/13.jpg","statementMap":{"0":{"start":{"line":1,"column":0},"end":{"line":3,"column":6}}},"fnMap":{},"branchMap":{},"s":{"0":1},"f":{},"b":{},"_coverageSchema":"332fd63041d2c1bcb487cc26dd0d5f7d97098a6c","hash":"b0143b8171d9cd477096072bf155ebd7bd37479a"}
,"/Users/martincerny/sites/monyl/assets/NewsIcons/2.jpg": {"path":"/Users/martincerny/sites/monyl/assets/NewsIcons/2.jpg","statementMap":{"0":{"start":{"line":1,"column":0},"end":{"line":3,"column":6}}},"fnMap":{},"branchMap":{},"s":{"0":1},"f":{},"b":{},"_coverageSchema":"332fd63041d2c1bcb487cc26dd0d5f7d97098a6c","hash":"b7766fdb1c2778cd46a679ffec434fb926f709e7"}
,"/Users/martincerny/sites/monyl/assets/NewsIcons/6.jpg": {"path":"/Users/martincerny/sites/monyl/assets/NewsIcons/6.jpg","statementMap":{"0":{"start":{"line":1,"column":0},"end":{"line":3,"column":6}}},"fnMap":{},"branchMap":{},"s":{"0":1},"f":{},"b":{},"_coverageSchema":"332fd63041d2c1bcb487cc26dd0d5f7d97098a6c","hash":"76605241ef7091a59eeda7e663a7c94556f39466"}
,"/Users/martincerny/sites/monyl/assets/NewsIcons/7.jpg": {"path":"/Users/martincerny/sites/monyl/assets/NewsIcons/7.jpg","statementMap":{"0":{"start":{"line":1,"column":0},"end":{"line":3,"column":6}}},"fnMap":{},"branchMap":{},"s":{"0":1},"f":{},"b":{},"_coverageSchema":"332fd63041d2c1bcb487cc26dd0d5f7d97098a6c","hash":"77e25ee745b28b2a8ee255bf0e309705a6762267"}
,"/Users/martincerny/sites/monyl/assets/NewsIcons/8.jpg": {"path":"/Users/martincerny/sites/monyl/assets/NewsIcons/8.jpg","statementMap":{"0":{"start":{"line":1,"column":0},"end":{"line":3,"column":6}}},"fnMap":{},"branchMap":{},"s":{"0":1},"f":{},"b":{},"_coverageSchema":"332fd63041d2c1bcb487cc26dd0d5f7d97098a6c","hash":"b1591155d45876a240e6a681599a010405e800f0"}
,"/Users/martincerny/sites/monyl/assets/NewsIcons/9.jpg": {"path":"/Users/martincerny/sites/monyl/assets/NewsIcons/9.jpg","statementMap":{"0":{"start":{"line":1,"column":0},"end":{"line":3,"column":6}}},"fnMap":{},"branchMap":{},"s":{"0":1},"f":{},"b":{},"_coverageSchema":"332fd63041d2c1bcb487cc26dd0d5f7d97098a6c","hash":"cdb2c54f5fb4a6ea958306af580587578d908033"}
,"/Users/martincerny/sites/monyl/jest/setup.js": {"path":"/Users/martincerny/sites/monyl/jest/setup.js","statementMap":{"0":{"start":{"line":4,"column":0},"end":{"line":4,"column":38}}},"fnMap":{},"branchMap":{},"s":{"0":4},"f":{},"b":{},"_coverageSchema":"332fd63041d2c1bcb487cc26dd0d5f7d97098a6c","hash":"770f0b3ee3c3b1e89b0bce915b8b2e382f175c4b"}
,"/Users/martincerny/sites/monyl/src/components/ActionSheetPicker/index.ios.js": {"path":"/Users/martincerny/sites/monyl/src/components/ActionSheetPicker/index.ios.js","statementMap":{"0":{"start":{"line":17,"column":24},"end":{"line":17,"column":34}},"1":{"start":{"line":18,"column":19},"end":{"line":18,"column":41}},"2":{"start":{"line":19,"column":4},"end":{"line":19,"column":70}},"3":{"start":{"line":20,"column":17},"end":{"line":20,"column":37}},"4":{"start":{"line":22,"column":4},"end":{"line":32,"column":6}},"5":{"start":{"line":28,"column":8},"end":{"line":30,"column":9}},"6":{"start":{"line":29,"column":10},"end":{"line":29,"column":49}},"7":{"start":{"line":36,"column":4},"end":{"line":42,"column":6}},"8":{"start":{"line":46,"column":14},"end":{"line":51,"column":2}}},"fnMap":{"0":{"name":"(anonymous_0)","decl":{"start":{"line":16,"column":20},"end":{"line":16,"column":21}},"loc":{"start":{"line":16,"column":26},"end":{"line":33,"column":3}},"line":16},"1":{"name":"(anonymous_1)","decl":{"start":{"line":27,"column":6},"end":{"line":27,"column":7}},"loc":{"start":{"line":27,"column":23},"end":{"line":31,"column":7}},"line":27},"2":{"name":"(anonymous_2)","decl":{"start":{"line":35,"column":2},"end":{"line":35,"column":3}},"loc":{"start":{"line":35,"column":11},"end":{"line":43,"column":3}},"line":35}},"branchMap":{"0":{"loc":{"start":{"line":28,"column":8},"end":{"line":30,"column":9}},"type":"if","locations":[{"start":{"line":28,"column":8},"end":{"line":30,"column":9}},{"start":{"line":28,"column":8},"end":{"line":30,"column":9}}],"line":28}},"s":{"0":0,"1":0,"2":0,"3":0,"4":0,"5":0,"6":0,"7":0,"8":2},"f":{"0":0,"1":0,"2":0},"b":{"0":[0,0]},"_coverageSchema":"332fd63041d2c1bcb487cc26dd0d5f7d97098a6c","hash":"f3dd59e251a141059eb5984e9281538f6cf32ea0"}
,"/Users/martincerny/sites/monyl/src/components/form/InputField/index.js": {"path":"/Users/martincerny/sites/monyl/src/components/form/InputField/index.js","statementMap":{"0":{"start":{"line":11,"column":19},"end":{"line":33,"column":1}},"1":{"start":{"line":14,"column":6},"end":{"line":14,"column":11}},"2":{"start":{"line":15,"column":2},"end":{"line":32,"column":4}}},"fnMap":{"0":{"name":"(anonymous_0)","decl":{"start":{"line":11,"column":19},"end":{"line":11,"column":20}},"loc":{"start":{"line":11,"column":37},"end":{"line":33,"column":1}},"line":11}},"branchMap":{"0":{"loc":{"start":{"line":17,"column":19},"end":{"line":17,"column":35}},"type":"binary-expr","locations":[{"start":{"line":17,"column":19},"end":{"line":17,"column":24}},{"start":{"line":17,"column":28},"end":{"line":17,"column":35}}],"line":17},"1":{"loc":{"start":{"line":18,"column":9},"end":{"line":18,"column":64}},"type":"binary-expr","locations":[{"start":{"line":18,"column":9},"end":{"line":18,"column":13}},{"start":{"line":18,"column":17},"end":{"line":18,"column":64}}],"line":18},"2":{"loc":{"start":{"line":26,"column":7},"end":{"line":30,"column":7}},"type":"cond-expr","locations":[{"start":{"line":27,"column":8},"end":{"line":27,"column":58}},{"start":{"line":29,"column":8},"end":{"line":29,"column":61}}],"line":26},"3":{"loc":{"start":{"line":26,"column":7},"end":{"line":26,"column":23}},"type":"binary-expr","locations":[{"start":{"line":26,"column":7},"end":{"line":26,"column":14}},{"start":{"line":26,"column":18},"end":{"line":26,"column":23}}],"line":26}},"s":{"0":1,"1":0,"2":0},"f":{"0":0},"b":{"0":[0,0],"1":[0,0],"2":[0,0],"3":[0,0]},"_coverageSchema":"332fd63041d2c1bcb487cc26dd0d5f7d97098a6c","hash":"f2ece48b13c1c29f2acbb72b853acfb347cfebe6"}
,"/Users/martincerny/sites/monyl/src/components/form/InputField/styles.js": {"path":"/Users/martincerny/sites/monyl/src/components/form/InputField/styles.js","statementMap":{"0":{"start":{"line":1,"column":14},"end":{"line":1,"column":37}},"1":{"start":{"line":3,"column":21},"end":{"line":3,"column":26}},"2":{"start":{"line":4,"column":20},"end":{"line":4,"column":67}}},"fnMap":{},"branchMap":{"0":{"loc":{"start":{"line":21,"column":14},"end":{"line":21,"column":49}},"type":"cond-expr","locations":[{"start":{"line":21,"column":42},"end":{"line":21,"column":44}},{"start":{"line":21,"column":47},"end":{"line":21,"column":49}}],"line":21},"1":{"loc":{"start":{"line":27,"column":14},"end":{"line":27,"column":49}},"type":"cond-expr","locations":[{"start":{"line":27,"column":42},"end":{"line":27,"column":44}},{"start":{"line":27,"column":47},"end":{"line":27,"column":49}}],"line":27}},"s":{"0":1,"1":1,"2":1},"f":{},"b":{"0":[0,1],"1":[0,1]},"_coverageSchema":"332fd63041d2c1bcb487cc26dd0d5f7d97098a6c","hash":"c9400ed718e671109a00605b6a70fe685936f22d"}
,"/Users/martincerny/sites/monyl/src/i18n/common.js": {"path":"/Users/martincerny/sites/monyl/src/i18n/common.js","statementMap":{},"fnMap":{},"branchMap":{},"s":{},"f":{},"b":{},"_coverageSchema":"332fd63041d2c1bcb487cc26dd0d5f7d97098a6c","hash":"62acbbbb210437ebcaea2539ebf5dde8684b71ac"}
,"/Users/martincerny/sites/monyl/src/reducers/localesReducer.js": {"path":"/Users/martincerny/sites/monyl/src/reducers/localesReducer.js","statementMap":{"0":{"start":{"line":4,"column":22},"end":{"line":4,"column":37}},"1":{"start":{"line":6,"column":28},"end":{"line":11,"column":2}},"2":{"start":{"line":6,"column":39},"end":{"line":11,"column":1}},"3":{"start":{"line":13,"column":21},"end":{"line":18,"column":1}},"4":{"start":{"line":20,"column":19},"end":{"line":25,"column":1}},"5":{"start":{"line":28,"column":2},"end":{"line":45,"column":3}},"6":{"start":{"line":30,"column":6},"end":{"line":42,"column":7}},"7":{"start":{"line":32,"column":10},"end":{"line":35,"column":12}},"8":{"start":{"line":38,"column":10},"end":{"line":41,"column":12}},"9":{"start":{"line":44,"column":6},"end":{"line":44,"column":19}}},"fnMap":{"0":{"name":"(anonymous_0)","decl":{"start":{"line":6,"column":28},"end":{"line":6,"column":29}},"loc":{"start":{"line":6,"column":39},"end":{"line":11,"column":1}},"line":6},"1":{"name":"(anonymous_1)","decl":{"start":{"line":27,"column":15},"end":{"line":27,"column":16}},"loc":{"start":{"line":27,"column":64},"end":{"line":46,"column":1}},"line":27}},"branchMap":{"0":{"loc":{"start":{"line":27,"column":16},"end":{"line":27,"column":41}},"type":"default-arg","locations":[{"start":{"line":27,"column":29},"end":{"line":27,"column":41}}],"line":27},"1":{"loc":{"start":{"line":28,"column":2},"end":{"line":45,"column":3}},"type":"switch","locations":[{"start":{"line":29,"column":4},"end":{"line":42,"column":7}},{"start":{"line":43,"column":4},"end":{"line":44,"column":19}}],"line":28},"2":{"loc":{"start":{"line":30,"column":6},"end":{"line":42,"column":7}},"type":"switch","locations":[{"start":{"line":31,"column":8},"end":{"line":35,"column":12}},{"start":{"line":37,"column":8},"end":{"line":41,"column":12}}],"line":30}},"s":{"0":2,"1":2,"2":1,"3":2,"4":2,"5":0,"6":0,"7":0,"8":0,"9":0},"f":{"0":1,"1":0},"b":{"0":[0],"1":[0,0],"2":[0,0]},"_coverageSchema":"332fd63041d2c1bcb487cc26dd0d5f7d97098a6c","hash":"1fff266cb99b45c4e135dffa879d0a9069cfd8e3"}
,"/Users/martincerny/sites/monyl/src/screens/Channels/index.js": {"path":"/Users/martincerny/sites/monyl/src/screens/Channels/index.js","statementMap":{"0":{"start":{"line":24,"column":19},"end":{"line":24,"column":61}},"1":{"start":{"line":30,"column":17},"end":{"line":61,"column":1}},"2":{"start":{"line":31,"column":2},"end":{"line":60,"column":14}},"3":{"start":{"line":34,"column":43},"end":{"line":34,"column":82}}},"fnMap":{"0":{"name":"(anonymous_0)","decl":{"start":{"line":30,"column":17},"end":{"line":30,"column":18}},"loc":{"start":{"line":31,"column":2},"end":{"line":60,"column":14}},"line":31},"1":{"name":"(anonymous_1)","decl":{"start":{"line":34,"column":37},"end":{"line":34,"column":38}},"loc":{"start":{"line":34,"column":43},"end":{"line":34,"column":82}},"line":34}},"branchMap":{},"s":{"0":1,"1":1,"2":1,"3":0},"f":{"0":1,"1":0},"b":{},"_coverageSchema":"332fd63041d2c1bcb487cc26dd0d5f7d97098a6c","hash":"1a0dd0fb6d6b4e187f4006b3db236bde4c7ed661"}
,"/Users/martincerny/sites/monyl/src/screens/Channels/styles.js": {"path":"/Users/martincerny/sites/monyl/src/screens/Channels/styles.js","statementMap":{"0":{"start":{"line":1,"column":14},"end":{"line":1,"column":37}},"1":{"start":{"line":3,"column":33},"end":{"line":3,"column":38}},"2":{"start":{"line":5,"column":16},"end":{"line":5,"column":73}},"3":{"start":{"line":7,"column":21},"end":{"line":7,"column":52}},"4":{"start":{"line":8,"column":20},"end":{"line":8,"column":50}}},"fnMap":{},"branchMap":{"0":{"loc":{"start":{"line":27,"column":17},"end":{"line":27,"column":77}},"type":"cond-expr","locations":[{"start":{"line":27,"column":45},"end":{"line":27,"column":51}},{"start":{"line":27,"column":54},"end":{"line":27,"column":77}}],"line":27}},"s":{"0":1,"1":1,"2":1,"3":1,"4":1},"f":{},"b":{"0":[0,1]},"_coverageSchema":"332fd63041d2c1bcb487cc26dd0d5f7d97098a6c","hash":"6438faa04591707fb114d15a2cb064e901d2ee63"}
,"/Users/martincerny/sites/monyl/src/screens/Channels/tabOne.js": {"path":"/Users/martincerny/sites/monyl/src/screens/Channels/tabOne.js","statementMap":{"0":{"start":{"line":14,"column":15},"end":{"line":194,"column":1}},"1":{"start":{"line":15,"column":25},"end":{"line":15,"column":30}},"2":{"start":{"line":16,"column":2},"end":{"line":193,"column":4}},"3":{"start":{"line":22,"column":47},"end":{"line":22,"column":77}},"4":{"start":{"line":38,"column":47},"end":{"line":38,"column":77}},"5":{"start":{"line":56,"column":47},"end":{"line":56,"column":77}},"6":{"start":{"line":72,"column":47},"end":{"line":72,"column":77}},"7":{"start":{"line":90,"column":47},"end":{"line":90,"column":77}},"8":{"start":{"line":106,"column":47},"end":{"line":106,"column":77}},"9":{"start":{"line":124,"column":47},"end":{"line":124,"column":77}},"10":{"start":{"line":140,"column":47},"end":{"line":140,"column":77}},"11":{"start":{"line":158,"column":47},"end":{"line":158,"column":77}},"12":{"start":{"line":174,"column":47},"end":{"line":174,"column":77}}},"fnMap":{"0":{"name":"(anonymous_0)","decl":{"start":{"line":14,"column":15},"end":{"line":14,"column":16}},"loc":{"start":{"line":14,"column":33},"end":{"line":194,"column":1}},"line":14},"1":{"name":"(anonymous_1)","decl":{"start":{"line":22,"column":41},"end":{"line":22,"column":42}},"loc":{"start":{"line":22,"column":47},"end":{"line":22,"column":77}},"line":22},"2":{"name":"(anonymous_2)","decl":{"start":{"line":38,"column":41},"end":{"line":38,"column":42}},"loc":{"start":{"line":38,"column":47},"end":{"line":38,"column":77}},"line":38},"3":{"name":"(anonymous_3)","decl":{"start":{"line":56,"column":41},"end":{"line":56,"column":42}},"loc":{"start":{"line":56,"column":47},"end":{"line":56,"column":77}},"line":56},"4":{"name":"(anonymous_4)","decl":{"start":{"line":72,"column":41},"end":{"line":72,"column":42}},"loc":{"start":{"line":72,"column":47},"end":{"line":72,"column":77}},"line":72},"5":{"name":"(anonymous_5)","decl":{"start":{"line":90,"column":41},"end":{"line":90,"column":42}},"loc":{"start":{"line":90,"column":47},"end":{"line":90,"column":77}},"line":90},"6":{"name":"(anonymous_6)","decl":{"start":{"line":106,"column":41},"end":{"line":106,"column":42}},"loc":{"start":{"line":106,"column":47},"end":{"line":106,"column":77}},"line":106},"7":{"name":"(anonymous_7)","decl":{"start":{"line":124,"column":41},"end":{"line":124,"column":42}},"loc":{"start":{"line":124,"column":47},"end":{"line":124,"column":77}},"line":124},"8":{"name":"(anonymous_8)","decl":{"start":{"line":140,"column":41},"end":{"line":140,"column":42}},"loc":{"start":{"line":140,"column":47},"end":{"line":140,"column":77}},"line":140},"9":{"name":"(anonymous_9)","decl":{"start":{"line":158,"column":41},"end":{"line":158,"column":42}},"loc":{"start":{"line":158,"column":47},"end":{"line":158,"column":77}},"line":158},"10":{"name":"(anonymous_10)","decl":{"start":{"line":174,"column":41},"end":{"line":174,"column":42}},"loc":{"start":{"line":174,"column":47},"end":{"line":174,"column":77}},"line":174}},"branchMap":{"0":{"loc":{"start":{"line":29,"column":22},"end":{"line":29,"column":99}},"type":"cond-expr","locations":[{"start":{"line":29,"column":50},"end":{"line":29,"column":72}},{"start":{"line":29,"column":75},"end":{"line":29,"column":99}}],"line":29},"1":{"loc":{"start":{"line":45,"column":22},"end":{"line":45,"column":99}},"type":"cond-expr","locations":[{"start":{"line":45,"column":50},"end":{"line":45,"column":72}},{"start":{"line":45,"column":75},"end":{"line":45,"column":99}}],"line":45},"2":{"loc":{"start":{"line":63,"column":22},"end":{"line":63,"column":99}},"type":"cond-expr","locations":[{"start":{"line":63,"column":50},"end":{"line":63,"column":72}},{"start":{"line":63,"column":75},"end":{"line":63,"column":99}}],"line":63},"3":{"loc":{"start":{"line":79,"column":22},"end":{"line":79,"column":99}},"type":"cond-expr","locations":[{"start":{"line":79,"column":50},"end":{"line":79,"column":72}},{"start":{"line":79,"column":75},"end":{"line":79,"column":99}}],"line":79},"4":{"loc":{"start":{"line":97,"column":22},"end":{"line":97,"column":99}},"type":"cond-expr","locations":[{"start":{"line":97,"column":50},"end":{"line":97,"column":72}},{"start":{"line":97,"column":75},"end":{"line":97,"column":99}}],"line":97},"5":{"loc":{"start":{"line":113,"column":22},"end":{"line":113,"column":99}},"type":"cond-expr","locations":[{"start":{"line":113,"column":50},"end":{"line":113,"column":72}},{"start":{"line":113,"column":75},"end":{"line":113,"column":99}}],"line":113},"6":{"loc":{"start":{"line":131,"column":22},"end":{"line":131,"column":99}},"type":"cond-expr","locations":[{"start":{"line":131,"column":50},"end":{"line":131,"column":72}},{"start":{"line":131,"column":75},"end":{"line":131,"column":99}}],"line":131},"7":{"loc":{"start":{"line":147,"column":22},"end":{"line":147,"column":99}},"type":"cond-expr","locations":[{"start":{"line":147,"column":50},"end":{"line":147,"column":72}},{"start":{"line":147,"column":75},"end":{"line":147,"column":99}}],"line":147},"8":{"loc":{"start":{"line":165,"column":22},"end":{"line":165,"column":99}},"type":"cond-expr","locations":[{"start":{"line":165,"column":50},"end":{"line":165,"column":72}},{"start":{"line":165,"column":75},"end":{"line":165,"column":99}}],"line":165},"9":{"loc":{"start":{"line":181,"column":22},"end":{"line":181,"column":99}},"type":"cond-expr","locations":[{"start":{"line":181,"column":50},"end":{"line":181,"column":72}},{"start":{"line":181,"column":75},"end":{"line":181,"column":99}}],"line":181}},"s":{"0":1,"1":1,"2":1,"3":0,"4":0,"5":0,"6":0,"7":0,"8":0,"9":0,"10":0,"11":0,"12":0},"f":{"0":1,"1":0,"2":0,"3":0,"4":0,"5":0,"6":0,"7":0,"8":0,"9":0,"10":0},"b":{"0":[0,1],"1":[0,1],"2":[0,1],"3":[0,1],"4":[0,1],"5":[0,1],"6":[0,1],"7":[0,1],"8":[0,1],"9":[0,1]},"_coverageSchema":"332fd63041d2c1bcb487cc26dd0d5f7d97098a6c","hash":"af481cb7d20a89ef7bb9e4983fa03bbb3acce36e"}
,"/Users/martincerny/sites/monyl/src/screens/Channels/tabThree.js": {"path":"/Users/martincerny/sites/monyl/src/screens/Channels/tabThree.js","statementMap":{"0":{"start":{"line":14,"column":17},"end":{"line":194,"column":1}},"1":{"start":{"line":15,"column":25},"end":{"line":15,"column":30}},"2":{"start":{"line":16,"column":2},"end":{"line":193,"column":4}},"3":{"start":{"line":22,"column":47},"end":{"line":22,"column":77}},"4":{"start":{"line":38,"column":47},"end":{"line":38,"column":77}},"5":{"start":{"line":56,"column":47},"end":{"line":56,"column":77}},"6":{"start":{"line":72,"column":47},"end":{"line":72,"column":77}},"7":{"start":{"line":90,"column":47},"end":{"line":90,"column":77}},"8":{"start":{"line":106,"column":47},"end":{"line":106,"column":77}},"9":{"start":{"line":124,"column":47},"end":{"line":124,"column":77}},"10":{"start":{"line":140,"column":47},"end":{"line":140,"column":77}},"11":{"start":{"line":158,"column":47},"end":{"line":158,"column":77}},"12":{"start":{"line":174,"column":47},"end":{"line":174,"column":77}}},"fnMap":{"0":{"name":"(anonymous_0)","decl":{"start":{"line":14,"column":17},"end":{"line":14,"column":18}},"loc":{"start":{"line":14,"column":35},"end":{"line":194,"column":1}},"line":14},"1":{"name":"(anonymous_1)","decl":{"start":{"line":22,"column":41},"end":{"line":22,"column":42}},"loc":{"start":{"line":22,"column":47},"end":{"line":22,"column":77}},"line":22},"2":{"name":"(anonymous_2)","decl":{"start":{"line":38,"column":41},"end":{"line":38,"column":42}},"loc":{"start":{"line":38,"column":47},"end":{"line":38,"column":77}},"line":38},"3":{"name":"(anonymous_3)","decl":{"start":{"line":56,"column":41},"end":{"line":56,"column":42}},"loc":{"start":{"line":56,"column":47},"end":{"line":56,"column":77}},"line":56},"4":{"name":"(anonymous_4)","decl":{"start":{"line":72,"column":41},"end":{"line":72,"column":42}},"loc":{"start":{"line":72,"column":47},"end":{"line":72,"column":77}},"line":72},"5":{"name":"(anonymous_5)","decl":{"start":{"line":90,"column":41},"end":{"line":90,"column":42}},"loc":{"start":{"line":90,"column":47},"end":{"line":90,"column":77}},"line":90},"6":{"name":"(anonymous_6)","decl":{"start":{"line":106,"column":41},"end":{"line":106,"column":42}},"loc":{"start":{"line":106,"column":47},"end":{"line":106,"column":77}},"line":106},"7":{"name":"(anonymous_7)","decl":{"start":{"line":124,"column":41},"end":{"line":124,"column":42}},"loc":{"start":{"line":124,"column":47},"end":{"line":124,"column":77}},"line":124},"8":{"name":"(anonymous_8)","decl":{"start":{"line":140,"column":41},"end":{"line":140,"column":42}},"loc":{"start":{"line":140,"column":47},"end":{"line":140,"column":77}},"line":140},"9":{"name":"(anonymous_9)","decl":{"start":{"line":158,"column":41},"end":{"line":158,"column":42}},"loc":{"start":{"line":158,"column":47},"end":{"line":158,"column":77}},"line":158},"10":{"name":"(anonymous_10)","decl":{"start":{"line":174,"column":41},"end":{"line":174,"column":42}},"loc":{"start":{"line":174,"column":47},"end":{"line":174,"column":77}},"line":174}},"branchMap":{"0":{"loc":{"start":{"line":29,"column":22},"end":{"line":29,"column":99}},"type":"cond-expr","locations":[{"start":{"line":29,"column":50},"end":{"line":29,"column":72}},{"start":{"line":29,"column":75},"end":{"line":29,"column":99}}],"line":29},"1":{"loc":{"start":{"line":45,"column":22},"end":{"line":45,"column":99}},"type":"cond-expr","locations":[{"start":{"line":45,"column":50},"end":{"line":45,"column":72}},{"start":{"line":45,"column":75},"end":{"line":45,"column":99}}],"line":45},"2":{"loc":{"start":{"line":63,"column":22},"end":{"line":63,"column":99}},"type":"cond-expr","locations":[{"start":{"line":63,"column":50},"end":{"line":63,"column":72}},{"start":{"line":63,"column":75},"end":{"line":63,"column":99}}],"line":63},"3":{"loc":{"start":{"line":79,"column":22},"end":{"line":79,"column":99}},"type":"cond-expr","locations":[{"start":{"line":79,"column":50},"end":{"line":79,"column":72}},{"start":{"line":79,"column":75},"end":{"line":79,"column":99}}],"line":79},"4":{"loc":{"start":{"line":97,"column":22},"end":{"line":97,"column":99}},"type":"cond-expr","locations":[{"start":{"line":97,"column":50},"end":{"line":97,"column":72}},{"start":{"line":97,"column":75},"end":{"line":97,"column":99}}],"line":97},"5":{"loc":{"start":{"line":113,"column":22},"end":{"line":113,"column":99}},"type":"cond-expr","locations":[{"start":{"line":113,"column":50},"end":{"line":113,"column":72}},{"start":{"line":113,"column":75},"end":{"line":113,"column":99}}],"line":113},"6":{"loc":{"start":{"line":131,"column":22},"end":{"line":131,"column":99}},"type":"cond-expr","locations":[{"start":{"line":131,"column":50},"end":{"line":131,"column":72}},{"start":{"line":131,"column":75},"end":{"line":131,"column":99}}],"line":131},"7":{"loc":{"start":{"line":147,"column":22},"end":{"line":147,"column":99}},"type":"cond-expr","locations":[{"start":{"line":147,"column":50},"end":{"line":147,"column":72}},{"start":{"line":147,"column":75},"end":{"line":147,"column":99}}],"line":147},"8":{"loc":{"start":{"line":165,"column":22},"end":{"line":165,"column":99}},"type":"cond-expr","locations":[{"start":{"line":165,"column":50},"end":{"line":165,"column":72}},{"start":{"line":165,"column":75},"end":{"line":165,"column":99}}],"line":165},"9":{"loc":{"start":{"line":181,"column":22},"end":{"line":181,"column":99}},"type":"cond-expr","locations":[{"start":{"line":181,"column":50},"end":{"line":181,"column":72}},{"start":{"line":181,"column":75},"end":{"line":181,"column":99}}],"line":181}},"s":{"0":1,"1":0,"2":0,"3":0,"4":0,"5":0,"6":0,"7":0,"8":0,"9":0,"10":0,"11":0,"12":0},"f":{"0":0,"1":0,"2":0,"3":0,"4":0,"5":0,"6":0,"7":0,"8":0,"9":0,"10":0},"b":{"0":[0,0],"1":[0,0],"2":[0,0],"3":[0,0],"4":[0,0],"5":[0,0],"6":[0,0],"7":[0,0],"8":[0,0],"9":[0,0]},"_coverageSchema":"332fd63041d2c1bcb487cc26dd0d5f7d97098a6c","hash":"25b8ee14b600dd84f20554b8ad267e27eace137f"}
,"/Users/martincerny/sites/monyl/src/screens/Channels/tabTwo.js": {"path":"/Users/martincerny/sites/monyl/src/screens/Channels/tabTwo.js","statementMap":{"0":{"start":{"line":13,"column":15},"end":{"line":193,"column":1}},"1":{"start":{"line":14,"column":25},"end":{"line":14,"column":30}},"2":{"start":{"line":15,"column":2},"end":{"line":192,"column":4}},"3":{"start":{"line":21,"column":47},"end":{"line":21,"column":77}},"4":{"start":{"line":37,"column":47},"end":{"line":37,"column":77}},"5":{"start":{"line":55,"column":47},"end":{"line":55,"column":77}},"6":{"start":{"line":71,"column":47},"end":{"line":71,"column":77}},"7":{"start":{"line":89,"column":47},"end":{"line":89,"column":77}},"8":{"start":{"line":105,"column":47},"end":{"line":105,"column":77}},"9":{"start":{"line":123,"column":47},"end":{"line":123,"column":77}},"10":{"start":{"line":139,"column":47},"end":{"line":139,"column":77}},"11":{"start":{"line":157,"column":47},"end":{"line":157,"column":77}},"12":{"start":{"line":173,"column":47},"end":{"line":173,"column":77}}},"fnMap":{"0":{"name":"(anonymous_0)","decl":{"start":{"line":13,"column":15},"end":{"line":13,"column":16}},"loc":{"start":{"line":13,"column":33},"end":{"line":193,"column":1}},"line":13},"1":{"name":"(anonymous_1)","decl":{"start":{"line":21,"column":41},"end":{"line":21,"column":42}},"loc":{"start":{"line":21,"column":47},"end":{"line":21,"column":77}},"line":21},"2":{"name":"(anonymous_2)","decl":{"start":{"line":37,"column":41},"end":{"line":37,"column":42}},"loc":{"start":{"line":37,"column":47},"end":{"line":37,"column":77}},"line":37},"3":{"name":"(anonymous_3)","decl":{"start":{"line":55,"column":41},"end":{"line":55,"column":42}},"loc":{"start":{"line":55,"column":47},"end":{"line":55,"column":77}},"line":55},"4":{"name":"(anonymous_4)","decl":{"start":{"line":71,"column":41},"end":{"line":71,"column":42}},"loc":{"start":{"line":71,"column":47},"end":{"line":71,"column":77}},"line":71},"5":{"name":"(anonymous_5)","decl":{"start":{"line":89,"column":41},"end":{"line":89,"column":42}},"loc":{"start":{"line":89,"column":47},"end":{"line":89,"column":77}},"line":89},"6":{"name":"(anonymous_6)","decl":{"start":{"line":105,"column":41},"end":{"line":105,"column":42}},"loc":{"start":{"line":105,"column":47},"end":{"line":105,"column":77}},"line":105},"7":{"name":"(anonymous_7)","decl":{"start":{"line":123,"column":41},"end":{"line":123,"column":42}},"loc":{"start":{"line":123,"column":47},"end":{"line":123,"column":77}},"line":123},"8":{"name":"(anonymous_8)","decl":{"start":{"line":139,"column":41},"end":{"line":139,"column":42}},"loc":{"start":{"line":139,"column":47},"end":{"line":139,"column":77}},"line":139},"9":{"name":"(anonymous_9)","decl":{"start":{"line":157,"column":41},"end":{"line":157,"column":42}},"loc":{"start":{"line":157,"column":47},"end":{"line":157,"column":77}},"line":157},"10":{"name":"(anonymous_10)","decl":{"start":{"line":173,"column":41},"end":{"line":173,"column":42}},"loc":{"start":{"line":173,"column":47},"end":{"line":173,"column":77}},"line":173}},"branchMap":{"0":{"loc":{"start":{"line":28,"column":22},"end":{"line":28,"column":99}},"type":"cond-expr","locations":[{"start":{"line":28,"column":50},"end":{"line":28,"column":72}},{"start":{"line":28,"column":75},"end":{"line":28,"column":99}}],"line":28},"1":{"loc":{"start":{"line":44,"column":22},"end":{"line":44,"column":99}},"type":"cond-expr","locations":[{"start":{"line":44,"column":50},"end":{"line":44,"column":72}},{"start":{"line":44,"column":75},"end":{"line":44,"column":99}}],"line":44},"2":{"loc":{"start":{"line":62,"column":22},"end":{"line":62,"column":99}},"type":"cond-expr","locations":[{"start":{"line":62,"column":50},"end":{"line":62,"column":72}},{"start":{"line":62,"column":75},"end":{"line":62,"column":99}}],"line":62},"3":{"loc":{"start":{"line":78,"column":22},"end":{"line":78,"column":99}},"type":"cond-expr","locations":[{"start":{"line":78,"column":50},"end":{"line":78,"column":72}},{"start":{"line":78,"column":75},"end":{"line":78,"column":99}}],"line":78},"4":{"loc":{"start":{"line":96,"column":22},"end":{"line":96,"column":99}},"type":"cond-expr","locations":[{"start":{"line":96,"column":50},"end":{"line":96,"column":72}},{"start":{"line":96,"column":75},"end":{"line":96,"column":99}}],"line":96},"5":{"loc":{"start":{"line":112,"column":22},"end":{"line":112,"column":99}},"type":"cond-expr","locations":[{"start":{"line":112,"column":50},"end":{"line":112,"column":72}},{"start":{"line":112,"column":75},"end":{"line":112,"column":99}}],"line":112},"6":{"loc":{"start":{"line":130,"column":22},"end":{"line":130,"column":99}},"type":"cond-expr","locations":[{"start":{"line":130,"column":50},"end":{"line":130,"column":72}},{"start":{"line":130,"column":75},"end":{"line":130,"column":99}}],"line":130},"7":{"loc":{"start":{"line":146,"column":22},"end":{"line":146,"column":99}},"type":"cond-expr","locations":[{"start":{"line":146,"column":50},"end":{"line":146,"column":72}},{"start":{"line":146,"column":75},"end":{"line":146,"column":99}}],"line":146},"8":{"loc":{"start":{"line":164,"column":22},"end":{"line":164,"column":99}},"type":"cond-expr","locations":[{"start":{"line":164,"column":50},"end":{"line":164,"column":72}},{"start":{"line":164,"column":75},"end":{"line":164,"column":99}}],"line":164},"9":{"loc":{"start":{"line":180,"column":22},"end":{"line":180,"column":99}},"type":"cond-expr","locations":[{"start":{"line":180,"column":50},"end":{"line":180,"column":72}},{"start":{"line":180,"column":75},"end":{"line":180,"column":99}}],"line":180}},"s":{"0":1,"1":0,"2":0,"3":0,"4":0,"5":0,"6":0,"7":0,"8":0,"9":0,"10":0,"11":0,"12":0},"f":{"0":0,"1":0,"2":0,"3":0,"4":0,"5":0,"6":0,"7":0,"8":0,"9":0,"10":0},"b":{"0":[0,0],"1":[0,0],"2":[0,0],"3":[0,0],"4":[0,0],"5":[0,0],"6":[0,0],"7":[0,0],"8":[0,0],"9":[0,0]},"_coverageSchema":"332fd63041d2c1bcb487cc26dd0d5f7d97098a6c","hash":"847c48d5ca0bf742990be568a893e99447457513"}
,"/Users/martincerny/sites/monyl/src/screens/Initial/Initial.js": {"path":"/Users/martincerny/sites/monyl/src/screens/Initial/Initial.js","statementMap":{"0":{"start":{"line":12,"column":11},"end":{"line":12,"column":44}},"1":{"start":{"line":13,"column":13},"end":{"line":13,"column":48}},"2":{"start":{"line":23,"column":4},"end":{"line":23,"column":45}},"3":{"start":{"line":27,"column":4},"end":{"line":27,"column":45}},"4":{"start":{"line":31,"column":4},"end":{"line":31,"column":44}},"5":{"start":{"line":35,"column":4},"end":{"line":88,"column":6}}},"fnMap":{"0":{"name":"(anonymous_0)","decl":{"start":{"line":22,"column":17},"end":{"line":22,"column":18}},"loc":{"start":{"line":22,"column":28},"end":{"line":24,"column":3}},"line":22},"1":{"name":"(anonymous_1)","decl":{"start":{"line":26,"column":19},"end":{"line":26,"column":20}},"loc":{"start":{"line":26,"column":25},"end":{"line":28,"column":3}},"line":26},"2":{"name":"(anonymous_2)","decl":{"start":{"line":30,"column":18},"end":{"line":30,"column":19}},"loc":{"start":{"line":30,"column":24},"end":{"line":32,"column":3}},"line":30},"3":{"name":"(anonymous_3)","decl":{"start":{"line":34,"column":2},"end":{"line":34,"column":3}},"loc":{"start":{"line":34,"column":11},"end":{"line":89,"column":3}},"line":34}},"branchMap":{},"s":{"0":1,"1":1,"2":1,"3":1,"4":1,"5":4},"f":{"0":1,"1":1,"2":1,"3":4},"b":{},"_coverageSchema":"332fd63041d2c1bcb487cc26dd0d5f7d97098a6c","hash":"85d73c33aaa9304638fc1da694514d24c65f9c0b"}
,"/Users/martincerny/sites/monyl/src/screens/Initial/styles.js": {"path":"/Users/martincerny/sites/monyl/src/screens/Initial/styles.js","statementMap":{},"fnMap":{},"branchMap":{},"s":{},"f":{},"b":{},"_coverageSchema":"332fd63041d2c1bcb487cc26dd0d5f7d97098a6c","hash":"11f1ed7d082d68762370b74f8f7d4479a65d29c0"}
,"/Users/martincerny/sites/monyl/src/screens/Login/Login.js": {"path":"/Users/martincerny/sites/monyl/src/screens/Login/Login.js","statementMap":{"0":{"start":{"line":16,"column":11},"end":{"line":16,"column":44}},"1":{"start":{"line":17,"column":13},"end":{"line":17,"column":48}},"2":{"start":{"line":27,"column":4},"end":{"line":36,"column":5}},"3":{"start":{"line":28,"column":6},"end":{"line":28,"column":45}},"4":{"start":{"line":30,"column":6},"end":{"line":35,"column":9}},"5":{"start":{"line":40,"column":4},"end":{"line":40,"column":45}},"6":{"start":{"line":44,"column":4},"end":{"line":44,"column":53}},"7":{"start":{"line":48,"column":4},"end":{"line":48,"column":45}},"8":{"start":{"line":52,"column":23},"end":{"line":52,"column":33}},"9":{"start":{"line":53,"column":4},"end":{"line":128,"column":6}}},"fnMap":{"0":{"name":"(anonymous_0)","decl":{"start":{"line":26,"column":10},"end":{"line":26,"column":11}},"loc":{"start":{"line":26,"column":16},"end":{"line":37,"column":3}},"line":26},"1":{"name":"(anonymous_1)","decl":{"start":{"line":39,"column":17},"end":{"line":39,"column":18}},"loc":{"start":{"line":39,"column":28},"end":{"line":41,"column":3}},"line":39},"2":{"name":"(anonymous_2)","decl":{"start":{"line":43,"column":27},"end":{"line":43,"column":28}},"loc":{"start":{"line":43,"column":33},"end":{"line":45,"column":3}},"line":43},"3":{"name":"(anonymous_3)","decl":{"start":{"line":47,"column":19},"end":{"line":47,"column":20}},"loc":{"start":{"line":47,"column":25},"end":{"line":49,"column":3}},"line":47},"4":{"name":"(anonymous_4)","decl":{"start":{"line":51,"column":2},"end":{"line":51,"column":3}},"loc":{"start":{"line":51,"column":11},"end":{"line":129,"column":3}},"line":51}},"branchMap":{"0":{"loc":{"start":{"line":27,"column":4},"end":{"line":36,"column":5}},"type":"if","locations":[{"start":{"line":27,"column":4},"end":{"line":36,"column":5}},{"start":{"line":27,"column":4},"end":{"line":36,"column":5}}],"line":27}},"s":{"0":1,"1":1,"2":0,"3":0,"4":0,"5":0,"6":0,"7":0,"8":6,"9":6},"f":{"0":0,"1":0,"2":0,"3":0,"4":6},"b":{"0":[0,0]},"_coverageSchema":"332fd63041d2c1bcb487cc26dd0d5f7d97098a6c","hash":"67cd3eedc152480a3b7f453f5d42cbe3d12a7789"}
,"/Users/martincerny/sites/monyl/src/screens/Login/styles.js": {"path":"/Users/martincerny/sites/monyl/src/screens/Login/styles.js","statementMap":{},"fnMap":{},"branchMap":{},"s":{},"f":{},"b":{},"_coverageSchema":"332fd63041d2c1bcb487cc26dd0d5f7d97098a6c","hash":"f3ee4524d94b807e5161a5d3b4e638c76b44fad9"}
,"/Users/martincerny/sites/monyl/src/theme/variables/commonColor.js": {"path":"/Users/martincerny/sites/monyl/src/theme/variables/commonColor.js","statementMap":{"0":{"start":{"line":5,"column":21},"end":{"line":5,"column":52}},"1":{"start":{"line":6,"column":20},"end":{"line":6,"column":50}},"2":{"start":{"line":7,"column":17},"end":{"line":7,"column":28}},"3":{"start":{"line":8,"column":22},"end":{"line":8,"column":31}},"4":{"start":{"line":9,"column":18},"end":{"line":9,"column":83}},"5":{"start":{"line":31,"column":4},"end":{"line":31,"column":29}},"6":{"start":{"line":34,"column":4},"end":{"line":34,"column":33}},"7":{"start":{"line":37,"column":4},"end":{"line":37,"column":26}},"8":{"start":{"line":40,"column":4},"end":{"line":40,"column":33}},"9":{"start":{"line":43,"column":4},"end":{"line":43,"column":29}},"10":{"start":{"line":46,"column":4},"end":{"line":46,"column":33}},"11":{"start":{"line":49,"column":4},"end":{"line":49,"column":28}},"12":{"start":{"line":52,"column":4},"end":{"line":52,"column":33}},"13":{"start":{"line":55,"column":4},"end":{"line":55,"column":29}},"14":{"start":{"line":58,"column":4},"end":{"line":58,"column":33}},"15":{"start":{"line":61,"column":4},"end":{"line":61,"column":80}},"16":{"start":{"line":64,"column":4},"end":{"line":64,"column":35}},"17":{"start":{"line":67,"column":4},"end":{"line":67,"column":35}},"18":{"start":{"line":70,"column":4},"end":{"line":70,"column":35}},"19":{"start":{"line":73,"column":4},"end":{"line":73,"column":35}},"20":{"start":{"line":76,"column":4},"end":{"line":76,"column":35}},"21":{"start":{"line":109,"column":4},"end":{"line":109,"column":35}},"22":{"start":{"line":112,"column":4},"end":{"line":112,"column":35}},"23":{"start":{"line":115,"column":4},"end":{"line":115,"column":35}},"24":{"start":{"line":143,"column":4},"end":{"line":145,"column":13}},"25":{"start":{"line":148,"column":4},"end":{"line":150,"column":13}},"26":{"start":{"line":165,"column":4},"end":{"line":165,"column":26}},"27":{"start":{"line":168,"column":4},"end":{"line":168,"column":21}},"28":{"start":{"line":225,"column":4},"end":{"line":225,"column":26}}},"fnMap":{},"branchMap":{"0":{"loc":{"start":{"line":9,"column":18},"end":{"line":9,"column":83}},"type":"binary-expr","locations":[{"start":{"line":9,"column":18},"end":{"line":9,"column":36}},{"start":{"line":9,"column":40},"end":{"line":9,"column":60}},{"start":{"line":9,"column":64},"end":{"line":9,"column":83}}],"line":9},"1":{"loc":{"start":{"line":24,"column":16},"end":{"line":24,"column":42}},"type":"cond-expr","locations":[{"start":{"line":24,"column":37},"end":{"line":24,"column":38}},{"start":{"line":24,"column":41},"end":{"line":24,"column":42}}],"line":24},"2":{"loc":{"start":{"line":27,"column":17},"end":{"line":27,"column":64}},"type":"cond-expr","locations":[{"start":{"line":27,"column":38},"end":{"line":27,"column":46}},{"start":{"line":27,"column":49},"end":{"line":27,"column":64}}],"line":27},"3":{"loc":{"start":{"line":61,"column":11},"end":{"line":61,"column":79}},"type":"cond-expr","locations":[{"start":{"line":61,"column":32},"end":{"line":61,"column":55}},{"start":{"line":61,"column":58},"end":{"line":61,"column":79}}],"line":61},"4":{"loc":{"start":{"line":84,"column":18},"end":{"line":84,"column":45}},"type":"cond-expr","locations":[{"start":{"line":84,"column":39},"end":{"line":84,"column":41}},{"start":{"line":84,"column":44},"end":{"line":84,"column":45}}],"line":84},"5":{"loc":{"start":{"line":85,"column":23},"end":{"line":85,"column":49}},"type":"cond-expr","locations":[{"start":{"line":85,"column":44},"end":{"line":85,"column":45}},{"start":{"line":85,"column":48},"end":{"line":85,"column":49}}],"line":85},"6":{"loc":{"start":{"line":86,"column":23},"end":{"line":86,"column":49}},"type":"cond-expr","locations":[{"start":{"line":86,"column":44},"end":{"line":86,"column":45}},{"start":{"line":86,"column":48},"end":{"line":86,"column":49}}],"line":86},"7":{"loc":{"start":{"line":87,"column":25},"end":{"line":87,"column":51}},"type":"cond-expr","locations":[{"start":{"line":87,"column":46},"end":{"line":87,"column":47}},{"start":{"line":87,"column":50},"end":{"line":87,"column":51}}],"line":87},"8":{"loc":{"start":{"line":88,"column":20},"end":{"line":88,"column":48}},"type":"cond-expr","locations":[{"start":{"line":88,"column":41},"end":{"line":88,"column":43}},{"start":{"line":88,"column":46},"end":{"line":88,"column":48}}],"line":88},"9":{"loc":{"start":{"line":89,"column":25},"end":{"line":89,"column":59}},"type":"cond-expr","locations":[{"start":{"line":89,"column":46},"end":{"line":89,"column":55}},{"start":{"line":89,"column":58},"end":{"line":89,"column":59}}],"line":89},"10":{"loc":{"start":{"line":90,"column":20},"end":{"line":90,"column":54}},"type":"cond-expr","locations":[{"start":{"line":90,"column":41},"end":{"line":90,"column":49}},{"start":{"line":90,"column":52},"end":{"line":90,"column":54}}],"line":90},"11":{"loc":{"start":{"line":106,"column":14},"end":{"line":106,"column":54}},"type":"cond-expr","locations":[{"start":{"line":106,"column":35},"end":{"line":106,"column":43}},{"start":{"line":106,"column":46},"end":{"line":106,"column":54}}],"line":106},"12":{"loc":{"start":{"line":119,"column":16},"end":{"line":119,"column":35}},"type":"cond-expr","locations":[{"start":{"line":119,"column":28},"end":{"line":119,"column":30}},{"start":{"line":119,"column":33},"end":{"line":119,"column":35}}],"line":119},"13":{"loc":{"start":{"line":120,"column":19},"end":{"line":120,"column":61}},"type":"cond-expr","locations":[{"start":{"line":120,"column":40},"end":{"line":120,"column":49}},{"start":{"line":120,"column":52},"end":{"line":120,"column":61}}],"line":120},"14":{"loc":{"start":{"line":121,"column":23},"end":{"line":121,"column":41}},"type":"cond-expr","locations":[{"start":{"line":121,"column":35},"end":{"line":121,"column":37}},{"start":{"line":121,"column":40},"end":{"line":121,"column":41}}],"line":121},"15":{"loc":{"start":{"line":124,"column":19},"end":{"line":124,"column":61}},"type":"cond-expr","locations":[{"start":{"line":124,"column":40},"end":{"line":124,"column":49}},{"start":{"line":124,"column":52},"end":{"line":124,"column":61}}],"line":124},"16":{"loc":{"start":{"line":125,"column":18},"end":{"line":125,"column":46}},"type":"cond-expr","locations":[{"start":{"line":125,"column":39},"end":{"line":125,"column":41}},{"start":{"line":125,"column":44},"end":{"line":125,"column":46}}],"line":125},"17":{"loc":{"start":{"line":126,"column":13},"end":{"line":126,"column":52}},"type":"cond-expr","locations":[{"start":{"line":126,"column":34},"end":{"line":126,"column":43}},{"start":{"line":126,"column":46},"end":{"line":126,"column":52}}],"line":126},"18":{"loc":{"start":{"line":128,"column":25},"end":{"line":128,"column":64}},"type":"cond-expr","locations":[{"start":{"line":128,"column":46},"end":{"line":128,"column":55}},{"start":{"line":128,"column":58},"end":{"line":128,"column":64}}],"line":128},"19":{"loc":{"start":{"line":129,"column":20},"end":{"line":129,"column":62}},"type":"cond-expr","locations":[{"start":{"line":129,"column":41},"end":{"line":129,"column":50}},{"start":{"line":129,"column":53},"end":{"line":129,"column":62}}],"line":129},"20":{"loc":{"start":{"line":132,"column":19},"end":{"line":132,"column":58}},"type":"cond-expr","locations":[{"start":{"line":132,"column":40},"end":{"line":132,"column":49}},{"start":{"line":132,"column":52},"end":{"line":132,"column":58}}],"line":132},"21":{"loc":{"start":{"line":133,"column":20},"end":{"line":133,"column":62}},"type":"cond-expr","locations":[{"start":{"line":133,"column":41},"end":{"line":133,"column":50}},{"start":{"line":133,"column":53},"end":{"line":133,"column":62}}],"line":133},"22":{"loc":{"start":{"line":134,"column":17},"end":{"line":134,"column":64}},"type":"cond-expr","locations":[{"start":{"line":134,"column":39},"end":{"line":134,"column":58}},{"start":{"line":134,"column":62},"end":{"line":134,"column":64}}],"line":134},"23":{"loc":{"start":{"line":134,"column":39},"end":{"line":134,"column":58}},"type":"cond-expr","locations":[{"start":{"line":134,"column":51},"end":{"line":134,"column":53}},{"start":{"line":134,"column":56},"end":{"line":134,"column":58}}],"line":134},"24":{"loc":{"start":{"line":135,"column":25},"end":{"line":135,"column":53}},"type":"cond-expr","locations":[{"start":{"line":135,"column":46},"end":{"line":135,"column":48}},{"start":{"line":135,"column":51},"end":{"line":135,"column":53}}],"line":135},"25":{"loc":{"start":{"line":136,"column":21},"end":{"line":136,"column":60}},"type":"cond-expr","locations":[{"start":{"line":136,"column":42},"end":{"line":136,"column":51}},{"start":{"line":136,"column":54},"end":{"line":136,"column":60}}],"line":136},"26":{"loc":{"start":{"line":137,"column":19},"end":{"line":137,"column":47}},"type":"cond-expr","locations":[{"start":{"line":137,"column":40},"end":{"line":137,"column":42}},{"start":{"line":137,"column":45},"end":{"line":137,"column":47}}],"line":137},"27":{"loc":{"start":{"line":138,"column":24},"end":{"line":138,"column":52}},"type":"cond-expr","locations":[{"start":{"line":138,"column":45},"end":{"line":138,"column":47}},{"start":{"line":138,"column":50},"end":{"line":138,"column":52}}],"line":138},"28":{"loc":{"start":{"line":139,"column":23},"end":{"line":139,"column":62}},"type":"cond-expr","locations":[{"start":{"line":139,"column":44},"end":{"line":139,"column":53}},{"start":{"line":139,"column":56},"end":{"line":139,"column":62}}],"line":139},"29":{"loc":{"start":{"line":141,"column":24},"end":{"line":141,"column":66}},"type":"cond-expr","locations":[{"start":{"line":141,"column":45},"end":{"line":141,"column":54}},{"start":{"line":141,"column":57},"end":{"line":141,"column":66}}],"line":141},"30":{"loc":{"start":{"line":155,"column":16},"end":{"line":155,"column":44}},"type":"cond-expr","locations":[{"start":{"line":155,"column":37},"end":{"line":155,"column":39}},{"start":{"line":155,"column":42},"end":{"line":155,"column":44}}],"line":155},"31":{"loc":{"start":{"line":156,"column":18},"end":{"line":156,"column":46}},"type":"cond-expr","locations":[{"start":{"line":156,"column":39},"end":{"line":156,"column":41}},{"start":{"line":156,"column":44},"end":{"line":156,"column":46}}],"line":156},"32":{"loc":{"start":{"line":176,"column":14},"end":{"line":176,"column":42}},"type":"cond-expr","locations":[{"start":{"line":176,"column":35},"end":{"line":176,"column":37}},{"start":{"line":176,"column":40},"end":{"line":176,"column":42}}],"line":176},"33":{"loc":{"start":{"line":183,"column":19},"end":{"line":183,"column":47}},"type":"cond-expr","locations":[{"start":{"line":183,"column":40},"end":{"line":183,"column":42}},{"start":{"line":183,"column":45},"end":{"line":183,"column":47}}],"line":183},"34":{"loc":{"start":{"line":192,"column":16},"end":{"line":192,"column":44}},"type":"cond-expr","locations":[{"start":{"line":192,"column":37},"end":{"line":192,"column":39}},{"start":{"line":192,"column":42},"end":{"line":192,"column":44}}],"line":192},"35":{"loc":{"start":{"line":194,"column":22},"end":{"line":194,"column":50}},"type":"cond-expr","locations":[{"start":{"line":194,"column":43},"end":{"line":194,"column":45}},{"start":{"line":194,"column":48},"end":{"line":194,"column":50}}],"line":194},"36":{"loc":{"start":{"line":198,"column":26},"end":{"line":198,"column":68}},"type":"cond-expr","locations":[{"start":{"line":198,"column":47},"end":{"line":198,"column":56}},{"start":{"line":198,"column":59},"end":{"line":198,"column":68}}],"line":198},"37":{"loc":{"start":{"line":199,"column":32},"end":{"line":199,"column":71}},"type":"cond-expr","locations":[{"start":{"line":199,"column":53},"end":{"line":199,"column":62}},{"start":{"line":199,"column":65},"end":{"line":199,"column":71}}],"line":199},"38":{"loc":{"start":{"line":200,"column":20},"end":{"line":200,"column":59}},"type":"cond-expr","locations":[{"start":{"line":200,"column":41},"end":{"line":200,"column":50}},{"start":{"line":200,"column":53},"end":{"line":200,"column":59}}],"line":200},"39":{"loc":{"start":{"line":201,"column":26},"end":{"line":201,"column":65}},"type":"cond-expr","locations":[{"start":{"line":201,"column":47},"end":{"line":201,"column":53}},{"start":{"line":201,"column":56},"end":{"line":201,"column":65}}],"line":201},"40":{"loc":{"start":{"line":202,"column":22},"end":{"line":202,"column":61}},"type":"cond-expr","locations":[{"start":{"line":202,"column":43},"end":{"line":202,"column":52}},{"start":{"line":202,"column":55},"end":{"line":202,"column":61}}],"line":202},"41":{"loc":{"start":{"line":203,"column":26},"end":{"line":203,"column":68}},"type":"cond-expr","locations":[{"start":{"line":203,"column":47},"end":{"line":203,"column":56}},{"start":{"line":203,"column":59},"end":{"line":203,"column":68}}],"line":203},"42":{"loc":{"start":{"line":210,"column":16},"end":{"line":210,"column":58}},"type":"cond-expr","locations":[{"start":{"line":210,"column":37},"end":{"line":210,"column":46}},{"start":{"line":210,"column":49},"end":{"line":210,"column":58}}],"line":210},"43":{"loc":{"start":{"line":211,"column":22},"end":{"line":211,"column":64}},"type":"cond-expr","locations":[{"start":{"line":211,"column":43},"end":{"line":211,"column":52}},{"start":{"line":211,"column":55},"end":{"line":211,"column":64}}],"line":211},"44":{"loc":{"start":{"line":212,"column":28},"end":{"line":212,"column":67}},"type":"cond-expr","locations":[{"start":{"line":212,"column":49},"end":{"line":212,"column":58}},{"start":{"line":212,"column":61},"end":{"line":212,"column":67}}],"line":212},"45":{"loc":{"start":{"line":213,"column":24},"end":{"line":213,"column":63}},"type":"cond-expr","locations":[{"start":{"line":213,"column":45},"end":{"line":213,"column":54}},{"start":{"line":213,"column":57},"end":{"line":213,"column":63}}],"line":213},"46":{"loc":{"start":{"line":214,"column":30},"end":{"line":214,"column":69}},"type":"cond-expr","locations":[{"start":{"line":214,"column":51},"end":{"line":214,"column":60}},{"start":{"line":214,"column":63},"end":{"line":214,"column":69}}],"line":214},"47":{"loc":{"start":{"line":229,"column":19},"end":{"line":229,"column":66}},"type":"cond-expr","locations":[{"start":{"line":229,"column":40},"end":{"line":229,"column":48}},{"start":{"line":229,"column":51},"end":{"line":229,"column":66}}],"line":229},"48":{"loc":{"start":{"line":230,"column":17},"end":{"line":230,"column":45}},"type":"cond-expr","locations":[{"start":{"line":230,"column":38},"end":{"line":230,"column":40}},{"start":{"line":230,"column":43},"end":{"line":230,"column":45}}],"line":230},"49":{"loc":{"start":{"line":231,"column":20},"end":{"line":231,"column":48}},"type":"cond-expr","locations":[{"start":{"line":231,"column":41},"end":{"line":231,"column":43}},{"start":{"line":231,"column":46},"end":{"line":231,"column":48}}],"line":231},"50":{"loc":{"start":{"line":232,"column":17},"end":{"line":232,"column":53}},"type":"cond-expr","locations":[{"start":{"line":232,"column":38},"end":{"line":232,"column":44}},{"start":{"line":232,"column":47},"end":{"line":232,"column":53}}],"line":232},"51":{"loc":{"start":{"line":233,"column":18},"end":{"line":233,"column":54}},"type":"cond-expr","locations":[{"start":{"line":233,"column":39},"end":{"line":233,"column":45}},{"start":{"line":233,"column":48},"end":{"line":233,"column":54}}],"line":233},"52":{"loc":{"start":{"line":236,"column":20},"end":{"line":236,"column":46}},"type":"cond-expr","locations":[{"start":{"line":236,"column":41},"end":{"line":236,"column":42}},{"start":{"line":236,"column":45},"end":{"line":236,"column":46}}],"line":236}},"s":{"0":2,"1":2,"2":2,"3":2,"4":2,"5":0,"6":0,"7":0,"8":0,"9":0,"10":0,"11":0,"12":0,"13":0,"14":0,"15":0,"16":0,"17":0,"18":0,"19":0,"20":0,"21":0,"22":0,"23":0,"24":0,"25":0,"26":0,"27":0,"28":0},"f":{},"b":{"0":[2,2,0],"1":[2,0],"2":[2,0],"3":[0,0],"4":[2,0],"5":[2,0],"6":[2,0],"7":[2,0],"8":[2,0],"9":[2,0],"10":[2,0],"11":[2,0],"12":[0,2],"13":[2,0],"14":[0,2],"15":[2,0],"16":[2,0],"17":[2,0],"18":[2,0],"19":[2,0],"20":[2,0],"21":[2,0],"22":[2,0],"23":[0,2],"24":[2,0],"25":[2,0],"26":[2,0],"27":[2,0],"28":[2,0],"29":[2,0],"30":[2,0],"31":[2,0],"32":[2,0],"33":[2,0],"34":[2,0],"35":[2,0],"36":[2,0],"37":[2,0],"38":[2,0],"39":[2,0],"40":[2,0],"41":[2,0],"42":[2,0],"43":[2,0],"44":[2,0],"45":[2,0],"46":[2,0],"47":[2,0],"48":[2,0],"49":[2,0],"50":[2,0],"51":[2,0],"52":[2,0]},"_coverageSchema":"332fd63041d2c1bcb487cc26dd0d5f7d97098a6c","hash":"3d48ea061328720bad2ca1c7ea2018aba95f5b29"}
,"/Users/martincerny/sites/monyl/src/utils/validator/index.js": {"path":"/Users/martincerny/sites/monyl/src/utils/validator/index.js","statementMap":{"0":{"start":{"line":4,"column":16},"end":{"line":4,"column":78}},"1":{"start":{"line":4,"column":25},"end":{"line":4,"column":78}},"2":{"start":{"line":9,"column":2},"end":{"line":11,"column":3}},"3":{"start":{"line":10,"column":4},"end":{"line":10,"column":22}},"4":{"start":{"line":12,"column":2},"end":{"line":12,"column":12}},"5":{"start":{"line":16,"column":2},"end":{"line":21,"column":3}},"6":{"start":{"line":20,"column":4},"end":{"line":20,"column":35}},"7":{"start":{"line":22,"column":2},"end":{"line":22,"column":12}},"8":{"start":{"line":41,"column":2},"end":{"line":43,"column":3}},"9":{"start":{"line":42,"column":4},"end":{"line":42,"column":14}},"10":{"start":{"line":46,"column":18},"end":{"line":46,"column":103}},"11":{"start":{"line":47,"column":2},"end":{"line":47,"column":48}},"12":{"start":{"line":59,"column":2},"end":{"line":64,"column":4}},"13":{"start":{"line":60,"column":4},"end":{"line":62,"column":5}},"14":{"start":{"line":61,"column":6},"end":{"line":61,"column":50}},"15":{"start":{"line":63,"column":4},"end":{"line":63,"column":14}},"16":{"start":{"line":68,"column":2},"end":{"line":73,"column":4}},"17":{"start":{"line":69,"column":4},"end":{"line":71,"column":5}},"18":{"start":{"line":70,"column":6},"end":{"line":70,"column":54}},"19":{"start":{"line":72,"column":4},"end":{"line":72,"column":14}},"20":{"start":{"line":77,"column":2},"end":{"line":82,"column":4}},"21":{"start":{"line":78,"column":4},"end":{"line":80,"column":5}},"22":{"start":{"line":79,"column":6},"end":{"line":79,"column":54}},"23":{"start":{"line":81,"column":4},"end":{"line":81,"column":14}},"24":{"start":{"line":93,"column":2},"end":{"line":95,"column":3}},"25":{"start":{"line":94,"column":4},"end":{"line":94,"column":42}},"26":{"start":{"line":96,"column":2},"end":{"line":96,"column":12}}},"fnMap":{"0":{"name":"(anonymous_0)","decl":{"start":{"line":4,"column":16},"end":{"line":4,"column":17}},"loc":{"start":{"line":4,"column":25},"end":{"line":4,"column":78}},"line":4},"1":{"name":"required","decl":{"start":{"line":8,"column":16},"end":{"line":8,"column":24}},"loc":{"start":{"line":8,"column":32},"end":{"line":13,"column":1}},"line":8},"2":{"name":"email","decl":{"start":{"line":15,"column":16},"end":{"line":15,"column":21}},"loc":{"start":{"line":15,"column":29},"end":{"line":23,"column":1}},"line":15},"3":{"name":"url","decl":{"start":{"line":40,"column":16},"end":{"line":40,"column":19}},"loc":{"start":{"line":40,"column":25},"end":{"line":48,"column":1}},"line":40},"4":{"name":"minLength","decl":{"start":{"line":58,"column":16},"end":{"line":58,"column":25}},"loc":{"start":{"line":58,"column":31},"end":{"line":65,"column":1}},"line":58},"5":{"name":"(anonymous_5)","decl":{"start":{"line":59,"column":9},"end":{"line":59,"column":10}},"loc":{"start":{"line":59,"column":20},"end":{"line":64,"column":3}},"line":59},"6":{"name":"maxLength","decl":{"start":{"line":67,"column":16},"end":{"line":67,"column":25}},"loc":{"start":{"line":67,"column":31},"end":{"line":74,"column":1}},"line":67},"7":{"name":"(anonymous_7)","decl":{"start":{"line":68,"column":9},"end":{"line":68,"column":10}},"loc":{"start":{"line":68,"column":20},"end":{"line":73,"column":3}},"line":68},"8":{"name":"equalWith","decl":{"start":{"line":76,"column":16},"end":{"line":76,"column":25}},"loc":{"start":{"line":76,"column":40},"end":{"line":83,"column":1}},"line":76},"9":{"name":"(anonymous_9)","decl":{"start":{"line":77,"column":9},"end":{"line":77,"column":10}},"loc":{"start":{"line":77,"column":26},"end":{"line":82,"column":3}},"line":77},"10":{"name":"alphaNumeric","decl":{"start":{"line":92,"column":16},"end":{"line":92,"column":28}},"loc":{"start":{"line":92,"column":36},"end":{"line":97,"column":1}},"line":92}},"branchMap":{"0":{"loc":{"start":{"line":4,"column":25},"end":{"line":4,"column":78}},"type":"binary-expr","locations":[{"start":{"line":4,"column":25},"end":{"line":4,"column":44}},{"start":{"line":4,"column":48},"end":{"line":4,"column":62}},{"start":{"line":4,"column":66},"end":{"line":4,"column":78}}],"line":4},"1":{"loc":{"start":{"line":9,"column":2},"end":{"line":11,"column":3}},"type":"if","locations":[{"start":{"line":9,"column":2},"end":{"line":11,"column":3}},{"start":{"line":9,"column":2},"end":{"line":11,"column":3}}],"line":9},"2":{"loc":{"start":{"line":16,"column":2},"end":{"line":21,"column":3}},"type":"if","locations":[{"start":{"line":16,"column":2},"end":{"line":21,"column":3}},{"start":{"line":16,"column":2},"end":{"line":21,"column":3}}],"line":16},"3":{"loc":{"start":{"line":17,"column":4},"end":{"line":18,"column":60}},"type":"binary-expr","locations":[{"start":{"line":17,"column":4},"end":{"line":17,"column":19}},{"start":{"line":18,"column":4},"end":{"line":18,"column":60}}],"line":17},"4":{"loc":{"start":{"line":41,"column":2},"end":{"line":43,"column":3}},"type":"if","locations":[{"start":{"line":41,"column":2},"end":{"line":43,"column":3}},{"start":{"line":41,"column":2},"end":{"line":43,"column":3}}],"line":41},"5":{"loc":{"start":{"line":47,"column":9},"end":{"line":47,"column":47}},"type":"cond-expr","locations":[{"start":{"line":47,"column":29},"end":{"line":47,"column":31}},{"start":{"line":47,"column":34},"end":{"line":47,"column":47}}],"line":47},"6":{"loc":{"start":{"line":60,"column":4},"end":{"line":62,"column":5}},"type":"if","locations":[{"start":{"line":60,"column":4},"end":{"line":62,"column":5}},{"start":{"line":60,"column":4},"end":{"line":62,"column":5}}],"line":60},"7":{"loc":{"start":{"line":60,"column":8},"end":{"line":60,"column":45}},"type":"binary-expr","locations":[{"start":{"line":60,"column":8},"end":{"line":60,"column":23}},{"start":{"line":60,"column":27},"end":{"line":60,"column":45}}],"line":60},"8":{"loc":{"start":{"line":69,"column":4},"end":{"line":71,"column":5}},"type":"if","locations":[{"start":{"line":69,"column":4},"end":{"line":71,"column":5}},{"start":{"line":69,"column":4},"end":{"line":71,"column":5}}],"line":69},"9":{"loc":{"start":{"line":69,"column":8},"end":{"line":69,"column":45}},"type":"binary-expr","locations":[{"start":{"line":69,"column":8},"end":{"line":69,"column":23}},{"start":{"line":69,"column":27},"end":{"line":69,"column":45}}],"line":69},"10":{"loc":{"start":{"line":78,"column":4},"end":{"line":80,"column":5}},"type":"if","locations":[{"start":{"line":78,"column":4},"end":{"line":80,"column":5}},{"start":{"line":78,"column":4},"end":{"line":80,"column":5}}],"line":78},"11":{"loc":{"start":{"line":79,"column":37},"end":{"line":79,"column":51}},"type":"binary-expr","locations":[{"start":{"line":79,"column":37},"end":{"line":79,"column":42}},{"start":{"line":79,"column":46},"end":{"line":79,"column":51}}],"line":79},"12":{"loc":{"start":{"line":93,"column":2},"end":{"line":95,"column":3}},"type":"if","locations":[{"start":{"line":93,"column":2},"end":{"line":95,"column":3}},{"start":{"line":93,"column":2},"end":{"line":95,"column":3}}],"line":93},"13":{"loc":{"start":{"line":93,"column":6},"end":{"line":93,"column":53}},"type":"binary-expr","locations":[{"start":{"line":93,"column":6},"end":{"line":93,"column":21}},{"start":{"line":93,"column":25},"end":{"line":93,"column":53}}],"line":93}},"s":{"0":2,"1":19,"2":5,"3":4,"4":1,"5":6,"6":5,"7":1,"8":7,"9":1,"10":6,"11":6,"12":4,"13":4,"14":1,"15":3,"16":4,"17":4,"18":1,"19":3,"20":3,"21":3,"22":2,"23":1,"24":0,"25":0,"26":0},"f":{"0":19,"1":5,"2":6,"3":7,"4":4,"5":4,"6":4,"7":4,"8":3,"9":3,"10":0},"b":{"0":[19,17,16],"1":[4,1],"2":[5,1],"3":[6,6],"4":[1,6],"5":[5,1],"6":[1,3],"7":[4,3],"8":[1,3],"9":[4,3],"10":[2,1],"11":[2,1],"12":[0,0],"13":[0,0]},"_coverageSchema":"332fd63041d2c1bcb487cc26dd0d5f7d97098a6c","hash":"e13224c556e20380e91c50b372151087b10b2ec6"}
}
