TN:
SF:/Users/martincerny/sites/monyl/assets/bg.png
FNF:0
FNH:0
DA:1,2
LF:1
LH:1
BRF:0
BRH:0
end_of_record
TN:
SF:/Users/martincerny/sites/monyl/assets/header-logo.png
FNF:0
FNH:0
DA:1,1
LF:1
LH:1
BRF:0
BRH:0
end_of_record
TN:
SF:/Users/martincerny/sites/monyl/assets/logo.png
FNF:0
FNH:0
DA:1,2
LF:1
LH:1
BRF:0
BRH:0
end_of_record
TN:
SF:/Users/martincerny/sites/monyl/assets/NewsIcons/1.jpg
FNF:0
FNH:0
DA:1,1
LF:1
LH:1
BRF:0
BRH:0
end_of_record
TN:
SF:/Users/martincerny/sites/monyl/assets/NewsIcons/10.jpg
FNF:0
FNH:0
DA:1,1
LF:1
LH:1
BRF:0
BRH:0
end_of_record
TN:
SF:/Users/martincerny/sites/monyl/assets/NewsIcons/11.jpg
FNF:0
FNH:0
DA:1,1
LF:1
LH:1
BRF:0
BRH:0
end_of_record
TN:
SF:/Users/martincerny/sites/monyl/assets/NewsIcons/12.jpg
FNF:0
FNH:0
DA:1,1
LF:1
LH:1
BRF:0
BRH:0
end_of_record
TN:
SF:/Users/martincerny/sites/monyl/assets/NewsIcons/13.jpg
FNF:0
FNH:0
DA:1,1
LF:1
LH:1
BRF:0
BRH:0
end_of_record
TN:
SF:/Users/martincerny/sites/monyl/assets/NewsIcons/2.jpg
FNF:0
FNH:0
DA:1,1
LF:1
LH:1
BRF:0
BRH:0
end_of_record
TN:
SF:/Users/martincerny/sites/monyl/assets/NewsIcons/6.jpg
FNF:0
FNH:0
DA:1,1
LF:1
LH:1
BRF:0
BRH:0
end_of_record
TN:
SF:/Users/martincerny/sites/monyl/assets/NewsIcons/7.jpg
FNF:0
FNH:0
DA:1,1
LF:1
LH:1
BRF:0
BRH:0
end_of_record
TN:
SF:/Users/martincerny/sites/monyl/assets/NewsIcons/8.jpg
FNF:0
FNH:0
DA:1,1
LF:1
LH:1
BRF:0
BRH:0
end_of_record
TN:
SF:/Users/martincerny/sites/monyl/assets/NewsIcons/9.jpg
FNF:0
FNH:0
DA:1,1
LF:1
LH:1
BRF:0
BRH:0
end_of_record
TN:
SF:/Users/martincerny/sites/monyl/jest/setup.js
FNF:0
FNH:0
DA:4,4
LF:1
LH:1
BRF:0
BRH:0
end_of_record
TN:
SF:/Users/martincerny/sites/monyl/src/components/ActionSheetPicker/index.ios.js
FN:16,(anonymous_0)
FN:27,(anonymous_1)
FN:35,(anonymous_2)
FNF:3
FNH:0
FNDA:0,(anonymous_0)
FNDA:0,(anonymous_1)
FNDA:0,(anonymous_2)
DA:17,0
DA:18,0
DA:19,0
DA:20,0
DA:22,0
DA:28,0
DA:29,0
DA:36,0
DA:46,2
LF:9
LH:1
BRDA:28,0,0,0
BRDA:28,0,1,0
BRF:2
BRH:0
end_of_record
TN:
SF:/Users/martincerny/sites/monyl/src/components/form/InputField/index.js
FN:11,(anonymous_0)
FNF:1
FNH:0
FNDA:0,(anonymous_0)
DA:11,1
DA:14,0
DA:15,0
LF:3
LH:1
BRDA:17,0,0,0
BRDA:17,0,1,0
BRDA:18,1,0,0
BRDA:18,1,1,0
BRDA:26,2,0,0
BRDA:26,2,1,0
BRDA:26,3,0,0
BRDA:26,3,1,0
BRF:8
BRH:0
end_of_record
TN:
SF:/Users/martincerny/sites/monyl/src/components/form/InputField/styles.js
FNF:0
FNH:0
DA:1,1
DA:3,1
DA:4,1
LF:3
LH:3
BRDA:21,0,0,0
BRDA:21,0,1,1
BRDA:27,1,0,0
BRDA:27,1,1,1
BRF:4
BRH:2
end_of_record
TN:
SF:/Users/martincerny/sites/monyl/src/i18n/common.js
FNF:0
FNH:0
LF:0
LH:0
BRF:0
BRH:0
end_of_record
TN:
SF:/Users/martincerny/sites/monyl/src/reducers/localesReducer.js
FN:6,(anonymous_0)
FN:27,(anonymous_1)
FNF:2
FNH:1
FNDA:1,(anonymous_0)
FNDA:0,(anonymous_1)
DA:4,2
DA:6,2
DA:13,2
DA:20,2
DA:28,0
DA:30,0
DA:32,0
DA:38,0
DA:44,0
LF:9
LH:4
BRDA:27,0,0,0
BRDA:28,1,0,0
BRDA:28,1,1,0
BRDA:30,2,0,0
BRDA:30,2,1,0
BRF:5
BRH:0
end_of_record
TN:
SF:/Users/martincerny/sites/monyl/src/screens/Channels/index.js
FN:30,(anonymous_0)
FN:34,(anonymous_1)
FNF:2
FNH:1
FNDA:1,(anonymous_0)
FNDA:0,(anonymous_1)
DA:24,1
DA:30,1
DA:31,1
DA:34,0
LF:4
LH:3
BRF:0
BRH:0
end_of_record
TN:
SF:/Users/martincerny/sites/monyl/src/screens/Channels/styles.js
FNF:0
FNH:0
DA:1,1
DA:3,1
DA:5,1
DA:7,1
DA:8,1
LF:5
LH:5
BRDA:27,0,0,0
BRDA:27,0,1,1
BRF:2
BRH:1
end_of_record
TN:
SF:/Users/martincerny/sites/monyl/src/screens/Channels/tabOne.js
FN:14,(anonymous_0)
FN:22,(anonymous_1)
FN:38,(anonymous_2)
FN:56,(anonymous_3)
FN:72,(anonymous_4)
FN:90,(anonymous_5)
FN:106,(anonymous_6)
FN:124,(anonymous_7)
FN:140,(anonymous_8)
FN:158,(anonymous_9)
FN:174,(anonymous_10)
FNF:11
FNH:1
FNDA:1,(anonymous_0)
FNDA:0,(anonymous_1)
FNDA:0,(anonymous_2)
FNDA:0,(anonymous_3)
FNDA:0,(anonymous_4)
FNDA:0,(anonymous_5)
FNDA:0,(anonymous_6)
FNDA:0,(anonymous_7)
FNDA:0,(anonymous_8)
FNDA:0,(anonymous_9)
FNDA:0,(anonymous_10)
DA:14,1
DA:15,1
DA:16,1
DA:22,0
DA:38,0
DA:56,0
DA:72,0
DA:90,0
DA:106,0
DA:124,0
DA:140,0
DA:158,0
DA:174,0
LF:13
LH:3
BRDA:29,0,0,0
BRDA:29,0,1,1
BRDA:45,1,0,0
BRDA:45,1,1,1
BRDA:63,2,0,0
BRDA:63,2,1,1
BRDA:79,3,0,0
BRDA:79,3,1,1
BRDA:97,4,0,0
BRDA:97,4,1,1
BRDA:113,5,0,0
BRDA:113,5,1,1
BRDA:131,6,0,0
BRDA:131,6,1,1
BRDA:147,7,0,0
BRDA:147,7,1,1
BRDA:165,8,0,0
BRDA:165,8,1,1
BRDA:181,9,0,0
BRDA:181,9,1,1
BRF:20
BRH:10
end_of_record
TN:
SF:/Users/martincerny/sites/monyl/src/screens/Channels/tabThree.js
FN:14,(anonymous_0)
FN:22,(anonymous_1)
FN:38,(anonymous_2)
FN:56,(anonymous_3)
FN:72,(anonymous_4)
FN:90,(anonymous_5)
FN:106,(anonymous_6)
FN:124,(anonymous_7)
FN:140,(anonymous_8)
FN:158,(anonymous_9)
FN:174,(anonymous_10)
FNF:11
FNH:0
FNDA:0,(anonymous_0)
FNDA:0,(anonymous_1)
FNDA:0,(anonymous_2)
FNDA:0,(anonymous_3)
FNDA:0,(anonymous_4)
FNDA:0,(anonymous_5)
FNDA:0,(anonymous_6)
FNDA:0,(anonymous_7)
FNDA:0,(anonymous_8)
FNDA:0,(anonymous_9)
FNDA:0,(anonymous_10)
DA:14,1
DA:15,0
DA:16,0
DA:22,0
DA:38,0
DA:56,0
DA:72,0
DA:90,0
DA:106,0
DA:124,0
DA:140,0
DA:158,0
DA:174,0
LF:13
LH:1
BRDA:29,0,0,0
BRDA:29,0,1,0
BRDA:45,1,0,0
BRDA:45,1,1,0
BRDA:63,2,0,0
BRDA:63,2,1,0
BRDA:79,3,0,0
BRDA:79,3,1,0
BRDA:97,4,0,0
BRDA:97,4,1,0
BRDA:113,5,0,0
BRDA:113,5,1,0
BRDA:131,6,0,0
BRDA:131,6,1,0
BRDA:147,7,0,0
BRDA:147,7,1,0
BRDA:165,8,0,0
BRDA:165,8,1,0
BRDA:181,9,0,0
BRDA:181,9,1,0
BRF:20
BRH:0
end_of_record
TN:
SF:/Users/martincerny/sites/monyl/src/screens/Channels/tabTwo.js
FN:13,(anonymous_0)
FN:21,(anonymous_1)
FN:37,(anonymous_2)
FN:55,(anonymous_3)
FN:71,(anonymous_4)
FN:89,(anonymous_5)
FN:105,(anonymous_6)
FN:123,(anonymous_7)
FN:139,(anonymous_8)
FN:157,(anonymous_9)
FN:173,(anonymous_10)
FNF:11
FNH:0
FNDA:0,(anonymous_0)
FNDA:0,(anonymous_1)
FNDA:0,(anonymous_2)
FNDA:0,(anonymous_3)
FNDA:0,(anonymous_4)
FNDA:0,(anonymous_5)
FNDA:0,(anonymous_6)
FNDA:0,(anonymous_7)
FNDA:0,(anonymous_8)
FNDA:0,(anonymous_9)
FNDA:0,(anonymous_10)
DA:13,1
DA:14,0
DA:15,0
DA:21,0
DA:37,0
DA:55,0
DA:71,0
DA:89,0
DA:105,0
DA:123,0
DA:139,0
DA:157,0
DA:173,0
LF:13
LH:1
BRDA:28,0,0,0
BRDA:28,0,1,0
BRDA:44,1,0,0
BRDA:44,1,1,0
BRDA:62,2,0,0
BRDA:62,2,1,0
BRDA:78,3,0,0
BRDA:78,3,1,0
BRDA:96,4,0,0
BRDA:96,4,1,0
BRDA:112,5,0,0
BRDA:112,5,1,0
BRDA:130,6,0,0
BRDA:130,6,1,0
BRDA:146,7,0,0
BRDA:146,7,1,0
BRDA:164,8,0,0
BRDA:164,8,1,0
BRDA:180,9,0,0
BRDA:180,9,1,0
BRF:20
BRH:0
end_of_record
TN:
SF:/Users/martincerny/sites/monyl/src/screens/Initial/Initial.js
FN:22,(anonymous_0)
FN:26,(anonymous_1)
FN:30,(anonymous_2)
FN:34,(anonymous_3)
FNF:4
FNH:4
FNDA:1,(anonymous_0)
FNDA:1,(anonymous_1)
FNDA:1,(anonymous_2)
FNDA:4,(anonymous_3)
DA:12,1
DA:13,1
DA:23,1
DA:27,1
DA:31,1
DA:35,4
LF:6
LH:6
BRF:0
BRH:0
end_of_record
TN:
SF:/Users/martincerny/sites/monyl/src/screens/Initial/styles.js
FNF:0
FNH:0
LF:0
LH:0
BRF:0
BRH:0
end_of_record
TN:
SF:/Users/martincerny/sites/monyl/src/screens/Login/Login.js
FN:26,(anonymous_0)
FN:39,(anonymous_1)
FN:43,(anonymous_2)
FN:47,(anonymous_3)
FN:51,(anonymous_4)
FNF:5
FNH:1
FNDA:0,(anonymous_0)
FNDA:0,(anonymous_1)
FNDA:0,(anonymous_2)
FNDA:0,(anonymous_3)
FNDA:6,(anonymous_4)
DA:16,1
DA:17,1
DA:27,0
DA:28,0
DA:30,0
DA:40,0
DA:44,0
DA:48,0
DA:52,6
DA:53,6
LF:10
LH:4
BRDA:27,0,0,0
BRDA:27,0,1,0
BRF:2
BRH:0
end_of_record
TN:
SF:/Users/martincerny/sites/monyl/src/screens/Login/styles.js
FNF:0
FNH:0
LF:0
LH:0
BRF:0
BRH:0
end_of_record
TN:
SF:/Users/martincerny/sites/monyl/src/theme/variables/commonColor.js
FNF:0
FNH:0
DA:5,2
DA:6,2
DA:7,2
DA:8,2
DA:9,2
DA:31,0
DA:34,0
DA:37,0
DA:40,0
DA:43,0
DA:46,0
DA:49,0
DA:52,0
DA:55,0
DA:58,0
DA:61,0
DA:64,0
DA:67,0
DA:70,0
DA:73,0
DA:76,0
DA:109,0
DA:112,0
DA:115,0
DA:143,0
DA:148,0
DA:165,0
DA:168,0
DA:225,0
LF:29
LH:5
BRDA:9,0,0,2
BRDA:9,0,1,2
BRDA:9,0,2,0
BRDA:24,1,0,2
BRDA:24,1,1,0
BRDA:27,2,0,2
BRDA:27,2,1,0
BRDA:61,3,0,0
BRDA:61,3,1,0
BRDA:84,4,0,2
BRDA:84,4,1,0
BRDA:85,5,0,2
BRDA:85,5,1,0
BRDA:86,6,0,2
BRDA:86,6,1,0
BRDA:87,7,0,2
BRDA:87,7,1,0
BRDA:88,8,0,2
BRDA:88,8,1,0
BRDA:89,9,0,2
BRDA:89,9,1,0
BRDA:90,10,0,2
BRDA:90,10,1,0
BRDA:106,11,0,2
BRDA:106,11,1,0
BRDA:119,12,0,0
BRDA:119,12,1,2
BRDA:120,13,0,2
BRDA:120,13,1,0
BRDA:121,14,0,0
BRDA:121,14,1,2
BRDA:124,15,0,2
BRDA:124,15,1,0
BRDA:125,16,0,2
BRDA:125,16,1,0
BRDA:126,17,0,2
BRDA:126,17,1,0
BRDA:128,18,0,2
BRDA:128,18,1,0
BRDA:129,19,0,2
BRDA:129,19,1,0
BRDA:132,20,0,2
BRDA:132,20,1,0
BRDA:133,21,0,2
BRDA:133,21,1,0
BRDA:134,22,0,2
BRDA:134,22,1,0
BRDA:134,23,0,0
BRDA:134,23,1,2
BRDA:135,24,0,2
BRDA:135,24,1,0
BRDA:136,25,0,2
BRDA:136,25,1,0
BRDA:137,26,0,2
BRDA:137,26,1,0
BRDA:138,27,0,2
BRDA:138,27,1,0
BRDA:139,28,0,2
BRDA:139,28,1,0
BRDA:141,29,0,2
BRDA:141,29,1,0
BRDA:155,30,0,2
BRDA:155,30,1,0
BRDA:156,31,0,2
BRDA:156,31,1,0
BRDA:176,32,0,2
BRDA:176,32,1,0
BRDA:183,33,0,2
BRDA:183,33,1,0
BRDA:192,34,0,2
BRDA:192,34,1,0
BRDA:194,35,0,2
BRDA:194,35,1,0
BRDA:198,36,0,2
BRDA:198,36,1,0
BRDA:199,37,0,2
BRDA:199,37,1,0
BRDA:200,38,0,2
BRDA:200,38,1,0
BRDA:201,39,0,2
BRDA:201,39,1,0
BRDA:202,40,0,2
BRDA:202,40,1,0
BRDA:203,41,0,2
BRDA:203,41,1,0
BRDA:210,42,0,2
BRDA:210,42,1,0
BRDA:211,43,0,2
BRDA:211,43,1,0
BRDA:212,44,0,2
BRDA:212,44,1,0
BRDA:213,45,0,2
BRDA:213,45,1,0
BRDA:214,46,0,2
BRDA:214,46,1,0
BRDA:229,47,0,2
BRDA:229,47,1,0
BRDA:230,48,0,2
BRDA:230,48,1,0
BRDA:231,49,0,2
BRDA:231,49,1,0
BRDA:232,50,0,2
BRDA:232,50,1,0
BRDA:233,51,0,2
BRDA:233,51,1,0
BRDA:236,52,0,2
BRDA:236,52,1,0
BRF:107
BRH:53
end_of_record
TN:
SF:/Users/martincerny/sites/monyl/src/utils/validator/index.js
FN:4,(anonymous_0)
FN:8,required
FN:15,email
FN:40,url
FN:58,minLength
FN:59,(anonymous_5)
FN:67,maxLength
FN:68,(anonymous_7)
FN:76,equalWith
FN:77,(anonymous_9)
FN:92,alphaNumeric
FNF:11
FNH:10
FNDA:19,(anonymous_0)
FNDA:5,required
FNDA:6,email
FNDA:7,url
FNDA:4,minLength
FNDA:4,(anonymous_5)
FNDA:4,maxLength
FNDA:4,(anonymous_7)
FNDA:3,equalWith
FNDA:3,(anonymous_9)
FNDA:0,alphaNumeric
DA:4,19
DA:9,5
DA:10,4
DA:12,1
DA:16,6
DA:20,5
DA:22,1
DA:41,7
DA:42,1
DA:46,6
DA:47,6
DA:59,4
DA:60,4
DA:61,1
DA:63,3
DA:68,4
DA:69,4
DA:70,1
DA:72,3
DA:77,3
DA:78,3
DA:79,2
DA:81,1
DA:93,0
DA:94,0
DA:96,0
LF:26
LH:23
BRDA:4,0,0,19
BRDA:4,0,1,17
BRDA:4,0,2,16
BRDA:9,1,0,4
BRDA:9,1,1,1
BRDA:16,2,0,5
BRDA:16,2,1,1
BRDA:17,3,0,6
BRDA:17,3,1,6
BRDA:41,4,0,1
BRDA:41,4,1,6
BRDA:47,5,0,5
BRDA:47,5,1,1
BRDA:60,6,0,1
BRDA:60,6,1,3
BRDA:60,7,0,4
BRDA:60,7,1,3
BRDA:69,8,0,1
BRDA:69,8,1,3
BRDA:69,9,0,4
BRDA:69,9,1,3
BRDA:78,10,0,2
BRDA:78,10,1,1
BRDA:79,11,0,2
BRDA:79,11,1,1
BRDA:93,12,0,0
BRDA:93,12,1,0
BRDA:93,13,0,0
BRDA:93,13,1,0
BRF:29
BRH:25
end_of_record
