TN:
SF:/Volumes/sites/monyl/src/RootComponent.js
FN:8,_default
FNF:1
FNH:0
FNDA:0,_default
DA:1,0
DA:3,0
DA:4,0
DA:6,0
DA:8,0
DA:10,0
LF:6
LH:0
BRF:0
BRH:0
end_of_record
TN:
SF:/Volumes/sites/monyl/src/types.js
FNF:0
FNH:0
LF:0
LH:0
BRF:0
BRH:0
end_of_record
TN:
SF:/Volumes/sites/monyl/src/boot/configureStore.js
FN:18,configureStore
FNF:1
FNH:0
FNDA:0,configureStore
DA:1,0
DA:3,0
DA:4,0
DA:5,0
DA:6,0
DA:7,0
DA:9,0
DA:11,0
DA:16,0
DA:19,0
DA:20,0
DA:30,0
DA:31,0
DA:34,0
LF:14
LH:0
BRF:0
BRH:0
end_of_record
TN:
SF:/Volumes/sites/monyl/src/components/ActionSheetPicker/index.android.js
FN:12,_default
FN:16,onValueChange
FN:19,(anonymous_2)
FNF:3
FNH:0
FNDA:0,_default
FNDA:0,onValueChange
FNDA:0,(anonymous_2)
DA:1,0
DA:3,0
DA:4,0
DA:12,0
DA:16,0
DA:19,0
DA:20,0
DA:26,0
LF:8
LH:0
BRF:0
BRH:0
end_of_record
TN:
SF:/Volumes/sites/monyl/src/components/ActionSheetPicker/index.ios.js
FN:17,(anonymous_0)
FN:17,ActionSheet
FN:18,(anonymous_2)
FN:30,(anonymous_3)
FN:36,render
FNF:5
FNH:1
FNDA:1,(anonymous_0)
FNDA:0,ActionSheet
FNDA:0,(anonymous_2)
FNDA:0,(anonymous_3)
FNDA:0,render
DA:1,1
DA:3,1
DA:4,1
DA:9,1
DA:17,1
DA:19,0
DA:21,0
DA:22,0
DA:23,0
DA:25,0
DA:31,0
DA:32,0
DA:36,1
DA:39,0
DA:46,1
DA:49,1
DA:56,1
LF:17
LH:9
BRDA:31,0,0,0
BRDA:31,0,1,0
BRF:2
BRH:0
end_of_record
TN:
SF:/Volumes/sites/monyl/src/components/form/InputField/InputField.js
FN:18,InputField
FNF:1
FNH:1
FNDA:5,InputField
DA:1,4
DA:3,4
DA:4,4
DA:8,4
DA:18,4
DA:21,5
DA:23,5
DA:24,5
DA:26,5
DA:46,4
LF:10
LH:10
BRDA:23,0,0,5
BRDA:23,0,1,0
BRDA:24,1,0,5
BRDA:24,1,1,0
BRDA:28,2,0,5
BRDA:28,2,1,3
BRDA:29,3,0,5
BRDA:29,3,1,1
BRDA:38,4,0,1
BRDA:38,4,1,4
BRDA:38,5,0,5
BRDA:38,5,1,3
BRF:12
BRH:10
end_of_record
TN:
SF:/Volumes/sites/monyl/src/components/form/InputField/index.js
FN:1,get
FNF:1
FNH:1
FNDA:25,get
DA:1,25
DA:3,3
LF:2
LH:2
BRF:0
BRH:0
end_of_record
TN:
SF:/Volumes/sites/monyl/src/components/form/InputField/styles.js
FNF:0
FNH:0
DA:1,4
DA:3,4
DA:5,4
DA:7,4
DA:23,4
LF:5
LH:5
BRF:0
BRH:0
end_of_record
TN:
SF:/Volumes/sites/monyl/src/components/header/CustomHeader/CustomHeader.js
FN:17,CustomHeader
FN:23,onPress
FNF:2
FNH:0
FNDA:0,CustomHeader
FNDA:0,onPress
DA:1,1
DA:3,1
DA:4,1
DA:5,1
DA:10,1
DA:17,1
DA:18,0
DA:19,0
DA:23,0
DA:36,1
DA:40,1
LF:11
LH:8
BRDA:22,0,0,0
BRDA:22,0,1,0
BRF:2
BRH:0
end_of_record
TN:
SF:/Volumes/sites/monyl/src/components/header/CustomHeader/index.js
FNF:0
FNH:0
DA:1,1
DA:3,1
DA:5,1
LF:3
LH:3
BRF:0
BRH:0
end_of_record
TN:
SF:/Volumes/sites/monyl/src/components/header/CustomHeader/styles.js
FNF:0
FNH:0
DA:1,1
DA:3,1
DA:9,1
LF:3
LH:3
BRF:0
BRH:0
end_of_record
TN:
SF:/Volumes/sites/monyl/src/components/header/HeaderBack/HeaderBack.js
FN:16,(anonymous_0)
FN:16,HeaderBack
FN:21,(anonymous_2)
FN:23,render
FNF:4
FNH:4
FNDA:3,(anonymous_0)
FNDA:3,HeaderBack
FNDA:1,(anonymous_2)
FNDA:3,render
DA:1,3
DA:3,3
DA:4,3
DA:9,3
DA:16,9
DA:22,1
DA:23,3
DA:26,3
DA:39,3
DA:42,3
LF:10
LH:10
BRF:0
BRH:0
end_of_record
TN:
SF:/Volumes/sites/monyl/src/components/header/HeaderBack/index.js
FN:1,get
FNF:1
FNH:1
FNDA:6,get
DA:1,6
DA:3,2
LF:2
LH:2
BRF:0
BRH:0
end_of_record
TN:
SF:/Volumes/sites/monyl/src/components/header/HeaderBack/styles.js
FNF:0
FNH:0
DA:1,3
DA:3,3
DA:5,3
LF:3
LH:3
BRF:0
BRH:0
end_of_record
TN:
SF:/Volumes/sites/monyl/src/components/menu/SideBar/SideBar.js
FN:24,SideBar
FN:34,onPress
FN:47,onPress
FNF:3
FNH:0
FNDA:0,SideBar
FNDA:0,onPress
FNDA:0,onPress
DA:1,0
DA:3,0
DA:4,0
DA:5,0
DA:7,0
DA:12,0
DA:14,0
DA:24,0
DA:25,0
DA:26,0
DA:35,0
DA:48,0
DA:63,0
LF:13
LH:0
BRF:0
BRH:0
end_of_record
TN:
SF:/Volumes/sites/monyl/src/components/menu/SideBar/index.js
FN:1,get
FNF:1
FNH:0
FNDA:0,get
DA:1,0
DA:3,0
LF:2
LH:0
BRF:0
BRH:0
end_of_record
TN:
SF:/Volumes/sites/monyl/src/components/menu/SideBar/styles.js
FNF:0
FNH:0
DA:1,0
DA:3,0
DA:5,0
DA:7,0
DA:27,0
LF:5
LH:0
BRDA:9,0,0,0
BRDA:9,0,1,0
BRDA:10,1,0,0
BRDA:10,1,1,0
BRDA:11,2,0,0
BRDA:11,2,1,0
BRDA:12,3,0,0
BRDA:12,3,1,0
BRDA:27,4,0,0
BRDA:27,4,1,0
BRF:10
BRH:0
end_of_record
TN:
SF:/Volumes/sites/monyl/src/reducers/index.js
FNF:0
FNH:0
DA:1,0
DA:3,0
DA:6,0
DA:12,0
DA:14,0
LF:5
LH:0
BRF:0
BRH:0
end_of_record
TN:
SF:/Volumes/sites/monyl/src/reducers/localesReducer.js
FN:8,updateLocale
FN:32,_default
FNF:2
FNH:1
FNDA:1,updateLocale
FNDA:0,_default
DA:1,1
DA:3,1
DA:6,1
DA:8,1
DA:9,1
DA:10,1
DA:16,1
DA:24,1
DA:25,1
DA:32,1
DA:33,0
DA:35,0
DA:41,0
DA:43,1
LF:14
LH:11
BRDA:32,0,0,0
BRDA:32,0,1,0
BRDA:32,1,0,0
BRDA:32,1,1,0
BRDA:32,2,0,0
BRDA:32,2,1,0
BRDA:33,3,0,0
BRDA:33,3,1,0
BRF:8
BRH:0
end_of_record
TN:
SF:/Volumes/sites/monyl/src/screens/Navigator.js
FN:18,contentComponent
FNF:1
FNH:0
FNDA:0,contentComponent
DA:1,0
DA:3,0
DA:4,0
DA:5,0
DA:6,0
DA:7,0
DA:8,0
DA:9,0
DA:10,0
DA:12,0
DA:18,0
DA:22,0
DA:38,0
LF:13
LH:0
BRF:0
BRH:0
end_of_record
TN:
SF:/Volumes/sites/monyl/src/screens/ForgotPassword/ForgotPassword.js
FN:23,(anonymous_0)
FN:23,ForgotPassword
FN:24,(anonymous_2)
FN:35,render
FNF:4
FNH:4
FNDA:1,(anonymous_0)
FNDA:3,ForgotPassword
FNDA:2,(anonymous_2)
FNDA:3,render
DA:1,1
DA:3,1
DA:4,1
DA:5,1
DA:8,1
DA:12,1
DA:13,1
DA:14,1
DA:15,1
DA:16,1
DA:23,9
DA:25,2
DA:26,1
DA:28,1
DA:35,3
DA:38,3
DA:63,1
DA:66,1
LF:18
LH:18
BRDA:25,0,0,1
BRDA:25,0,1,1
BRF:2
BRH:2
end_of_record
TN:
SF:/Volumes/sites/monyl/src/screens/ForgotPassword/ForgotPasswordContainer.js
FNF:0
FNH:0
DA:1,0
DA:3,0
DA:5,0
DA:7,0
LF:4
LH:0
BRF:0
BRH:0
end_of_record
TN:
SF:/Volumes/sites/monyl/src/screens/ForgotPassword/index.js
FN:1,get
FNF:1
FNH:0
FNDA:0,get
DA:1,0
DA:3,0
LF:2
LH:0
BRF:0
BRH:0
end_of_record
TN:
SF:/Volumes/sites/monyl/src/screens/ForgotPassword/styles.js
FNF:0
FNH:0
DA:1,1
DA:3,1
DA:10,1
LF:3
LH:3
BRF:0
BRH:0
end_of_record
TN:
SF:/Volumes/sites/monyl/src/screens/Home/Home.js
FN:32,(anonymous_0)
FN:32,Home
FN:32,render
FN:43,ref
FN:45,renderItem
FN:72,onPress
FN:76,onPress
FNF:7
FNH:4
FNDA:1,(anonymous_0)
FNDA:2,Home
FNDA:2,render
FNDA:0,ref
FNDA:1,renderItem
FNDA:0,onPress
FNDA:0,onPress
DA:1,1
DA:5,1
DA:6,1
DA:7,1
DA:24,1
DA:26,1
DA:32,2
DA:35,2
DA:36,2
DA:37,2
DA:43,0
DA:45,1
DA:72,0
DA:76,0
DA:84,1
DA:87,1
LF:16
LH:13
BRF:0
BRH:0
end_of_record
TN:
SF:/Volumes/sites/monyl/src/screens/Home/data.js
FNF:0
FNH:0
DA:1,1
DA:5,1
DA:7,1
DA:18,1
LF:4
LH:4
BRF:0
BRH:0
end_of_record
TN:
SF:/Volumes/sites/monyl/src/screens/Home/index.js
FN:1,get
FNF:1
FNH:0
FNDA:0,get
DA:1,0
DA:3,0
LF:2
LH:0
BRF:0
BRH:0
end_of_record
TN:
SF:/Volumes/sites/monyl/src/screens/Home/styles.js
FNF:0
FNH:0
DA:1,0
DA:3,0
DA:5,0
DA:18,0
LF:4
LH:0
BRF:0
BRH:0
end_of_record
TN:
SF:/Volumes/sites/monyl/src/screens/Initial/Initial.js
FN:23,(anonymous_0)
FN:23,Login
FN:24,(anonymous_2)
FN:28,(anonymous_3)
FN:32,(anonymous_4)
FN:34,render
FNF:6
FNH:6
FNDA:1,(anonymous_0)
FNDA:4,Login
FNDA:1,(anonymous_2)
FNDA:1,(anonymous_3)
FNDA:1,(anonymous_4)
FNDA:4,render
DA:1,1
DA:3,1
DA:5,1
DA:7,1
DA:12,1
DA:14,1
DA:15,1
DA:23,12
DA:25,1
DA:26,4
DA:29,1
DA:30,4
DA:33,1
DA:34,4
DA:37,4
DA:80,1
DA:83,1
LF:17
LH:17
BRF:0
BRH:0
end_of_record
TN:
SF:/Volumes/sites/monyl/src/screens/Initial/InitialContainer.js
FN:9,mapStateToProps
FNF:1
FNH:0
FNDA:0,mapStateToProps
DA:1,0
DA:3,0
DA:7,0
DA:9,0
DA:10,0
DA:11,0
DA:17,0
LF:7
LH:0
BRF:0
BRH:0
end_of_record
TN:
SF:/Volumes/sites/monyl/src/screens/Initial/index.js
FN:1,get
FNF:1
FNH:0
FNDA:0,get
DA:1,0
DA:3,0
LF:2
LH:0
BRF:0
BRH:0
end_of_record
TN:
SF:/Volumes/sites/monyl/src/screens/Initial/styles.js
FNF:0
FNH:0
DA:1,1
DA:3,1
DA:33,1
LF:3
LH:3
BRF:0
BRH:0
end_of_record
TN:
SF:/Volumes/sites/monyl/src/screens/Login/Login.js
FN:25,(anonymous_0)
FN:25,Login
FN:26,(anonymous_2)
FN:39,(anonymous_3)
FN:43,(anonymous_4)
FN:45,render
FNF:6
FNH:6
FNDA:1,(anonymous_0)
FNDA:5,Login
FNDA:2,(anonymous_2)
FNDA:1,(anonymous_3)
FNDA:1,(anonymous_4)
FNDA:5,render
DA:1,1
DA:3,1
DA:5,1
DA:6,1
DA:9,1
DA:13,1
DA:14,1
DA:15,1
DA:17,1
DA:25,15
DA:27,2
DA:28,1
DA:30,1
DA:37,5
DA:40,1
DA:41,5
DA:44,1
DA:45,5
DA:48,5
DA:49,5
DA:100,1
DA:103,1
LF:22
LH:22
BRDA:27,0,0,1
BRDA:27,0,1,1
BRF:2
BRH:2
end_of_record
TN:
SF:/Volumes/sites/monyl/src/screens/Login/LoginContainer.js
FNF:0
FNH:0
DA:1,0
DA:3,0
DA:5,0
DA:7,0
LF:4
LH:0
BRF:0
BRH:0
end_of_record
TN:
SF:/Volumes/sites/monyl/src/screens/Login/index.js
FN:1,get
FNF:1
FNH:0
FNDA:0,get
DA:1,0
DA:3,0
LF:2
LH:0
BRF:0
BRH:0
end_of_record
TN:
SF:/Volumes/sites/monyl/src/screens/Login/styles.js
FNF:0
FNH:0
DA:1,1
DA:3,1
DA:36,1
LF:3
LH:3
BRF:0
BRH:0
end_of_record
TN:
SF:/Volumes/sites/monyl/src/screens/SignUp/SignUp.js
FN:23,(anonymous_0)
FN:23,SignUp
FN:24,(anonymous_2)
FN:36,render
FNF:4
FNH:4
FNDA:1,(anonymous_0)
FNDA:3,SignUp
FNDA:2,(anonymous_2)
FNDA:3,render
DA:1,1
DA:3,1
DA:4,1
DA:5,1
DA:8,1
DA:12,1
DA:13,1
DA:14,1
DA:15,1
DA:16,1
DA:23,9
DA:25,2
DA:26,2
DA:27,1
DA:29,1
DA:36,3
DA:39,3
DA:41,3
DA:97,1
DA:100,1
LF:20
LH:20
BRDA:26,0,0,1
BRDA:26,0,1,1
BRF:2
BRH:2
end_of_record
TN:
SF:/Volumes/sites/monyl/src/screens/SignUp/SignUpContainer.js
FNF:0
FNH:0
DA:1,0
DA:3,0
DA:5,0
DA:7,0
LF:4
LH:0
BRF:0
BRH:0
end_of_record
TN:
SF:/Volumes/sites/monyl/src/screens/SignUp/index.js
FN:1,get
FNF:1
FNH:0
FNDA:0,get
DA:1,0
DA:3,0
LF:2
LH:0
BRF:0
BRH:0
end_of_record
TN:
SF:/Volumes/sites/monyl/src/screens/SignUp/styles.js
FNF:0
FNH:0
DA:1,1
DA:3,1
DA:13,1
LF:3
LH:3
BRF:0
BRH:0
end_of_record
TN:
SF:/Volumes/sites/monyl/src/screens/Walkthrough/Walkthrough.js
FN:23,(anonymous_0)
FN:23,Walkthrough
FN:23,render
FN:50,onPress
FN:69,onPress
FN:88,onPress
FNF:6
FNH:6
FNDA:1,(anonymous_0)
FNDA:4,Walkthrough
FNDA:4,render
FNDA:1,onPress
FNDA:1,onPress
FNDA:1,onPress
DA:1,1
DA:3,1
DA:4,1
DA:5,1
DA:8,1
DA:12,1
DA:14,1
DA:16,1
DA:17,1
DA:23,4
DA:25,4
DA:27,4
DA:50,1
DA:69,1
DA:88,1
DA:102,1
DA:105,1
LF:17
LH:17
BRDA:36,0,0,0
BRDA:36,0,1,4
BRDA:43,1,0,0
BRDA:43,1,1,4
BRDA:63,2,0,0
BRDA:63,2,1,4
BRDA:82,3,0,0
BRDA:82,3,1,4
BRF:8
BRH:4
end_of_record
TN:
SF:/Volumes/sites/monyl/src/screens/Walkthrough/index.js
FN:1,get
FNF:1
FNH:1
FNDA:4,get
DA:1,4
DA:3,1
LF:2
LH:2
BRF:0
BRH:0
end_of_record
TN:
SF:/Volumes/sites/monyl/src/screens/Walkthrough/styles.js
FNF:0
FNH:0
DA:1,1
DA:3,1
DA:5,1
DA:7,1
DA:8,1
DA:10,1
DA:77,1
LF:7
LH:7
BRF:0
BRH:0
end_of_record
TN:
SF:/Volumes/sites/monyl/src/utils/i18n/i18n.js
FNF:0
FNH:0
DA:1,7
DA:3,7
DA:5,7
DA:6,7
DA:8,7
DA:12,7
LF:6
LH:6
BRF:0
BRH:0
end_of_record
TN:
SF:/Volumes/sites/monyl/src/utils/i18n/index.js
FN:1,get
FNF:1
FNH:1
FNDA:82,get
DA:1,82
DA:3,7
LF:2
LH:2
BRF:0
BRH:0
end_of_record
TN:
SF:/Volumes/sites/monyl/src/utils/validator/index.js
FN:9,isEmpty
FN:13,required
FN:20,email
FN:45,url
FN:63,minLength
FN:64,(anonymous_5)
FN:72,maxLength
FN:73,(anonymous_7)
FN:81,equalWith
FN:82,(anonymous_9)
FN:97,alphaNumeric
FNF:11
FNH:10
FNDA:19,isEmpty
FNDA:5,required
FNDA:6,email
FNDA:7,url
FNDA:7,minLength
FNDA:4,(anonymous_5)
FNDA:4,maxLength
FNDA:4,(anonymous_7)
FNDA:3,equalWith
FNDA:3,(anonymous_9)
FNDA:0,alphaNumeric
DA:1,4
DA:7,4
DA:9,19
DA:14,5
DA:15,4
DA:17,1
DA:21,6
DA:25,5
DA:27,1
DA:46,7
DA:47,1
DA:51,6
DA:52,6
DA:64,7
DA:65,4
DA:66,1
DA:68,3
DA:73,4
DA:74,4
DA:75,1
DA:77,3
DA:82,3
DA:83,3
DA:84,2
DA:86,1
DA:98,0
DA:99,0
DA:101,0
LF:28
LH:25
BRDA:9,0,0,19
BRDA:9,0,1,17
BRDA:9,0,2,16
BRDA:14,1,0,4
BRDA:14,1,1,1
BRDA:21,2,0,5
BRDA:21,2,1,1
BRDA:22,3,0,6
BRDA:22,3,1,6
BRDA:46,4,0,1
BRDA:46,4,1,6
BRDA:52,5,0,5
BRDA:52,5,1,1
BRDA:65,6,0,1
BRDA:65,6,1,3
BRDA:65,7,0,4
BRDA:65,7,1,3
BRDA:74,8,0,1
BRDA:74,8,1,3
BRDA:74,9,0,4
BRDA:74,9,1,3
BRDA:83,10,0,2
BRDA:83,10,1,1
BRDA:84,11,0,2
BRDA:84,11,1,1
BRDA:98,12,0,0
BRDA:98,12,1,0
BRDA:98,13,0,0
BRDA:98,13,1,0
BRF:29
BRH:25
end_of_record
